[2025-01-06 00:22:17.768 -05:00  INF]  User profile is available. Using 'C:\Users\inbox\AppData\Local\ASP.NET\DataProtection-Keys' as key repository and Windows DPAPI to encrypt keys at rest.
[2025-01-06 00:22:18.111 -05:00  INF]  Now listening on: https://localhost:7106
[2025-01-06 00:22:18.111 -05:00  INF]  Now listening on: http://localhost:5081
[2025-01-06 00:22:18.114 -05:00  INF]  Application started. Press Ctrl+C to shut down.
[2025-01-06 00:22:18.114 -05:00  INF]  Hosting environment: Development
[2025-01-06 00:22:18.115 -05:00  INF]  Content root path: D:\Internship\StyleSphere\StyleSphereAPI\StyleSphereWebAPI\
[2025-01-06 00:22:19.501 -05:00  INF]  Request starting HTTP/2 GET https://localhost:7106/swagger/index.html - -
[2025-01-06 00:22:19.847 -05:00  INF]  Request finished HTTP/2 GET https://localhost:7106/swagger/index.html - - - 200 - text/html;charset=utf-8 357.4332ms
[2025-01-06 00:22:19.899 -05:00  INF]  Request starting HTTP/2 GET https://localhost:7106/_vs/browserLink - -
[2025-01-06 00:22:19.899 -05:00  INF]  Request starting HTTP/2 GET https://localhost:7106/_framework/aspnetcore-browser-refresh.js - -
[2025-01-06 00:22:19.905 -05:00  INF]  Request finished HTTP/2 GET https://localhost:7106/_framework/aspnetcore-browser-refresh.js - - - 200 13770 application/javascript;+charset=utf-8 6.2037ms
[2025-01-06 00:22:19.989 -05:00  INF]  Request finished HTTP/2 GET https://localhost:7106/_vs/browserLink - - - 200 - text/javascript;+charset=UTF-8 90.1604ms
[2025-01-06 00:22:20.029 -05:00  INF]  Request starting HTTP/2 GET https://localhost:7106/swagger/v1/swagger.json - -
[2025-01-06 00:22:20.194 -05:00  INF]  Request finished HTTP/2 GET https://localhost:7106/swagger/v1/swagger.json - - - 200 - application/json;charset=utf-8 164.7322ms
[2025-01-06 00:22:55.648 -05:00  INF]  Request starting HTTP/2 GET https://localhost:7106/api/User/VerifyUser?username=Ma%40j.com&password=Max123 - -
[2025-01-06 00:22:55.687 -05:00  INF]  Executing endpoint 'StyleSphereWebAPI.Controllers.UserController.VerifyUser (StyleSphereWebAPI)'
[2025-01-06 00:22:55.807 -05:00  INF]  Route matched with {action = "VerifyUser", controller = "User"}. Executing controller action with signature Microsoft.AspNetCore.Mvc.IActionResult VerifyUser(System.String, System.String) on controller StyleSphereWebAPI.Controllers.UserController (StyleSphereWebAPI).
[2025-01-06 00:23:17.453 -05:00  WRN]  No store type was specified for the decimal property 'SortOrder' on entity type 'AdminNavItem'. This will cause values to be silently truncated if they do not fit in the default precision and scale. Explicitly specify the SQL server column type that can accommodate all the values in 'OnModelCreating' using 'HasColumnType', specify precision and scale using 'HasPrecision', or configure a value converter using 'HasConversion'.
[2025-01-06 00:23:17.454 -05:00  WRN]  No store type was specified for the decimal property 'SortOrder' on entity type 'NavItem'. This will cause values to be silently truncated if they do not fit in the default precision and scale. Explicitly specify the SQL server column type that can accommodate all the values in 'OnModelCreating' using 'HasColumnType', specify precision and scale using 'HasPrecision', or configure a value converter using 'HasConversion'.
[2025-01-06 00:23:17.454 -05:00  WRN]  No store type was specified for the decimal property 'UnitPrice' on entity type 'Product'. This will cause values to be silently truncated if they do not fit in the default precision and scale. Explicitly specify the SQL server column type that can accommodate all the values in 'OnModelCreating' using 'HasColumnType', specify precision and scale using 'HasPrecision', or configure a value converter using 'HasConversion'.
[2025-01-06 00:23:18.021 -05:00  INF]  Entity Framework Core 6.0.36 initialized 'StyleSphereContext' using provider 'Microsoft.EntityFrameworkCore.SqlServer:6.0.36' with options: None
[2025-01-06 00:23:22.931 -05:00  INF]  Executed DbCommand (280ms) [Parameters=[@__username_0='?' (Size = 4000), @__password_1='?' (Size = 4000)], CommandType='"Text"', CommandTimeout='30']
SELECT TOP(1) [u].[Id], [u].[CreatedDate], [u].[Deleted], [u].[Email], [u].[Enabled], [u].[FirstName], [u].[LastName], [u].[ModifiedBy], [u].[ModifiedDate], [u].[Password], [u].[PasswordExpiryDate]
FROM [Users] AS [u]
WHERE ((([u].[Enabled] = CAST(1 AS bit)) AND ([u].[Deleted] = CAST(0 AS bit))) AND ([u].[Email] = @__username_0)) AND ([u].[Password] = @__password_1)
[2025-01-06 00:26:35.343 -05:00  INF]  User profile is available. Using 'C:\Users\inbox\AppData\Local\ASP.NET\DataProtection-Keys' as key repository and Windows DPAPI to encrypt keys at rest.
[2025-01-06 00:26:35.668 -05:00  INF]  Now listening on: https://localhost:7106
[2025-01-06 00:26:35.668 -05:00  INF]  Now listening on: http://localhost:5081
[2025-01-06 00:26:35.672 -05:00  INF]  Application started. Press Ctrl+C to shut down.
[2025-01-06 00:26:35.673 -05:00  INF]  Hosting environment: Development
[2025-01-06 00:26:35.673 -05:00  INF]  Content root path: D:\Internship\StyleSphere\StyleSphereAPI\StyleSphereWebAPI\
[2025-01-06 00:26:36.959 -05:00  INF]  Request starting HTTP/2 GET https://localhost:7106/swagger/index.html - -
[2025-01-06 00:26:37.361 -05:00  INF]  Request finished HTTP/2 GET https://localhost:7106/swagger/index.html - - - 200 - text/html;charset=utf-8 406.5811ms
[2025-01-06 00:26:37.429 -05:00  INF]  Request starting HTTP/2 GET https://localhost:7106/_vs/browserLink - -
[2025-01-06 00:26:37.429 -05:00  INF]  Request starting HTTP/2 GET https://localhost:7106/_framework/aspnetcore-browser-refresh.js - -
[2025-01-06 00:26:37.436 -05:00  INF]  Request finished HTTP/2 GET https://localhost:7106/_framework/aspnetcore-browser-refresh.js - - - 200 13770 application/javascript;+charset=utf-8 6.4764ms
[2025-01-06 00:26:37.527 -05:00  INF]  Request finished HTTP/2 GET https://localhost:7106/_vs/browserLink - - - 200 - text/javascript;+charset=UTF-8 97.4396ms
[2025-01-06 00:26:37.582 -05:00  INF]  Request starting HTTP/2 GET https://localhost:7106/swagger/v1/swagger.json - -
[2025-01-06 00:26:37.836 -05:00  INF]  Request finished HTTP/2 GET https://localhost:7106/swagger/v1/swagger.json - - - 200 - application/json;charset=utf-8 253.3257ms
[2025-01-06 00:27:12.275 -05:00  INF]  Request starting HTTP/2 GET https://localhost:7106/api/User/VerifyUser - -
[2025-01-06 00:27:12.314 -05:00  INF]  Executing endpoint 'StyleSphereWebAPI.Controllers.UserController.VerifyUser (StyleSphereWebAPI)'
[2025-01-06 00:27:12.407 -05:00  INF]  Route matched with {action = "VerifyUser", controller = "User"}. Executing controller action with signature Microsoft.AspNetCore.Mvc.IActionResult VerifyUser(System.String, System.String) on controller StyleSphereWebAPI.Controllers.UserController (StyleSphereWebAPI).
[2025-01-06 00:27:13.687 -05:00  INF]  Executing BadRequestObjectResult, writing value of type 'Microsoft.AspNetCore.Mvc.ValidationProblemDetails'.
[2025-01-06 00:27:13.713 -05:00  INF]  Executed action StyleSphereWebAPI.Controllers.UserController.VerifyUser (StyleSphereWebAPI) in 1288.4352ms
[2025-01-06 00:27:13.718 -05:00  INF]  Executed endpoint 'StyleSphereWebAPI.Controllers.UserController.VerifyUser (StyleSphereWebAPI)'
[2025-01-06 00:27:13.729 -05:00  INF]  Request finished HTTP/2 GET https://localhost:7106/api/User/VerifyUser - - - 400 - application/problem+json;+charset=utf-8 1453.7482ms
[2025-01-06 00:27:27.648 -05:00  INF]  Request starting HTTP/2 GET https://localhost:7106/api/User/VerifyUser?username=Ma%40j.com&password=Max123 - -
[2025-01-06 00:27:27.652 -05:00  INF]  Executing endpoint 'StyleSphereWebAPI.Controllers.UserController.VerifyUser (StyleSphereWebAPI)'
[2025-01-06 00:27:27.653 -05:00  INF]  Route matched with {action = "VerifyUser", controller = "User"}. Executing controller action with signature Microsoft.AspNetCore.Mvc.IActionResult VerifyUser(System.String, System.String) on controller StyleSphereWebAPI.Controllers.UserController (StyleSphereWebAPI).
[2025-01-06 00:27:34.647 -05:00  WRN]  No store type was specified for the decimal property 'SortOrder' on entity type 'AdminNavItem'. This will cause values to be silently truncated if they do not fit in the default precision and scale. Explicitly specify the SQL server column type that can accommodate all the values in 'OnModelCreating' using 'HasColumnType', specify precision and scale using 'HasPrecision', or configure a value converter using 'HasConversion'.
[2025-01-06 00:27:34.648 -05:00  WRN]  No store type was specified for the decimal property 'SortOrder' on entity type 'NavItem'. This will cause values to be silently truncated if they do not fit in the default precision and scale. Explicitly specify the SQL server column type that can accommodate all the values in 'OnModelCreating' using 'HasColumnType', specify precision and scale using 'HasPrecision', or configure a value converter using 'HasConversion'.
[2025-01-06 00:27:34.648 -05:00  WRN]  No store type was specified for the decimal property 'UnitPrice' on entity type 'Product'. This will cause values to be silently truncated if they do not fit in the default precision and scale. Explicitly specify the SQL server column type that can accommodate all the values in 'OnModelCreating' using 'HasColumnType', specify precision and scale using 'HasPrecision', or configure a value converter using 'HasConversion'.
[2025-01-06 00:27:36.156 -05:00  INF]  Entity Framework Core 6.0.36 initialized 'StyleSphereContext' using provider 'Microsoft.EntityFrameworkCore.SqlServer:6.0.36' with options: None
[2025-01-06 00:27:40.708 -05:00  INF]  Executed DbCommand (214ms) [Parameters=[@__username_0='?' (Size = 4000), @__password_1='?' (Size = 4000)], CommandType='"Text"', CommandTimeout='30']
SELECT TOP(1) [u].[Id], [u].[CreatedDate], [u].[Deleted], [u].[Email], [u].[Enabled], [u].[FirstName], [u].[LastName], [u].[ModifiedBy], [u].[ModifiedDate], [u].[Password], [u].[PasswordExpiryDate]
FROM [Users] AS [u]
WHERE ((([u].[Enabled] = CAST(1 AS bit)) AND ([u].[Deleted] = CAST(0 AS bit))) AND ([u].[Email] = @__username_0)) AND ([u].[Password] = @__password_1)
[2025-01-06 00:27:50.232 -05:00  INF]  Executing OkObjectResult, writing value of type 'StyleSphere.Models.ResponseModel'.
[2025-01-06 00:27:50.240 -05:00  INF]  Executed action StyleSphereWebAPI.Controllers.UserController.VerifyUser (StyleSphereWebAPI) in 22587.2101ms
[2025-01-06 00:27:50.240 -05:00  INF]  Executed endpoint 'StyleSphereWebAPI.Controllers.UserController.VerifyUser (StyleSphereWebAPI)'
[2025-01-06 00:27:50.300 -05:00  INF]  Request finished HTTP/2 GET https://localhost:7106/api/User/VerifyUser?username=Ma%40j.com&password=Max123 - - - 200 - application/json;+charset=utf-8 22652.3436ms
[2025-01-06 00:28:41.744 -05:00  INF]  Request starting HTTP/2 GET https://localhost:7106/swagger/index.html - -
[2025-01-06 00:28:41.805 -05:00  INF]  Request finished HTTP/2 GET https://localhost:7106/swagger/index.html - - - 200 - text/html;charset=utf-8 60.6561ms
[2025-01-06 00:28:41.836 -05:00  INF]  Request starting HTTP/2 GET https://localhost:7106/_framework/aspnetcore-browser-refresh.js - -
[2025-01-06 00:28:41.837 -05:00  INF]  Request starting HTTP/2 GET https://localhost:7106/_vs/browserLink - -
[2025-01-06 00:28:41.838 -05:00  INF]  Request finished HTTP/2 GET https://localhost:7106/_framework/aspnetcore-browser-refresh.js - - - 200 13770 application/javascript;+charset=utf-8 2.5915ms
[2025-01-06 00:28:41.882 -05:00  INF]  Request finished HTTP/2 GET https://localhost:7106/_vs/browserLink - - - 200 - text/javascript;+charset=UTF-8 45.5144ms
[2025-01-06 00:28:42.053 -05:00  INF]  Request starting HTTP/2 GET https://localhost:7106/swagger/v1/swagger.json - -
[2025-01-06 00:28:42.063 -05:00  INF]  Request finished HTTP/2 GET https://localhost:7106/swagger/v1/swagger.json - - - 200 - application/json;charset=utf-8 10.2677ms
[2025-01-06 00:28:50.876 -05:00  INF]  Request starting HTTP/2 GET https://localhost:7106/api/Products/GetAllProducts - -
[2025-01-06 00:28:50.917 -05:00  INF]  Authorization failed. These requirements were not met:
DenyAnonymousAuthorizationRequirement: Requires an authenticated user.
[2025-01-06 00:28:51.430 -05:00  INF]  AuthenticationScheme: Bearer was challenged.
[2025-01-06 00:28:51.434 -05:00  INF]  Request finished HTTP/2 GET https://localhost:7106/api/Products/GetAllProducts - - - 401 0 - 558.0432ms
[2025-01-06 00:31:02.471 -05:00  INF]  Request starting HTTP/2 GET https://localhost:7106/api/User/VerifyUser?username=Maj.com&password=Max123 - -
[2025-01-06 00:31:02.491 -05:00  INF]  Executing endpoint 'StyleSphereWebAPI.Controllers.UserController.VerifyUser (StyleSphereWebAPI)'
[2025-01-06 00:31:02.501 -05:00  INF]  Route matched with {action = "VerifyUser", controller = "User"}. Executing controller action with signature Microsoft.AspNetCore.Mvc.IActionResult VerifyUser(System.String, System.String) on controller StyleSphereWebAPI.Controllers.UserController (StyleSphereWebAPI).
[2025-01-06 00:31:05.160 -05:00  INF]  Entity Framework Core 6.0.36 initialized 'StyleSphereContext' using provider 'Microsoft.EntityFrameworkCore.SqlServer:6.0.36' with options: None
[2025-01-06 00:31:05.225 -05:00  INF]  Executed DbCommand (26ms) [Parameters=[@__username_0='?' (Size = 4000), @__password_1='?' (Size = 4000)], CommandType='"Text"', CommandTimeout='30']
SELECT TOP(1) [u].[Id], [u].[CreatedDate], [u].[Deleted], [u].[Email], [u].[Enabled], [u].[FirstName], [u].[LastName], [u].[ModifiedBy], [u].[ModifiedDate], [u].[Password], [u].[PasswordExpiryDate]
FROM [Users] AS [u]
WHERE ((([u].[Enabled] = CAST(1 AS bit)) AND ([u].[Deleted] = CAST(0 AS bit))) AND ([u].[Email] = @__username_0)) AND ([u].[Password] = @__password_1)
[2025-01-06 00:31:05.269 -05:00  ERR]  Value cannot be null. (Parameter 'value')
[2025-01-06 00:31:05.275 -05:00  INF]  Executing ObjectResult, writing value of type 'Microsoft.AspNetCore.Mvc.ProblemDetails'.
[2025-01-06 00:31:05.278 -05:00  INF]  Executed action StyleSphereWebAPI.Controllers.UserController.VerifyUser (StyleSphereWebAPI) in 2776.65ms
[2025-01-06 00:31:05.279 -05:00  INF]  Executed endpoint 'StyleSphereWebAPI.Controllers.UserController.VerifyUser (StyleSphereWebAPI)'
[2025-01-06 00:31:05.279 -05:00  INF]  Request finished HTTP/2 GET https://localhost:7106/api/User/VerifyUser?username=Maj.com&password=Max123 - - - 400 - application/problem+json;+charset=utf-8 2814.6980ms
[2025-01-06 00:31:30.943 -05:00  INF]  Request starting HTTP/2 GET https://localhost:7106/api/User/VerifyUser?username=Ma%40j.com&password=Max123 - -
[2025-01-06 00:31:30.943 -05:00  INF]  Executing endpoint 'StyleSphereWebAPI.Controllers.UserController.VerifyUser (StyleSphereWebAPI)'
[2025-01-06 00:31:30.943 -05:00  INF]  Route matched with {action = "VerifyUser", controller = "User"}. Executing controller action with signature Microsoft.AspNetCore.Mvc.IActionResult VerifyUser(System.String, System.String) on controller StyleSphereWebAPI.Controllers.UserController (StyleSphereWebAPI).
[2025-01-06 00:31:32.935 -05:00  INF]  Entity Framework Core 6.0.36 initialized 'StyleSphereContext' using provider 'Microsoft.EntityFrameworkCore.SqlServer:6.0.36' with options: None
[2025-01-06 00:31:32.957 -05:00  INF]  Executed DbCommand (6ms) [Parameters=[@__username_0='?' (Size = 4000), @__password_1='?' (Size = 4000)], CommandType='"Text"', CommandTimeout='30']
SELECT TOP(1) [u].[Id], [u].[CreatedDate], [u].[Deleted], [u].[Email], [u].[Enabled], [u].[FirstName], [u].[LastName], [u].[ModifiedBy], [u].[ModifiedDate], [u].[Password], [u].[PasswordExpiryDate]
FROM [Users] AS [u]
WHERE ((([u].[Enabled] = CAST(1 AS bit)) AND ([u].[Deleted] = CAST(0 AS bit))) AND ([u].[Email] = @__username_0)) AND ([u].[Password] = @__password_1)
[2025-01-06 00:31:32.959 -05:00  INF]  Executing OkObjectResult, writing value of type 'StyleSphere.Models.ResponseModel'.
[2025-01-06 00:31:32.961 -05:00  INF]  Executed action StyleSphereWebAPI.Controllers.UserController.VerifyUser (StyleSphereWebAPI) in 2017.991ms
[2025-01-06 00:31:32.961 -05:00  INF]  Executed endpoint 'StyleSphereWebAPI.Controllers.UserController.VerifyUser (StyleSphereWebAPI)'
[2025-01-06 00:31:32.962 -05:00  INF]  Request finished HTTP/2 GET https://localhost:7106/api/User/VerifyUser?username=Ma%40j.com&password=Max123 - - - 200 - application/json;+charset=utf-8 2018.8511ms
[2025-01-06 00:31:53.759 -05:00  INF]  Request starting HTTP/1.1 GET https://localhost:7106/api/Products/GetAllProducts - -
[2025-01-06 00:31:53.761 -05:00  INF]  Authorization failed. These requirements were not met:
DenyAnonymousAuthorizationRequirement: Requires an authenticated user.
[2025-01-06 00:31:54.218 -05:00  INF]  Failed to validate the token.
Microsoft.IdentityModel.Tokens.SecurityTokenInvalidAudienceException: IDX10208: Unable to validate audience. validationParameters.ValidAudience is null or whitespace and validationParameters.ValidAudiences is null.
   at Microsoft.IdentityModel.Tokens.Validators.ValidateAudience(IEnumerable`1 audiences, SecurityToken securityToken, TokenValidationParameters validationParameters)
   at System.IdentityModel.Tokens.Jwt.JwtSecurityTokenHandler.ValidateTokenPayload(JwtSecurityToken jwtToken, TokenValidationParameters validationParameters, BaseConfiguration configuration)
   at System.IdentityModel.Tokens.Jwt.JwtSecurityTokenHandler.ValidateJWS(String token, TokenValidationParameters validationParameters, BaseConfiguration currentConfiguration, SecurityToken& signatureValidatedToken, ExceptionDispatchInfo& exceptionThrown)
--- End of stack trace from previous location ---
   at System.IdentityModel.Tokens.Jwt.JwtSecurityTokenHandler.ValidateToken(String token, JwtSecurityToken outerToken, TokenValidationParameters validationParameters, SecurityToken& signatureValidatedToken)
   at System.IdentityModel.Tokens.Jwt.JwtSecurityTokenHandler.ValidateToken(String token, TokenValidationParameters validationParameters, SecurityToken& validatedToken)
   at Microsoft.AspNetCore.Authentication.JwtBearer.JwtBearerHandler.HandleAuthenticateAsync()
[2025-01-06 00:31:54.496 -05:00  INF]  AuthenticationScheme: Bearer was challenged.
[2025-01-06 00:31:54.500 -05:00  INF]  Request finished HTTP/1.1 GET https://localhost:7106/api/Products/GetAllProducts - - - 401 0 - 741.8094ms
[2025-01-06 00:32:49.426 -05:00  INF]  Request starting HTTP/2 GET https://localhost:7106/swagger/index.html - -
[2025-01-06 00:32:49.463 -05:00  INF]  Request finished HTTP/2 GET https://localhost:7106/swagger/index.html - - - 200 - text/html;charset=utf-8 37.0904ms
[2025-01-06 00:32:49.485 -05:00  INF]  Request starting HTTP/2 GET https://localhost:7106/_framework/aspnetcore-browser-refresh.js - -
[2025-01-06 00:32:49.486 -05:00  INF]  Request starting HTTP/2 GET https://localhost:7106/_vs/browserLink - -
[2025-01-06 00:32:49.486 -05:00  INF]  Request finished HTTP/2 GET https://localhost:7106/_framework/aspnetcore-browser-refresh.js - - - 200 13770 application/javascript;+charset=utf-8 0.9781ms
[2025-01-06 00:32:49.500 -05:00  INF]  Request finished HTTP/2 GET https://localhost:7106/_vs/browserLink - - - 200 - text/javascript;+charset=UTF-8 13.6577ms
[2025-01-06 00:32:49.658 -05:00  INF]  Request starting HTTP/2 GET https://localhost:7106/swagger/v1/swagger.json - -
[2025-01-06 00:32:49.663 -05:00  INF]  Request finished HTTP/2 GET https://localhost:7106/swagger/v1/swagger.json - - - 200 - application/json;charset=utf-8 4.8552ms
[2025-01-06 00:32:57.499 -05:00  INF]  Request starting HTTP/1.1 GET https://localhost:7106/api/Products/GetAllProducts - -
[2025-01-06 00:32:57.505 -05:00  INF]  Authorization failed. These requirements were not met:
DenyAnonymousAuthorizationRequirement: Requires an authenticated user.
[2025-01-06 00:32:57.526 -05:00  INF]  Failed to validate the token.
Microsoft.IdentityModel.Tokens.SecurityTokenInvalidAudienceException: IDX10208: Unable to validate audience. validationParameters.ValidAudience is null or whitespace and validationParameters.ValidAudiences is null.
   at Microsoft.IdentityModel.Tokens.Validators.ValidateAudience(IEnumerable`1 audiences, SecurityToken securityToken, TokenValidationParameters validationParameters)
   at System.IdentityModel.Tokens.Jwt.JwtSecurityTokenHandler.ValidateTokenPayload(JwtSecurityToken jwtToken, TokenValidationParameters validationParameters, BaseConfiguration configuration)
   at System.IdentityModel.Tokens.Jwt.JwtSecurityTokenHandler.ValidateJWS(String token, TokenValidationParameters validationParameters, BaseConfiguration currentConfiguration, SecurityToken& signatureValidatedToken, ExceptionDispatchInfo& exceptionThrown)
--- End of stack trace from previous location ---
   at System.IdentityModel.Tokens.Jwt.JwtSecurityTokenHandler.ValidateToken(String token, JwtSecurityToken outerToken, TokenValidationParameters validationParameters, SecurityToken& signatureValidatedToken)
   at System.IdentityModel.Tokens.Jwt.JwtSecurityTokenHandler.ValidateToken(String token, TokenValidationParameters validationParameters, SecurityToken& validatedToken)
   at Microsoft.AspNetCore.Authentication.JwtBearer.JwtBearerHandler.HandleAuthenticateAsync()
[2025-01-06 00:32:57.529 -05:00  INF]  AuthenticationScheme: Bearer was challenged.
[2025-01-06 00:32:57.530 -05:00  INF]  Request finished HTTP/1.1 GET https://localhost:7106/api/Products/GetAllProducts - - - 401 0 - 31.2444ms
[2025-01-06 09:57:55.727 -05:00  INF]  User profile is available. Using 'C:\Users\inbox\AppData\Local\ASP.NET\DataProtection-Keys' as key repository and Windows DPAPI to encrypt keys at rest.
[2025-01-06 09:57:56.227 -05:00  INF]  Now listening on: https://localhost:7106
[2025-01-06 09:57:56.228 -05:00  INF]  Now listening on: http://localhost:5081
[2025-01-06 09:57:56.231 -05:00  INF]  Application started. Press Ctrl+C to shut down.
[2025-01-06 09:57:56.231 -05:00  INF]  Hosting environment: Development
[2025-01-06 09:57:56.231 -05:00  INF]  Content root path: D:\Internship\StyleSphere\StyleSphereAPI\StyleSphereWebAPI\
[2025-01-06 09:57:57.697 -05:00  INF]  Request starting HTTP/2 GET https://localhost:7106/swagger/index.html - -
[2025-01-06 09:57:58.048 -05:00  INF]  Request finished HTTP/2 GET https://localhost:7106/swagger/index.html - - - 200 - text/html;charset=utf-8 355.1798ms
[2025-01-06 09:57:58.095 -05:00  INF]  Request starting HTTP/2 GET https://localhost:7106/_vs/browserLink - -
[2025-01-06 09:57:58.095 -05:00  INF]  Request starting HTTP/2 GET https://localhost:7106/_framework/aspnetcore-browser-refresh.js - -
[2025-01-06 09:57:58.102 -05:00  INF]  Request finished HTTP/2 GET https://localhost:7106/_framework/aspnetcore-browser-refresh.js - - - 200 13770 application/javascript;+charset=utf-8 7.1367ms
[2025-01-06 09:57:58.237 -05:00  INF]  Request finished HTTP/2 GET https://localhost:7106/_vs/browserLink - - - 200 - text/javascript;+charset=UTF-8 141.8976ms
[2025-01-06 09:57:58.270 -05:00  INF]  Request starting HTTP/2 GET https://localhost:7106/swagger/v1/swagger.json - -
[2025-01-06 09:57:58.419 -05:00  INF]  Request finished HTTP/2 GET https://localhost:7106/swagger/v1/swagger.json - - - 200 - application/json;charset=utf-8 148.9779ms
[2025-01-06 09:58:32.405 -05:00  INF]  Request starting HTTP/2 GET https://localhost:7106/api/User/VerifyUser?username=Ma%40j.com&password=Max123 - -
[2025-01-06 09:58:32.552 -05:00  INF]  Executing endpoint 'StyleSphereWebAPI.Controllers.UserController.VerifyUser (StyleSphereWebAPI)'
[2025-01-06 09:58:32.570 -05:00  INF]  Route matched with {action = "VerifyUser", controller = "User"}. Executing controller action with signature Microsoft.AspNetCore.Mvc.IActionResult VerifyUser(System.String, System.String) on controller StyleSphereWebAPI.Controllers.UserController (StyleSphereWebAPI).
[2025-01-06 09:58:36.090 -05:00  WRN]  No store type was specified for the decimal property 'SortOrder' on entity type 'AdminNavItem'. This will cause values to be silently truncated if they do not fit in the default precision and scale. Explicitly specify the SQL server column type that can accommodate all the values in 'OnModelCreating' using 'HasColumnType', specify precision and scale using 'HasPrecision', or configure a value converter using 'HasConversion'.
[2025-01-06 09:58:36.090 -05:00  WRN]  No store type was specified for the decimal property 'SortOrder' on entity type 'NavItem'. This will cause values to be silently truncated if they do not fit in the default precision and scale. Explicitly specify the SQL server column type that can accommodate all the values in 'OnModelCreating' using 'HasColumnType', specify precision and scale using 'HasPrecision', or configure a value converter using 'HasConversion'.
[2025-01-06 09:58:36.091 -05:00  WRN]  No store type was specified for the decimal property 'UnitPrice' on entity type 'Product'. This will cause values to be silently truncated if they do not fit in the default precision and scale. Explicitly specify the SQL server column type that can accommodate all the values in 'OnModelCreating' using 'HasColumnType', specify precision and scale using 'HasPrecision', or configure a value converter using 'HasConversion'.
[2025-01-06 09:58:36.241 -05:00  INF]  Entity Framework Core 6.0.36 initialized 'StyleSphereContext' using provider 'Microsoft.EntityFrameworkCore.SqlServer:6.0.36' with options: None
[2025-01-06 09:58:37.260 -05:00  INF]  Executed DbCommand (87ms) [Parameters=[@__username_0='?' (Size = 4000), @__password_1='?' (Size = 4000)], CommandType='"Text"', CommandTimeout='30']
SELECT TOP(1) [u].[Id], [u].[CreatedDate], [u].[Deleted], [u].[Email], [u].[Enabled], [u].[FirstName], [u].[LastName], [u].[ModifiedBy], [u].[ModifiedDate], [u].[Password], [u].[PasswordExpiryDate]
FROM [Users] AS [u]
WHERE ((([u].[Enabled] = CAST(1 AS bit)) AND ([u].[Deleted] = CAST(0 AS bit))) AND ([u].[Email] = @__username_0)) AND ([u].[Password] = @__password_1)
[2025-01-06 09:58:37.579 -05:00  INF]  Executing OkObjectResult, writing value of type 'StyleSphere.Models.ResponseModel'.
[2025-01-06 09:58:37.592 -05:00  INF]  Executed action StyleSphereWebAPI.Controllers.UserController.VerifyUser (StyleSphereWebAPI) in 5013.7231ms
[2025-01-06 09:58:37.593 -05:00  INF]  Executed endpoint 'StyleSphereWebAPI.Controllers.UserController.VerifyUser (StyleSphereWebAPI)'
[2025-01-06 09:58:37.605 -05:00  INF]  Request finished HTTP/2 GET https://localhost:7106/api/User/VerifyUser?username=Ma%40j.com&password=Max123 - - - 200 - application/json;+charset=utf-8 5199.8704ms
[2025-01-06 09:59:29.473 -05:00  INF]  Request starting HTTP/1.1 GET https://localhost:7106/api/Products/GetAllProducts - -
[2025-01-06 09:59:29.534 -05:00  INF]  Failed to validate the token.
Microsoft.IdentityModel.Tokens.SecurityTokenExpiredException: IDX10223: Lifetime validation failed. The token is expired. ValidTo (UTC): '06-01-2025 06:31:32', Current time (UTC): '06-01-2025 14:59:29'.
   at Microsoft.IdentityModel.Tokens.Validators.ValidateLifetime(Nullable`1 notBefore, Nullable`1 expires, SecurityToken securityToken, TokenValidationParameters validationParameters)
   at System.IdentityModel.Tokens.Jwt.JwtSecurityTokenHandler.ValidateTokenPayload(JwtSecurityToken jwtToken, TokenValidationParameters validationParameters, BaseConfiguration configuration)
   at System.IdentityModel.Tokens.Jwt.JwtSecurityTokenHandler.ValidateJWS(String token, TokenValidationParameters validationParameters, BaseConfiguration currentConfiguration, SecurityToken& signatureValidatedToken, ExceptionDispatchInfo& exceptionThrown)
--- End of stack trace from previous location ---
   at System.IdentityModel.Tokens.Jwt.JwtSecurityTokenHandler.ValidateToken(String token, JwtSecurityToken outerToken, TokenValidationParameters validationParameters, SecurityToken& signatureValidatedToken)
   at System.IdentityModel.Tokens.Jwt.JwtSecurityTokenHandler.ValidateToken(String token, TokenValidationParameters validationParameters, SecurityToken& validatedToken)
   at Microsoft.AspNetCore.Authentication.JwtBearer.JwtBearerHandler.HandleAuthenticateAsync()
[2025-01-06 09:59:29.593 -05:00  INF]  Bearer was not authenticated. Failure message: IDX10223: Lifetime validation failed. The token is expired. ValidTo (UTC): '06-01-2025 06:31:32', Current time (UTC): '06-01-2025 14:59:29'.
[2025-01-06 09:59:29.597 -05:00  INF]  Authorization failed. These requirements were not met:
DenyAnonymousAuthorizationRequirement: Requires an authenticated user.
[2025-01-06 09:59:29.604 -05:00  INF]  AuthenticationScheme: Bearer was challenged.
[2025-01-06 09:59:29.604 -05:00  INF]  Request finished HTTP/1.1 GET https://localhost:7106/api/Products/GetAllProducts - - - 401 0 - 131.2056ms
[2025-01-06 09:59:51.305 -05:00  INF]  Request starting HTTP/2 GET https://localhost:7106/swagger/index.html - -
[2025-01-06 09:59:51.326 -05:00  INF]  Request finished HTTP/2 GET https://localhost:7106/swagger/index.html - - - 200 - text/html;charset=utf-8 21.1365ms
[2025-01-06 09:59:51.347 -05:00  INF]  Request starting HTTP/2 GET https://localhost:7106/_framework/aspnetcore-browser-refresh.js - -
[2025-01-06 09:59:51.347 -05:00  INF]  Request starting HTTP/2 GET https://localhost:7106/_vs/browserLink - -
[2025-01-06 09:59:51.347 -05:00  INF]  Request finished HTTP/2 GET https://localhost:7106/_framework/aspnetcore-browser-refresh.js - - - 200 13770 application/javascript;+charset=utf-8 0.7374ms
[2025-01-06 09:59:51.357 -05:00  INF]  Request finished HTTP/2 GET https://localhost:7106/_vs/browserLink - - - 200 - text/javascript;+charset=UTF-8 10.2936ms
[2025-01-06 09:59:51.527 -05:00  INF]  Request starting HTTP/2 GET https://localhost:7106/swagger/v1/swagger.json - -
[2025-01-06 09:59:51.531 -05:00  INF]  Request finished HTTP/2 GET https://localhost:7106/swagger/v1/swagger.json - - - 200 - application/json;charset=utf-8 3.7315ms
[2025-01-06 09:59:58.676 -05:00  INF]  Request starting HTTP/1.1 GET https://localhost:7106/api/Products/GetAllProducts - -
[2025-01-06 09:59:58.678 -05:00  INF]  Failed to validate the token.
Microsoft.IdentityModel.Tokens.SecurityTokenExpiredException: IDX10223: Lifetime validation failed. The token is expired. ValidTo (UTC): '06-01-2025 06:31:32', Current time (UTC): '06-01-2025 14:59:58'.
   at Microsoft.IdentityModel.Tokens.Validators.ValidateLifetime(Nullable`1 notBefore, Nullable`1 expires, SecurityToken securityToken, TokenValidationParameters validationParameters)
   at System.IdentityModel.Tokens.Jwt.JwtSecurityTokenHandler.ValidateTokenPayload(JwtSecurityToken jwtToken, TokenValidationParameters validationParameters, BaseConfiguration configuration)
   at System.IdentityModel.Tokens.Jwt.JwtSecurityTokenHandler.ValidateJWS(String token, TokenValidationParameters validationParameters, BaseConfiguration currentConfiguration, SecurityToken& signatureValidatedToken, ExceptionDispatchInfo& exceptionThrown)
--- End of stack trace from previous location ---
   at System.IdentityModel.Tokens.Jwt.JwtSecurityTokenHandler.ValidateToken(String token, JwtSecurityToken outerToken, TokenValidationParameters validationParameters, SecurityToken& signatureValidatedToken)
   at System.IdentityModel.Tokens.Jwt.JwtSecurityTokenHandler.ValidateToken(String token, TokenValidationParameters validationParameters, SecurityToken& validatedToken)
   at Microsoft.AspNetCore.Authentication.JwtBearer.JwtBearerHandler.HandleAuthenticateAsync()
[2025-01-06 09:59:58.678 -05:00  INF]  Bearer was not authenticated. Failure message: IDX10223: Lifetime validation failed. The token is expired. ValidTo (UTC): '06-01-2025 06:31:32', Current time (UTC): '06-01-2025 14:59:58'.
[2025-01-06 09:59:58.678 -05:00  INF]  Executing endpoint 'StyleSphereWebAPI.Controllers.ProductsController.GetAllProducts (StyleSphereWebAPI)'
[2025-01-06 09:59:58.680 -05:00  INF]  Route matched with {action = "GetAllProducts", controller = "Products"}. Executing controller action with signature Microsoft.AspNetCore.Mvc.IActionResult GetAllProducts() on controller StyleSphereWebAPI.Controllers.ProductsController (StyleSphereWebAPI).
[2025-01-06 10:00:09.118 -05:00  ERR]  The method or operation is not implemented.
[2025-01-06 10:00:09.125 -05:00  INF]  Executing ObjectResult, writing value of type 'Microsoft.AspNetCore.Mvc.ProblemDetails'.
[2025-01-06 10:00:09.126 -05:00  INF]  Executed action StyleSphereWebAPI.Controllers.ProductsController.GetAllProducts (StyleSphereWebAPI) in 10445.844ms
[2025-01-06 10:00:09.126 -05:00  INF]  Executed endpoint 'StyleSphereWebAPI.Controllers.ProductsController.GetAllProducts (StyleSphereWebAPI)'
[2025-01-06 10:00:09.126 -05:00  INF]  Request finished HTTP/1.1 GET https://localhost:7106/api/Products/GetAllProducts - - - 400 - application/problem+json;+charset=utf-8 10449.8921ms
[2025-01-06 10:00:45.385 -05:00  INF]  Request starting HTTP/2 GET https://localhost:7106/swagger/index.html - -
[2025-01-06 10:00:45.417 -05:00  INF]  Request finished HTTP/2 GET https://localhost:7106/swagger/index.html - - - 200 - text/html;charset=utf-8 32.1660ms
[2025-01-06 10:00:45.435 -05:00  INF]  Request starting HTTP/2 GET https://localhost:7106/_framework/aspnetcore-browser-refresh.js - -
[2025-01-06 10:00:45.435 -05:00  INF]  Request starting HTTP/2 GET https://localhost:7106/_vs/browserLink - -
[2025-01-06 10:00:45.436 -05:00  INF]  Request finished HTTP/2 GET https://localhost:7106/_framework/aspnetcore-browser-refresh.js - - - 200 13770 application/javascript;+charset=utf-8 0.8842ms
[2025-01-06 10:00:45.468 -05:00  INF]  Request finished HTTP/2 GET https://localhost:7106/_vs/browserLink - - - 200 - text/javascript;+charset=UTF-8 32.2769ms
[2025-01-06 10:00:45.609 -05:00  INF]  Request starting HTTP/2 GET https://localhost:7106/swagger/v1/swagger.json - -
[2025-01-06 10:00:45.611 -05:00  INF]  Request finished HTTP/2 GET https://localhost:7106/swagger/v1/swagger.json - - - 200 - application/json;charset=utf-8 2.9266ms
[2025-01-06 10:06:02.931 -05:00  INF]  Request starting HTTP/2 GET https://localhost:7106/swagger/index.html - -
[2025-01-06 10:06:02.951 -05:00  INF]  Request finished HTTP/2 GET https://localhost:7106/swagger/index.html - - - 200 - text/html;charset=utf-8 19.3986ms
[2025-01-06 10:06:02.975 -05:00  INF]  Request starting HTTP/2 GET https://localhost:7106/_framework/aspnetcore-browser-refresh.js - -
[2025-01-06 10:06:02.976 -05:00  INF]  Request starting HTTP/2 GET https://localhost:7106/_vs/browserLink - -
[2025-01-06 10:06:02.977 -05:00  INF]  Request finished HTTP/2 GET https://localhost:7106/_framework/aspnetcore-browser-refresh.js - - - 200 13770 application/javascript;+charset=utf-8 2.0877ms
[2025-01-06 10:06:02.988 -05:00  INF]  Request finished HTTP/2 GET https://localhost:7106/_vs/browserLink - - - 200 - text/javascript;+charset=UTF-8 12.1383ms
[2025-01-06 10:06:03.166 -05:00  INF]  Request starting HTTP/2 GET https://localhost:7106/swagger/v1/swagger.json - -
[2025-01-06 10:06:03.168 -05:00  INF]  Request finished HTTP/2 GET https://localhost:7106/swagger/v1/swagger.json - - - 200 - application/json;charset=utf-8 2.4830ms
[2025-01-06 10:06:08.979 -05:00  INF]  Request starting HTTP/2 GET https://localhost:7106/api/NavItems/GetAllNavItems - -
[2025-01-06 10:06:08.989 -05:00  INF]  CORS policy execution successful.
[2025-01-06 10:06:08.990 -05:00  INF]  Executing endpoint 'StyleSphereWebAPI.Controllers.NavItemsController.GetAllNavItems (StyleSphereWebAPI)'
[2025-01-06 10:06:08.991 -05:00  INF]  Route matched with {action = "GetAllNavItems", controller = "NavItems"}. Executing controller action with signature Microsoft.AspNetCore.Mvc.IActionResult GetAllNavItems() on controller StyleSphereWebAPI.Controllers.NavItemsController (StyleSphereWebAPI).
[2025-01-06 10:06:09.029 -05:00  INF]  Entity Framework Core 6.0.36 initialized 'StyleSphereContext' using provider 'Microsoft.EntityFrameworkCore.SqlServer:6.0.36' with options: None
[2025-01-06 10:06:09.099 -05:00  INF]  Executed DbCommand (17ms) [Parameters=[], CommandType='"Text"', CommandTimeout='30']
SELECT [n].[Id], [n].[Name], [n].[Url], [n].[icon] AS [Icon], [n].[SortOrder]
FROM [NavItems] AS [n]
WHERE [n].[Enabled] = CAST(1 AS bit)
ORDER BY [n].[SortOrder]
[2025-01-06 10:06:09.102 -05:00  INF]  Executing OkObjectResult, writing value of type 'StyleSphere.Models.ResponseModel'.
[2025-01-06 10:06:09.113 -05:00  INF]  Executed action StyleSphereWebAPI.Controllers.NavItemsController.GetAllNavItems (StyleSphereWebAPI) in 122.0791ms
[2025-01-06 10:06:09.113 -05:00  INF]  Executed endpoint 'StyleSphereWebAPI.Controllers.NavItemsController.GetAllNavItems (StyleSphereWebAPI)'
[2025-01-06 10:06:09.113 -05:00  INF]  Request finished HTTP/2 GET https://localhost:7106/api/NavItems/GetAllNavItems - - - 200 - application/json;+charset=utf-8 134.4149ms
[2025-01-06 10:06:14.410 -05:00  INF]  Request starting HTTP/2 GET https://localhost:7106/api/NavItems/GetAdminNavItems - -
[2025-01-06 10:06:14.413 -05:00  INF]  CORS policy execution successful.
[2025-01-06 10:06:14.414 -05:00  INF]  Executing endpoint 'StyleSphereWebAPI.Controllers.NavItemsController.GetAdminNavItems (StyleSphereWebAPI)'
[2025-01-06 10:06:14.415 -05:00  INF]  Route matched with {action = "GetAdminNavItems", controller = "NavItems"}. Executing controller action with signature Microsoft.AspNetCore.Mvc.IActionResult GetAdminNavItems() on controller StyleSphereWebAPI.Controllers.NavItemsController (StyleSphereWebAPI).
[2025-01-06 10:06:14.453 -05:00  INF]  Entity Framework Core 6.0.36 initialized 'StyleSphereContext' using provider 'Microsoft.EntityFrameworkCore.SqlServer:6.0.36' with options: None
[2025-01-06 10:06:14.453 -05:00  INF]  Executing OkObjectResult, writing value of type 'StyleSphere.Models.ResponseModel'.
[2025-01-06 10:06:14.524 -05:00  INF]  Executed DbCommand (44ms) [Parameters=[], CommandType='"Text"', CommandTimeout='30']
SELECT [a].[Id], [a].[Name], [a].[Url], [a].[Icon], [a].[SortOrder]
FROM [AdminNavItems] AS [a]
WHERE [a].[Enabled] = CAST(1 AS bit)
ORDER BY [a].[SortOrder]
[2025-01-06 10:06:14.546 -05:00  INF]  Executed action StyleSphereWebAPI.Controllers.NavItemsController.GetAdminNavItems (StyleSphereWebAPI) in 130.4579ms
[2025-01-06 10:06:14.546 -05:00  INF]  Executed endpoint 'StyleSphereWebAPI.Controllers.NavItemsController.GetAdminNavItems (StyleSphereWebAPI)'
[2025-01-06 10:06:14.549 -05:00  INF]  Request finished HTTP/2 GET https://localhost:7106/api/NavItems/GetAdminNavItems - - - 200 - application/json;+charset=utf-8 139.4655ms
[2025-01-06 10:06:17.694 -05:00  INF]  Request starting HTTP/2 GET https://localhost:7106/api/NavItems/GetAdminNavItems - -
[2025-01-06 10:06:17.694 -05:00  INF]  CORS policy execution successful.
[2025-01-06 10:06:17.694 -05:00  INF]  Executing endpoint 'StyleSphereWebAPI.Controllers.NavItemsController.GetAdminNavItems (StyleSphereWebAPI)'
[2025-01-06 10:06:17.694 -05:00  INF]  Route matched with {action = "GetAdminNavItems", controller = "NavItems"}. Executing controller action with signature Microsoft.AspNetCore.Mvc.IActionResult GetAdminNavItems() on controller StyleSphereWebAPI.Controllers.NavItemsController (StyleSphereWebAPI).
[2025-01-06 10:06:17.698 -05:00  INF]  Entity Framework Core 6.0.36 initialized 'StyleSphereContext' using provider 'Microsoft.EntityFrameworkCore.SqlServer:6.0.36' with options: None
[2025-01-06 10:06:17.699 -05:00  INF]  Executing OkObjectResult, writing value of type 'StyleSphere.Models.ResponseModel'.
[2025-01-06 10:06:17.708 -05:00  INF]  Executed DbCommand (2ms) [Parameters=[], CommandType='"Text"', CommandTimeout='30']
SELECT [a].[Id], [a].[Name], [a].[Url], [a].[Icon], [a].[SortOrder]
FROM [AdminNavItems] AS [a]
WHERE [a].[Enabled] = CAST(1 AS bit)
ORDER BY [a].[SortOrder]
[2025-01-06 10:06:17.709 -05:00  INF]  Executed action StyleSphereWebAPI.Controllers.NavItemsController.GetAdminNavItems (StyleSphereWebAPI) in 14.9359ms
[2025-01-06 10:06:17.709 -05:00  INF]  Executed endpoint 'StyleSphereWebAPI.Controllers.NavItemsController.GetAdminNavItems (StyleSphereWebAPI)'
[2025-01-06 10:06:17.710 -05:00  INF]  Request finished HTTP/2 GET https://localhost:7106/api/NavItems/GetAdminNavItems - - - 200 - application/json;+charset=utf-8 16.1475ms
[2025-01-06 10:06:46.184 -05:00  INF]  Request starting HTTP/2 GET https://localhost:7106/api/NavItems/GetAllNavItems - -
[2025-01-06 10:06:46.184 -05:00  INF]  CORS policy execution successful.
[2025-01-06 10:06:46.184 -05:00  INF]  Executing endpoint 'StyleSphereWebAPI.Controllers.NavItemsController.GetAllNavItems (StyleSphereWebAPI)'
[2025-01-06 10:06:46.184 -05:00  INF]  Route matched with {action = "GetAllNavItems", controller = "NavItems"}. Executing controller action with signature Microsoft.AspNetCore.Mvc.IActionResult GetAllNavItems() on controller StyleSphereWebAPI.Controllers.NavItemsController (StyleSphereWebAPI).
[2025-01-06 10:06:46.185 -05:00  INF]  Entity Framework Core 6.0.36 initialized 'StyleSphereContext' using provider 'Microsoft.EntityFrameworkCore.SqlServer:6.0.36' with options: None
[2025-01-06 10:06:46.200 -05:00  INF]  Executed DbCommand (15ms) [Parameters=[], CommandType='"Text"', CommandTimeout='30']
SELECT [n].[Id], [n].[Name], [n].[Url], [n].[icon] AS [Icon], [n].[SortOrder]
FROM [NavItems] AS [n]
WHERE [n].[Enabled] = CAST(1 AS bit)
ORDER BY [n].[SortOrder]
[2025-01-06 10:06:46.201 -05:00  INF]  Executing OkObjectResult, writing value of type 'StyleSphere.Models.ResponseModel'.
[2025-01-06 10:06:46.201 -05:00  INF]  Executed action StyleSphereWebAPI.Controllers.NavItemsController.GetAllNavItems (StyleSphereWebAPI) in 16.3648ms
[2025-01-06 10:06:46.201 -05:00  INF]  Executed endpoint 'StyleSphereWebAPI.Controllers.NavItemsController.GetAllNavItems (StyleSphereWebAPI)'
[2025-01-06 10:06:46.201 -05:00  INF]  Request finished HTTP/2 GET https://localhost:7106/api/NavItems/GetAllNavItems - - - 200 - application/json;+charset=utf-8 17.7354ms
[2025-01-06 11:34:08.930 -05:00  INF]  User profile is available. Using 'C:\Users\inbox\AppData\Local\ASP.NET\DataProtection-Keys' as key repository and Windows DPAPI to encrypt keys at rest.
[2025-01-06 11:34:09.412 -05:00  INF]  Now listening on: https://localhost:7106
[2025-01-06 11:34:09.412 -05:00  INF]  Now listening on: http://localhost:5081
[2025-01-06 11:34:09.415 -05:00  INF]  Application started. Press Ctrl+C to shut down.
[2025-01-06 11:34:09.415 -05:00  INF]  Hosting environment: Development
[2025-01-06 11:34:09.415 -05:00  INF]  Content root path: D:\Internship\StyleSphere\StyleSphereAPI\StyleSphereWebAPI\
[2025-01-06 11:34:11.568 -05:00  INF]  Request starting HTTP/2 GET https://localhost:7106/swagger/index.html - -
[2025-01-06 11:34:12.030 -05:00  INF]  Request finished HTTP/2 GET https://localhost:7106/swagger/index.html - - - 200 - text/html;charset=utf-8 469.2443ms
[2025-01-06 11:34:12.089 -05:00  INF]  Request starting HTTP/2 GET https://localhost:7106/_vs/browserLink - -
[2025-01-06 11:34:12.089 -05:00  INF]  Request starting HTTP/2 GET https://localhost:7106/_framework/aspnetcore-browser-refresh.js - -
[2025-01-06 11:34:12.098 -05:00  INF]  Request finished HTTP/2 GET https://localhost:7106/_framework/aspnetcore-browser-refresh.js - - - 200 13770 application/javascript;+charset=utf-8 8.4307ms
[2025-01-06 11:34:12.221 -05:00  INF]  Request finished HTTP/2 GET https://localhost:7106/_vs/browserLink - - - 200 - text/javascript;+charset=UTF-8 132.1925ms
[2025-01-06 11:34:12.272 -05:00  INF]  Request starting HTTP/2 GET https://localhost:7106/swagger/v1/swagger.json - -
[2025-01-06 11:34:12.455 -05:00  INF]  Request finished HTTP/2 GET https://localhost:7106/swagger/v1/swagger.json - - - 200 - application/json;charset=utf-8 182.5413ms
[2025-01-06 11:34:20.893 -05:00  INF]  Request starting HTTP/2 GET https://localhost:7106/api/Products/GetAllProducts - -
[2025-01-06 11:34:24.227 -05:00  INF]  Authorization failed. These requirements were not met:
DenyAnonymousAuthorizationRequirement: Requires an authenticated user.
[2025-01-06 11:34:24.235 -05:00  INF]  AuthenticationScheme: Bearer was challenged.
[2025-01-06 11:34:24.236 -05:00  INF]  Request finished HTTP/2 GET https://localhost:7106/api/Products/GetAllProducts - - - 401 0 - 3343.2999ms
[2025-01-06 11:36:00.305 -05:00  INF]  Request starting HTTP/2 GET https://localhost:7106/api/User/VerifyUser?username=Ma%40j.com&password=Max123 - -
[2025-01-06 11:36:00.354 -05:00  INF]  Executing endpoint 'StyleSphereWebAPI.Controllers.UserController.VerifyUser (StyleSphereWebAPI)'
[2025-01-06 11:36:00.374 -05:00  INF]  Route matched with {action = "VerifyUser", controller = "User"}. Executing controller action with signature Microsoft.AspNetCore.Mvc.IActionResult VerifyUser(System.String, System.String) on controller StyleSphereWebAPI.Controllers.UserController (StyleSphereWebAPI).
[2025-01-06 11:36:05.585 -05:00  WRN]  No store type was specified for the decimal property 'SortOrder' on entity type 'AdminNavItem'. This will cause values to be silently truncated if they do not fit in the default precision and scale. Explicitly specify the SQL server column type that can accommodate all the values in 'OnModelCreating' using 'HasColumnType', specify precision and scale using 'HasPrecision', or configure a value converter using 'HasConversion'.
[2025-01-06 11:36:05.585 -05:00  WRN]  No store type was specified for the decimal property 'SortOrder' on entity type 'NavItem'. This will cause values to be silently truncated if they do not fit in the default precision and scale. Explicitly specify the SQL server column type that can accommodate all the values in 'OnModelCreating' using 'HasColumnType', specify precision and scale using 'HasPrecision', or configure a value converter using 'HasConversion'.
[2025-01-06 11:36:05.585 -05:00  WRN]  No store type was specified for the decimal property 'UnitPrice' on entity type 'Product'. This will cause values to be silently truncated if they do not fit in the default precision and scale. Explicitly specify the SQL server column type that can accommodate all the values in 'OnModelCreating' using 'HasColumnType', specify precision and scale using 'HasPrecision', or configure a value converter using 'HasConversion'.
[2025-01-06 11:36:05.776 -05:00  INF]  Entity Framework Core 6.0.36 initialized 'StyleSphereContext' using provider 'Microsoft.EntityFrameworkCore.SqlServer:6.0.36' with options: None
[2025-01-06 11:36:08.206 -05:00  INF]  Executed DbCommand (122ms) [Parameters=[@__username_0='?' (Size = 4000), @__password_1='?' (Size = 4000)], CommandType='"Text"', CommandTimeout='30']
SELECT TOP(1) [u].[Id], [u].[CreatedDate], [u].[Deleted], [u].[Email], [u].[Enabled], [u].[FirstName], [u].[LastName], [u].[ModifiedBy], [u].[ModifiedDate], [u].[Password], [u].[PasswordExpiryDate]
FROM [Users] AS [u]
WHERE ((([u].[Enabled] = CAST(1 AS bit)) AND ([u].[Deleted] = CAST(0 AS bit))) AND ([u].[Email] = @__username_0)) AND ([u].[Password] = @__password_1)
[2025-01-06 11:36:08.577 -05:00  INF]  Executing OkObjectResult, writing value of type 'StyleSphere.Models.ResponseModel'.
[2025-01-06 11:36:08.587 -05:00  INF]  Executed action StyleSphereWebAPI.Controllers.UserController.VerifyUser (StyleSphereWebAPI) in 8206.3262ms
[2025-01-06 11:36:08.588 -05:00  INF]  Executed endpoint 'StyleSphereWebAPI.Controllers.UserController.VerifyUser (StyleSphereWebAPI)'
[2025-01-06 11:36:08.598 -05:00  INF]  Request finished HTTP/2 GET https://localhost:7106/api/User/VerifyUser?username=Ma%40j.com&password=Max123 - - - 200 - application/json;+charset=utf-8 8293.0044ms
[2025-01-06 11:37:10.227 -05:00  INF]  Request starting HTTP/1.1 GET https://localhost:7106/api/Products/GetAllProducts - -
[2025-01-06 11:37:10.282 -05:00  INF]  Failed to validate the token.
Microsoft.IdentityModel.Tokens.SecurityTokenSignatureKeyNotFoundException: IDX10503: Signature validation failed. Token does not have a kid. Keys tried: '[PII of type 'System.Text.StringBuilder' is hidden. For more details, see https://aka.ms/IdentityModel/PII.]'. Number of keys in TokenValidationParameters: '1'. 
Number of keys in Configuration: '0'. 
Exceptions caught:
 '[PII of type 'System.Text.StringBuilder' is hidden. For more details, see https://aka.ms/IdentityModel/PII.]'.
token: '[PII of type 'System.IdentityModel.Tokens.Jwt.JwtSecurityToken' is hidden. For more details, see https://aka.ms/IdentityModel/PII.]'. See https://aka.ms/IDX10503 for details.
   at System.IdentityModel.Tokens.Jwt.JwtSecurityTokenHandler.ValidateSignature(String token, JwtSecurityToken jwtToken, TokenValidationParameters validationParameters, BaseConfiguration configuration)
   at System.IdentityModel.Tokens.Jwt.JwtSecurityTokenHandler.ValidateSignatureAndIssuerSecurityKey(String token, JwtSecurityToken jwtToken, TokenValidationParameters validationParameters, BaseConfiguration configuration)
   at System.IdentityModel.Tokens.Jwt.JwtSecurityTokenHandler.ValidateJWS(String token, TokenValidationParameters validationParameters, BaseConfiguration currentConfiguration, SecurityToken& signatureValidatedToken, ExceptionDispatchInfo& exceptionThrown)
--- End of stack trace from previous location ---
   at System.IdentityModel.Tokens.Jwt.JwtSecurityTokenHandler.ValidateToken(String token, JwtSecurityToken outerToken, TokenValidationParameters validationParameters, SecurityToken& signatureValidatedToken)
   at System.IdentityModel.Tokens.Jwt.JwtSecurityTokenHandler.ValidateToken(String token, TokenValidationParameters validationParameters, SecurityToken& validatedToken)
   at Microsoft.AspNetCore.Authentication.JwtBearer.JwtBearerHandler.HandleAuthenticateAsync()
[2025-01-06 11:37:10.354 -05:00  INF]  Bearer was not authenticated. Failure message: IDX10503: Signature validation failed. Token does not have a kid. Keys tried: '[PII of type 'System.Text.StringBuilder' is hidden. For more details, see https://aka.ms/IdentityModel/PII.]'. Number of keys in TokenValidationParameters: '1'. 
Number of keys in Configuration: '0'. 
Exceptions caught:
 '[PII of type 'System.Text.StringBuilder' is hidden. For more details, see https://aka.ms/IdentityModel/PII.]'.
token: '[PII of type 'System.IdentityModel.Tokens.Jwt.JwtSecurityToken' is hidden. For more details, see https://aka.ms/IdentityModel/PII.]'. See https://aka.ms/IDX10503 for details.
[2025-01-06 11:37:10.355 -05:00  INF]  Authorization failed. These requirements were not met:
DenyAnonymousAuthorizationRequirement: Requires an authenticated user.
[2025-01-06 11:37:10.359 -05:00  INF]  AuthenticationScheme: Bearer was challenged.
[2025-01-06 11:37:10.360 -05:00  INF]  Request finished HTTP/1.1 GET https://localhost:7106/api/Products/GetAllProducts - - - 401 0 - 132.8412ms
[2025-01-06 11:50:46.984 -05:00  INF]  Request starting HTTP/1.1 GET https://localhost:7106/api/Products/GetAllProducts - -
[2025-01-06 11:50:47.034 -05:00  INF]  Executing endpoint 'StyleSphereWebAPI.Controllers.ProductsController.GetAllProducts (StyleSphereWebAPI)'
[2025-01-06 11:50:47.035 -05:00  INF]  Route matched with {action = "GetAllProducts", controller = "Products"}. Executing controller action with signature Microsoft.AspNetCore.Mvc.IActionResult GetAllProducts() on controller StyleSphereWebAPI.Controllers.ProductsController (StyleSphereWebAPI).
[2025-01-06 11:50:54.080 -05:00  ERR]  The method or operation is not implemented.
[2025-01-06 11:50:54.081 -05:00  INF]  Executing ObjectResult, writing value of type 'Microsoft.AspNetCore.Mvc.ProblemDetails'.
[2025-01-06 11:50:54.082 -05:00  INF]  Executed action StyleSphereWebAPI.Controllers.ProductsController.GetAllProducts (StyleSphereWebAPI) in 7046.7318ms
[2025-01-06 11:50:54.082 -05:00  INF]  Executed endpoint 'StyleSphereWebAPI.Controllers.ProductsController.GetAllProducts (StyleSphereWebAPI)'
[2025-01-06 11:50:54.083 -05:00  INF]  Request finished HTTP/1.1 GET https://localhost:7106/api/Products/GetAllProducts - - - 400 - application/problem+json;+charset=utf-8 7099.2115ms
[2025-01-06 11:51:31.432 -05:00  INF]  Request starting HTTP/2 GET https://localhost:7106/api/Products/GetAllProducts - -
[2025-01-06 11:51:31.432 -05:00  INF]  Authorization failed. These requirements were not met:
DenyAnonymousAuthorizationRequirement: Requires an authenticated user.
[2025-01-06 11:51:31.432 -05:00  INF]  AuthenticationScheme: Bearer was challenged.
[2025-01-06 11:51:31.432 -05:00  INF]  Request finished HTTP/2 GET https://localhost:7106/api/Products/GetAllProducts - - - 401 0 - 4.3810ms
[2025-01-06 11:51:46.698 -05:00  INF]  Request starting HTTP/1.1 GET https://localhost:7106/api/Products/GetAllProducts - -
[2025-01-06 11:51:46.699 -05:00  INF]  Executing endpoint 'StyleSphereWebAPI.Controllers.ProductsController.GetAllProducts (StyleSphereWebAPI)'
[2025-01-06 11:51:46.700 -05:00  INF]  Route matched with {action = "GetAllProducts", controller = "Products"}. Executing controller action with signature Microsoft.AspNetCore.Mvc.IActionResult GetAllProducts() on controller StyleSphereWebAPI.Controllers.ProductsController (StyleSphereWebAPI).
[2025-01-06 11:51:50.002 -05:00  ERR]  The method or operation is not implemented.
[2025-01-06 11:51:50.003 -05:00  INF]  Executing ObjectResult, writing value of type 'Microsoft.AspNetCore.Mvc.ProblemDetails'.
[2025-01-06 11:51:50.003 -05:00  INF]  Executed action StyleSphereWebAPI.Controllers.ProductsController.GetAllProducts (StyleSphereWebAPI) in 3303.3358ms
[2025-01-06 11:51:50.003 -05:00  INF]  Executed endpoint 'StyleSphereWebAPI.Controllers.ProductsController.GetAllProducts (StyleSphereWebAPI)'
[2025-01-06 11:51:50.003 -05:00  INF]  Request finished HTTP/1.1 GET https://localhost:7106/api/Products/GetAllProducts - - - 400 - application/problem+json;+charset=utf-8 3305.0065ms
[2025-01-06 11:52:21.369 -05:00  INF]  Request starting HTTP/2 GET https://localhost:7106/swagger/index.html - -
[2025-01-06 11:52:21.386 -05:00  INF]  Request finished HTTP/2 GET https://localhost:7106/swagger/index.html - - - 200 - text/html;charset=utf-8 17.1276ms
[2025-01-06 11:52:21.415 -05:00  INF]  Request starting HTTP/2 GET https://localhost:7106/_framework/aspnetcore-browser-refresh.js - -
[2025-01-06 11:52:21.417 -05:00  INF]  Request finished HTTP/2 GET https://localhost:7106/_framework/aspnetcore-browser-refresh.js - - - 200 13770 application/javascript;+charset=utf-8 1.5979ms
[2025-01-06 11:52:21.428 -05:00  INF]  Request starting HTTP/2 GET https://localhost:7106/_vs/browserLink - -
[2025-01-06 11:52:21.447 -05:00  INF]  Request finished HTTP/2 GET https://localhost:7106/_vs/browserLink - - - 200 - text/javascript;+charset=UTF-8 18.6047ms
[2025-01-06 11:52:21.856 -05:00  INF]  Request starting HTTP/2 GET https://localhost:7106/swagger/v1/swagger.json - -
[2025-01-06 11:52:21.870 -05:00  INF]  Request finished HTTP/2 GET https://localhost:7106/swagger/v1/swagger.json - - - 200 - application/json;charset=utf-8 14.1487ms
[2025-01-06 11:52:54.591 -05:00  INF]  Request starting HTTP/2 GET https://localhost:7106/api/User/VerifyUser?username=Ma%40j.com&password=Max123 - -
[2025-01-06 11:52:54.593 -05:00  INF]  Executing endpoint 'StyleSphereWebAPI.Controllers.UserController.VerifyUser (StyleSphereWebAPI)'
[2025-01-06 11:52:54.598 -05:00  INF]  Route matched with {action = "VerifyUser", controller = "User"}. Executing controller action with signature Microsoft.AspNetCore.Mvc.IActionResult VerifyUser(System.String, System.String) on controller StyleSphereWebAPI.Controllers.UserController (StyleSphereWebAPI).
[2025-01-06 11:52:57.476 -05:00  INF]  Entity Framework Core 6.0.36 initialized 'StyleSphereContext' using provider 'Microsoft.EntityFrameworkCore.SqlServer:6.0.36' with options: None
[2025-01-06 11:52:57.507 -05:00  INF]  Executed DbCommand (14ms) [Parameters=[@__username_0='?' (Size = 4000), @__password_1='?' (Size = 4000)], CommandType='"Text"', CommandTimeout='30']
SELECT TOP(1) [u].[Id], [u].[CreatedDate], [u].[Deleted], [u].[Email], [u].[Enabled], [u].[FirstName], [u].[LastName], [u].[ModifiedBy], [u].[ModifiedDate], [u].[Password], [u].[PasswordExpiryDate]
FROM [Users] AS [u]
WHERE ((([u].[Enabled] = CAST(1 AS bit)) AND ([u].[Deleted] = CAST(0 AS bit))) AND ([u].[Email] = @__username_0)) AND ([u].[Password] = @__password_1)
[2025-01-06 11:52:57.507 -05:00  INF]  Executing OkObjectResult, writing value of type 'StyleSphere.Models.ResponseModel'.
[2025-01-06 11:52:57.508 -05:00  INF]  Executed action StyleSphereWebAPI.Controllers.UserController.VerifyUser (StyleSphereWebAPI) in 2909.553ms
[2025-01-06 11:52:57.508 -05:00  INF]  Executed endpoint 'StyleSphereWebAPI.Controllers.UserController.VerifyUser (StyleSphereWebAPI)'
[2025-01-06 11:52:57.508 -05:00  INF]  Request finished HTTP/2 GET https://localhost:7106/api/User/VerifyUser?username=Ma%40j.com&password=Max123 - - - 200 - application/json;+charset=utf-8 2917.0714ms
[2025-01-06 11:53:22.937 -05:00  INF]  Request starting HTTP/1.1 GET https://localhost:7106/api/Products/GetAllProducts - -
[2025-01-06 11:53:22.949 -05:00  INF]  Failed to validate the token.
Microsoft.IdentityModel.Tokens.SecurityTokenInvalidIssuerException: IDX10205: Issuer validation failed. Issuer: 'https://localhost:7106'. Did not match: validationParameters.ValidIssuer: 'https://localhost:7106/' or validationParameters.ValidIssuers: 'null' or validationParameters.ConfigurationManager.CurrentConfiguration.Issuer: 'Null'. For more details, see https://aka.ms/IdentityModel/issuer-validation. 
   at Microsoft.IdentityModel.Tokens.Validators.ValidateIssuerAsync(String issuer, SecurityToken securityToken, TokenValidationParameters validationParameters, BaseConfiguration configuration)
   at System.IdentityModel.Tokens.Jwt.JwtSecurityTokenHandler.ValidateIssuer(String issuer, JwtSecurityToken jwtToken, TokenValidationParameters validationParameters)
   at System.IdentityModel.Tokens.Jwt.JwtSecurityTokenHandler.ValidateTokenPayload(JwtSecurityToken jwtToken, TokenValidationParameters validationParameters, BaseConfiguration configuration)
   at System.IdentityModel.Tokens.Jwt.JwtSecurityTokenHandler.ValidateJWS(String token, TokenValidationParameters validationParameters, BaseConfiguration currentConfiguration, SecurityToken& signatureValidatedToken, ExceptionDispatchInfo& exceptionThrown)
--- End of stack trace from previous location ---
   at System.IdentityModel.Tokens.Jwt.JwtSecurityTokenHandler.ValidateToken(String token, JwtSecurityToken outerToken, TokenValidationParameters validationParameters, SecurityToken& signatureValidatedToken)
   at System.IdentityModel.Tokens.Jwt.JwtSecurityTokenHandler.ValidateToken(String token, TokenValidationParameters validationParameters, SecurityToken& validatedToken)
   at Microsoft.AspNetCore.Authentication.JwtBearer.JwtBearerHandler.HandleAuthenticateAsync()
[2025-01-06 11:53:22.950 -05:00  INF]  Bearer was not authenticated. Failure message: IDX10205: Issuer validation failed. Issuer: 'https://localhost:7106'. Did not match: validationParameters.ValidIssuer: 'https://localhost:7106/' or validationParameters.ValidIssuers: 'null' or validationParameters.ConfigurationManager.CurrentConfiguration.Issuer: 'Null'. For more details, see https://aka.ms/IdentityModel/issuer-validation. 
[2025-01-06 11:53:22.950 -05:00  INF]  Authorization failed. These requirements were not met:
DenyAnonymousAuthorizationRequirement: Requires an authenticated user.
[2025-01-06 11:53:22.951 -05:00  INF]  AuthenticationScheme: Bearer was challenged.
[2025-01-06 11:53:22.951 -05:00  INF]  Request finished HTTP/1.1 GET https://localhost:7106/api/Products/GetAllProducts - - - 401 0 - 13.1376ms
[2025-01-06 11:54:17.413 -05:00  INF]  Request starting HTTP/1.1 GET https://localhost:7106/api/Products/GetAllProducts - -
[2025-01-06 11:54:17.456 -05:00  INF]  Failed to validate the token.
Microsoft.IdentityModel.Tokens.SecurityTokenExpiredException: IDX10223: Lifetime validation failed. The token is expired. ValidTo (UTC): '06-01-2025 16:53:57', Current time (UTC): '06-01-2025 16:54:17'.
   at Microsoft.IdentityModel.Tokens.Validators.ValidateLifetime(Nullable`1 notBefore, Nullable`1 expires, SecurityToken securityToken, TokenValidationParameters validationParameters)
   at System.IdentityModel.Tokens.Jwt.JwtSecurityTokenHandler.ValidateTokenPayload(JwtSecurityToken jwtToken, TokenValidationParameters validationParameters, BaseConfiguration configuration)
   at System.IdentityModel.Tokens.Jwt.JwtSecurityTokenHandler.ValidateJWS(String token, TokenValidationParameters validationParameters, BaseConfiguration currentConfiguration, SecurityToken& signatureValidatedToken, ExceptionDispatchInfo& exceptionThrown)
--- End of stack trace from previous location ---
   at System.IdentityModel.Tokens.Jwt.JwtSecurityTokenHandler.ValidateToken(String token, JwtSecurityToken outerToken, TokenValidationParameters validationParameters, SecurityToken& signatureValidatedToken)
   at System.IdentityModel.Tokens.Jwt.JwtSecurityTokenHandler.ValidateToken(String token, TokenValidationParameters validationParameters, SecurityToken& validatedToken)
   at Microsoft.AspNetCore.Authentication.JwtBearer.JwtBearerHandler.HandleAuthenticateAsync()
[2025-01-06 11:54:17.456 -05:00  INF]  Bearer was not authenticated. Failure message: IDX10223: Lifetime validation failed. The token is expired. ValidTo (UTC): '06-01-2025 16:53:57', Current time (UTC): '06-01-2025 16:54:17'.
[2025-01-06 11:54:17.456 -05:00  INF]  Authorization failed. These requirements were not met:
DenyAnonymousAuthorizationRequirement: Requires an authenticated user.
[2025-01-06 11:54:17.456 -05:00  INF]  AuthenticationScheme: Bearer was challenged.
[2025-01-06 11:54:17.456 -05:00  INF]  Request finished HTTP/1.1 GET https://localhost:7106/api/Products/GetAllProducts - - - 401 0 - 46.8144ms
[2025-01-06 11:54:47.504 -05:00  INF]  User profile is available. Using 'C:\Users\inbox\AppData\Local\ASP.NET\DataProtection-Keys' as key repository and Windows DPAPI to encrypt keys at rest.
[2025-01-06 11:54:47.907 -05:00  INF]  Now listening on: https://localhost:7106
[2025-01-06 11:54:47.908 -05:00  INF]  Now listening on: http://localhost:5081
[2025-01-06 11:54:47.911 -05:00  INF]  Application started. Press Ctrl+C to shut down.
[2025-01-06 11:54:47.911 -05:00  INF]  Hosting environment: Development
[2025-01-06 11:54:47.911 -05:00  INF]  Content root path: D:\Internship\StyleSphere\StyleSphereAPI\StyleSphereWebAPI\
[2025-01-06 11:54:49.066 -05:00  INF]  Request starting HTTP/2 GET https://localhost:7106/swagger/index.html - -
[2025-01-06 11:54:49.418 -05:00  INF]  Request finished HTTP/2 GET https://localhost:7106/swagger/index.html - - - 200 - text/html;charset=utf-8 359.2729ms
[2025-01-06 11:54:49.466 -05:00  INF]  Request starting HTTP/2 GET https://localhost:7106/_vs/browserLink - -
[2025-01-06 11:54:49.466 -05:00  INF]  Request starting HTTP/2 GET https://localhost:7106/_framework/aspnetcore-browser-refresh.js - -
[2025-01-06 11:54:49.471 -05:00  INF]  Request finished HTTP/2 GET https://localhost:7106/_framework/aspnetcore-browser-refresh.js - - - 200 13770 application/javascript;+charset=utf-8 4.6647ms
[2025-01-06 11:54:49.541 -05:00  INF]  Request finished HTTP/2 GET https://localhost:7106/_vs/browserLink - - - 200 - text/javascript;+charset=UTF-8 74.8243ms
[2025-01-06 11:54:49.577 -05:00  INF]  Request starting HTTP/2 GET https://localhost:7106/swagger/v1/swagger.json - -
[2025-01-06 11:54:49.711 -05:00  INF]  Request finished HTTP/2 GET https://localhost:7106/swagger/v1/swagger.json - - - 200 - application/json;charset=utf-8 134.8109ms
[2025-01-06 11:55:39.681 -05:00  INF]  Request starting HTTP/2 GET https://localhost:7106/api/User/VerifyUser?username=Ma%40j.com&password=Max123 - -
[2025-01-06 11:55:40.093 -05:00  INF]  Executing endpoint 'StyleSphereWebAPI.Controllers.UserController.VerifyUser (StyleSphereWebAPI)'
[2025-01-06 11:55:40.154 -05:00  INF]  Route matched with {action = "VerifyUser", controller = "User"}. Executing controller action with signature Microsoft.AspNetCore.Mvc.IActionResult VerifyUser(System.String, System.String) on controller StyleSphereWebAPI.Controllers.UserController (StyleSphereWebAPI).
[2025-01-06 11:55:47.139 -05:00  WRN]  No store type was specified for the decimal property 'SortOrder' on entity type 'AdminNavItem'. This will cause values to be silently truncated if they do not fit in the default precision and scale. Explicitly specify the SQL server column type that can accommodate all the values in 'OnModelCreating' using 'HasColumnType', specify precision and scale using 'HasPrecision', or configure a value converter using 'HasConversion'.
[2025-01-06 11:55:47.140 -05:00  WRN]  No store type was specified for the decimal property 'SortOrder' on entity type 'NavItem'. This will cause values to be silently truncated if they do not fit in the default precision and scale. Explicitly specify the SQL server column type that can accommodate all the values in 'OnModelCreating' using 'HasColumnType', specify precision and scale using 'HasPrecision', or configure a value converter using 'HasConversion'.
[2025-01-06 11:55:47.141 -05:00  WRN]  No store type was specified for the decimal property 'UnitPrice' on entity type 'Product'. This will cause values to be silently truncated if they do not fit in the default precision and scale. Explicitly specify the SQL server column type that can accommodate all the values in 'OnModelCreating' using 'HasColumnType', specify precision and scale using 'HasPrecision', or configure a value converter using 'HasConversion'.
[2025-01-06 11:55:48.081 -05:00  INF]  Entity Framework Core 6.0.36 initialized 'StyleSphereContext' using provider 'Microsoft.EntityFrameworkCore.SqlServer:6.0.36' with options: None
[2025-01-06 11:55:53.360 -05:00  INF]  Executed DbCommand (229ms) [Parameters=[@__username_0='?' (Size = 4000), @__password_1='?' (Size = 4000)], CommandType='"Text"', CommandTimeout='30']
SELECT TOP(1) [u].[Id], [u].[CreatedDate], [u].[Deleted], [u].[Email], [u].[Enabled], [u].[FirstName], [u].[LastName], [u].[ModifiedBy], [u].[ModifiedDate], [u].[Password], [u].[PasswordExpiryDate]
FROM [Users] AS [u]
WHERE ((([u].[Enabled] = CAST(1 AS bit)) AND ([u].[Deleted] = CAST(0 AS bit))) AND ([u].[Email] = @__username_0)) AND ([u].[Password] = @__password_1)
[2025-01-06 11:55:55.184 -05:00  INF]  Executing OkObjectResult, writing value of type 'StyleSphere.Models.ResponseModel'.
[2025-01-06 11:55:55.225 -05:00  INF]  Executed action StyleSphereWebAPI.Controllers.UserController.VerifyUser (StyleSphereWebAPI) in 15041.3843ms
[2025-01-06 11:55:55.229 -05:00  INF]  Executed endpoint 'StyleSphereWebAPI.Controllers.UserController.VerifyUser (StyleSphereWebAPI)'
[2025-01-06 11:55:55.283 -05:00  INF]  Request finished HTTP/2 GET https://localhost:7106/api/User/VerifyUser?username=Ma%40j.com&password=Max123 - - - 200 - application/json;+charset=utf-8 15602.1416ms
[2025-01-06 11:56:14.277 -05:00  INF]  Request starting HTTP/1.1 GET https://localhost:7106/api/Products/GetAllProducts - -
[2025-01-06 11:56:14.935 -05:00  INF]  Executing endpoint 'StyleSphereWebAPI.Controllers.ProductsController.GetAllProducts (StyleSphereWebAPI)'
[2025-01-06 11:56:14.943 -05:00  INF]  Route matched with {action = "GetAllProducts", controller = "Products"}. Executing controller action with signature Microsoft.AspNetCore.Mvc.IActionResult GetAllProducts() on controller StyleSphereWebAPI.Controllers.ProductsController (StyleSphereWebAPI).
[2025-01-06 11:56:17.824 -05:00  ERR]  The method or operation is not implemented.
[2025-01-06 11:56:17.827 -05:00  INF]  Executing ObjectResult, writing value of type 'Microsoft.AspNetCore.Mvc.ProblemDetails'.
[2025-01-06 11:56:17.830 -05:00  INF]  Executed action StyleSphereWebAPI.Controllers.ProductsController.GetAllProducts (StyleSphereWebAPI) in 2886.9357ms
[2025-01-06 11:56:17.830 -05:00  INF]  Executed endpoint 'StyleSphereWebAPI.Controllers.ProductsController.GetAllProducts (StyleSphereWebAPI)'
[2025-01-06 11:56:17.830 -05:00  INF]  Request finished HTTP/1.1 GET https://localhost:7106/api/Products/GetAllProducts - - - 400 - application/problem+json;+charset=utf-8 3553.6109ms
