[2024-12-31 07:02:06.389 -05:00  INF]  Now listening on: https://localhost:7106
[2024-12-31 07:02:06.431 -05:00  INF]  Now listening on: http://localhost:5081
[2024-12-31 07:02:06.435 -05:00  INF]  Application started. Press Ctrl+C to shut down.
[2024-12-31 07:02:06.436 -05:00  INF]  Hosting environment: Development
[2024-12-31 07:02:06.436 -05:00  INF]  Content root path: D:\Internship\StyleSphere\StyleSphereAPI\StyleSphereWebAPI\
[2024-12-31 07:02:08.758 -05:00  INF]  Request starting HTTP/2 GET https://localhost:7106/swagger/index.html - -
[2024-12-31 07:02:09.248 -05:00  INF]  Request finished HTTP/2 GET https://localhost:7106/swagger/index.html - - - 200 - text/html;charset=utf-8 498.2397ms
[2024-12-31 07:02:09.307 -05:00  INF]  Request starting HTTP/2 GET https://localhost:7106/_vs/browserLink - -
[2024-12-31 07:02:09.307 -05:00  INF]  Request starting HTTP/2 GET https://localhost:7106/_framework/aspnetcore-browser-refresh.js - -
[2024-12-31 07:02:09.319 -05:00  INF]  Request finished HTTP/2 GET https://localhost:7106/_framework/aspnetcore-browser-refresh.js - - - 200 13770 application/javascript;+charset=utf-8 12.1164ms
[2024-12-31 07:02:09.672 -05:00  INF]  Request finished HTTP/2 GET https://localhost:7106/_vs/browserLink - - - 200 - text/javascript;+charset=UTF-8 364.8534ms
[2024-12-31 07:02:09.740 -05:00  INF]  Request starting HTTP/2 GET https://localhost:7106/swagger/v1/swagger.json - -
[2024-12-31 07:02:10.047 -05:00  INF]  Request finished HTTP/2 GET https://localhost:7106/swagger/v1/swagger.json - - - 200 - application/json;charset=utf-8 306.9989ms
[2024-12-31 07:02:16.164 -05:00  INF]  Request starting HTTP/2 GET https://localhost:7106/api/NavItems/GetAllNavItems - -
[2024-12-31 07:02:16.185 -05:00  INF]  CORS policy execution successful.
[2024-12-31 07:02:16.199 -05:00  INF]  Executing endpoint 'StyleSphereWebAPI.Controllers.NavItemsController.GetAllNavItems (StyleSphereWebAPI)'
[2024-12-31 07:02:16.227 -05:00  INF]  Route matched with {action = "GetAllNavItems", controller = "NavItems"}. Executing controller action with signature Microsoft.AspNetCore.Mvc.IActionResult GetAllNavItems() on controller StyleSphereWebAPI.Controllers.NavItemsController (StyleSphereWebAPI).
[2024-12-31 07:02:22.971 -05:00  WRN]  No store type was specified for the decimal property 'SortOrder' on entity type 'NavItem'. This will cause values to be silently truncated if they do not fit in the default precision and scale. Explicitly specify the SQL server column type that can accommodate all the values in 'OnModelCreating' using 'HasColumnType', specify precision and scale using 'HasPrecision', or configure a value converter using 'HasConversion'.
[2024-12-31 07:02:22.972 -05:00  WRN]  No store type was specified for the decimal property 'UnitPrice' on entity type 'Product'. This will cause values to be silently truncated if they do not fit in the default precision and scale. Explicitly specify the SQL server column type that can accommodate all the values in 'OnModelCreating' using 'HasColumnType', specify precision and scale using 'HasPrecision', or configure a value converter using 'HasConversion'.
[2024-12-31 07:02:24.387 -05:00  INF]  Entity Framework Core 6.0.36 initialized 'StyleSphereContext' using provider 'Microsoft.EntityFrameworkCore.SqlServer:6.0.36' with options: None
[2024-12-31 07:02:30.121 -05:00  INF]  Executed DbCommand (177ms) [Parameters=[], CommandType='"Text"', CommandTimeout='30']
SELECT [n].[Id], [n].[Name], [n].[Url], [n].[icon] AS [Icon], [n].[SortOrder]
FROM [NavItems] AS [n]
WHERE [n].[Enabled] = CAST(1 AS bit)
ORDER BY [n].[SortOrder]
[2024-12-31 07:02:30.286 -05:00  INF]  Executing OkObjectResult, writing value of type 'StyleSphere.Models.ResponseModel'.
[2024-12-31 07:02:30.371 -05:00  INF]  Executed action StyleSphereWebAPI.Controllers.NavItemsController.GetAllNavItems (StyleSphereWebAPI) in 14124.538ms
[2024-12-31 07:02:30.373 -05:00  INF]  Executed endpoint 'StyleSphereWebAPI.Controllers.NavItemsController.GetAllNavItems (StyleSphereWebAPI)'
[2024-12-31 07:02:30.467 -05:00  INF]  Request finished HTTP/2 GET https://localhost:7106/api/NavItems/GetAllNavItems - - - 200 - application/json;+charset=utf-8 14302.9878ms
[2024-12-31 07:03:15.833 -05:00  INF]  Request starting HTTP/2 GET https://localhost:7106/api/NavItems/GetAllNavItems - -
[2024-12-31 07:03:15.840 -05:00  INF]  CORS policy execution successful.
[2024-12-31 07:03:15.841 -05:00  INF]  Executing endpoint 'StyleSphereWebAPI.Controllers.NavItemsController.GetAllNavItems (StyleSphereWebAPI)'
[2024-12-31 07:03:15.841 -05:00  INF]  Route matched with {action = "GetAllNavItems", controller = "NavItems"}. Executing controller action with signature Microsoft.AspNetCore.Mvc.IActionResult GetAllNavItems() on controller StyleSphereWebAPI.Controllers.NavItemsController (StyleSphereWebAPI).
[2024-12-31 07:03:15.858 -05:00  INF]  Entity Framework Core 6.0.36 initialized 'StyleSphereContext' using provider 'Microsoft.EntityFrameworkCore.SqlServer:6.0.36' with options: None
[2024-12-31 07:03:15.914 -05:00  INF]  Executed DbCommand (11ms) [Parameters=[], CommandType='"Text"', CommandTimeout='30']
SELECT [n].[Id], [n].[Name], [n].[Url], [n].[icon] AS [Icon], [n].[SortOrder]
FROM [NavItems] AS [n]
WHERE [n].[Enabled] = CAST(1 AS bit)
ORDER BY [n].[SortOrder]
[2024-12-31 07:03:15.915 -05:00  INF]  Executing OkObjectResult, writing value of type 'StyleSphere.Models.ResponseModel'.
[2024-12-31 07:03:15.916 -05:00  INF]  Executed action StyleSphereWebAPI.Controllers.NavItemsController.GetAllNavItems (StyleSphereWebAPI) in 74.3722ms
[2024-12-31 07:03:15.916 -05:00  INF]  Executed endpoint 'StyleSphereWebAPI.Controllers.NavItemsController.GetAllNavItems (StyleSphereWebAPI)'
[2024-12-31 07:03:15.916 -05:00  INF]  Request finished HTTP/2 GET https://localhost:7106/api/NavItems/GetAllNavItems - - - 200 - application/json;+charset=utf-8 83.5183ms
