[2024-12-30 00:00:57.115 -05:00  INF]  Request starting HTTP/2 GET https://localhost:7106/api/NavItems/GetAllNavItems - -
[2024-12-30 00:00:57.140 -05:00  INF]  CORS policy execution successful.
[2024-12-30 00:00:57.140 -05:00  INF]  Executing endpoint 'StyleSphereWebAPI.Controllers.NavItemsController.GetAllNavItems (StyleSphereWebAPI)'
[2024-12-30 00:00:57.140 -05:00  INF]  Route matched with {action = "GetAllNavItems", controller = "NavItems"}. Executing controller action with signature Microsoft.AspNetCore.Mvc.IActionResult GetAllNavItems() on controller StyleSphereWebAPI.Controllers.NavItemsController (StyleSphereWebAPI).
[2024-12-30 00:00:57.142 -05:00  INF]  Entity Framework Core 6.0.36 initialized 'StyleSphereContext' using provider 'Microsoft.EntityFrameworkCore.SqlServer:6.0.36' with options: None
[2024-12-30 00:00:57.169 -05:00  INF]  Executed DbCommand (25ms) [Parameters=[], CommandType='"Text"', CommandTimeout='30']
SELECT [n].[Id], [n].[Name], [n].[Url], [n].[icon] AS [Icon], [n].[SortOrder]
FROM [NavItems] AS [n]
WHERE [n].[Enabled] = CAST(1 AS bit)
ORDER BY [n].[SortOrder]
[2024-12-30 00:00:57.169 -05:00  INF]  Executing OkObjectResult, writing value of type 'StyleSphere.Models.ResponseModel'.
[2024-12-30 00:00:57.169 -05:00  INF]  Executed action StyleSphereWebAPI.Controllers.NavItemsController.GetAllNavItems (StyleSphereWebAPI) in 28.8972ms
[2024-12-30 00:00:57.170 -05:00  INF]  Executed endpoint 'StyleSphereWebAPI.Controllers.NavItemsController.GetAllNavItems (StyleSphereWebAPI)'
[2024-12-30 00:00:57.170 -05:00  INF]  Request finished HTTP/2 GET https://localhost:7106/api/NavItems/GetAllNavItems - - - 200 - application/json;+charset=utf-8 56.3090ms
[2024-12-30 00:04:07.253 -05:00  INF]  Request starting HTTP/2 GET https://localhost:7106/api/NavItems/GetAllNavItems - -
[2024-12-30 00:04:07.257 -05:00  INF]  CORS policy execution successful.
[2024-12-30 00:04:07.260 -05:00  INF]  Executing endpoint 'StyleSphereWebAPI.Controllers.NavItemsController.GetAllNavItems (StyleSphereWebAPI)'
[2024-12-30 00:04:07.260 -05:00  INF]  Route matched with {action = "GetAllNavItems", controller = "NavItems"}. Executing controller action with signature Microsoft.AspNetCore.Mvc.IActionResult GetAllNavItems() on controller StyleSphereWebAPI.Controllers.NavItemsController (StyleSphereWebAPI).
[2024-12-30 00:04:07.276 -05:00  INF]  Entity Framework Core 6.0.36 initialized 'StyleSphereContext' using provider 'Microsoft.EntityFrameworkCore.SqlServer:6.0.36' with options: None
[2024-12-30 00:04:07.290 -05:00  INF]  Executed DbCommand (13ms) [Parameters=[], CommandType='"Text"', CommandTimeout='30']
SELECT [n].[Id], [n].[Name], [n].[Url], [n].[icon] AS [Icon], [n].[SortOrder]
FROM [NavItems] AS [n]
WHERE [n].[Enabled] = CAST(1 AS bit)
ORDER BY [n].[SortOrder]
[2024-12-30 00:04:07.290 -05:00  INF]  Executing OkObjectResult, writing value of type 'StyleSphere.Models.ResponseModel'.
[2024-12-30 00:04:07.290 -05:00  INF]  Executed action StyleSphereWebAPI.Controllers.NavItemsController.GetAllNavItems (StyleSphereWebAPI) in 29.5816ms
[2024-12-30 00:04:07.290 -05:00  INF]  Executed endpoint 'StyleSphereWebAPI.Controllers.NavItemsController.GetAllNavItems (StyleSphereWebAPI)'
[2024-12-30 00:04:07.290 -05:00  INF]  Request finished HTTP/2 GET https://localhost:7106/api/NavItems/GetAllNavItems - - - 200 - application/json;+charset=utf-8 37.2791ms
[2024-12-30 00:05:10.418 -05:00  INF]  Request starting HTTP/2 GET https://localhost:7106/api/NavItems/GetAllNavItems - -
[2024-12-30 00:05:10.418 -05:00  INF]  CORS policy execution successful.
[2024-12-30 00:05:10.418 -05:00  INF]  Executing endpoint 'StyleSphereWebAPI.Controllers.NavItemsController.GetAllNavItems (StyleSphereWebAPI)'
[2024-12-30 00:05:10.418 -05:00  INF]  Route matched with {action = "GetAllNavItems", controller = "NavItems"}. Executing controller action with signature Microsoft.AspNetCore.Mvc.IActionResult GetAllNavItems() on controller StyleSphereWebAPI.Controllers.NavItemsController (StyleSphereWebAPI).
[2024-12-30 00:05:10.431 -05:00  INF]  Entity Framework Core 6.0.36 initialized 'StyleSphereContext' using provider 'Microsoft.EntityFrameworkCore.SqlServer:6.0.36' with options: None
[2024-12-30 00:05:10.463 -05:00  INF]  Executed DbCommand (25ms) [Parameters=[], CommandType='"Text"', CommandTimeout='30']
SELECT [n].[Id], [n].[Name], [n].[Url], [n].[icon] AS [Icon], [n].[SortOrder]
FROM [NavItems] AS [n]
WHERE [n].[Enabled] = CAST(1 AS bit)
ORDER BY [n].[SortOrder]
[2024-12-30 00:05:10.463 -05:00  INF]  Executing OkObjectResult, writing value of type 'StyleSphere.Models.ResponseModel'.
[2024-12-30 00:05:10.464 -05:00  INF]  Executed action StyleSphereWebAPI.Controllers.NavItemsController.GetAllNavItems (StyleSphereWebAPI) in 45.4874ms
[2024-12-30 00:05:10.464 -05:00  INF]  Executed endpoint 'StyleSphereWebAPI.Controllers.NavItemsController.GetAllNavItems (StyleSphereWebAPI)'
[2024-12-30 00:05:10.464 -05:00  INF]  Request finished HTTP/2 GET https://localhost:7106/api/NavItems/GetAllNavItems - - - 200 - application/json;+charset=utf-8 46.4089ms
[2024-12-30 00:05:17.924 -05:00  INF]  Request starting HTTP/2 GET https://localhost:7106/api/NavItems/GetAllNavItems - -
[2024-12-30 00:05:17.924 -05:00  INF]  CORS policy execution successful.
[2024-12-30 00:05:17.925 -05:00  INF]  Executing endpoint 'StyleSphereWebAPI.Controllers.NavItemsController.GetAllNavItems (StyleSphereWebAPI)'
[2024-12-30 00:05:17.925 -05:00  INF]  Route matched with {action = "GetAllNavItems", controller = "NavItems"}. Executing controller action with signature Microsoft.AspNetCore.Mvc.IActionResult GetAllNavItems() on controller StyleSphereWebAPI.Controllers.NavItemsController (StyleSphereWebAPI).
[2024-12-30 00:05:17.926 -05:00  INF]  Entity Framework Core 6.0.36 initialized 'StyleSphereContext' using provider 'Microsoft.EntityFrameworkCore.SqlServer:6.0.36' with options: None
[2024-12-30 00:05:17.943 -05:00  INF]  Executed DbCommand (16ms) [Parameters=[], CommandType='"Text"', CommandTimeout='30']
SELECT [n].[Id], [n].[Name], [n].[Url], [n].[icon] AS [Icon], [n].[SortOrder]
FROM [NavItems] AS [n]
WHERE [n].[Enabled] = CAST(1 AS bit)
ORDER BY [n].[SortOrder]
[2024-12-30 00:05:17.943 -05:00  INF]  Executing OkObjectResult, writing value of type 'StyleSphere.Models.ResponseModel'.
[2024-12-30 00:05:17.943 -05:00  INF]  Executed action StyleSphereWebAPI.Controllers.NavItemsController.GetAllNavItems (StyleSphereWebAPI) in 18.7193ms
[2024-12-30 00:05:17.943 -05:00  INF]  Executed endpoint 'StyleSphereWebAPI.Controllers.NavItemsController.GetAllNavItems (StyleSphereWebAPI)'
[2024-12-30 00:05:17.944 -05:00  INF]  Request finished HTTP/2 GET https://localhost:7106/api/NavItems/GetAllNavItems - - - 200 - application/json;+charset=utf-8 19.7251ms
[2024-12-30 00:07:45.351 -05:00  INF]  Request starting HTTP/2 GET https://localhost:7106/api/NavItems/GetAllNavItems - -
[2024-12-30 00:07:45.352 -05:00  INF]  CORS policy execution successful.
[2024-12-30 00:07:45.352 -05:00  INF]  Executing endpoint 'StyleSphereWebAPI.Controllers.NavItemsController.GetAllNavItems (StyleSphereWebAPI)'
[2024-12-30 00:07:45.353 -05:00  INF]  Route matched with {action = "GetAllNavItems", controller = "NavItems"}. Executing controller action with signature Microsoft.AspNetCore.Mvc.IActionResult GetAllNavItems() on controller StyleSphereWebAPI.Controllers.NavItemsController (StyleSphereWebAPI).
[2024-12-30 00:07:45.379 -05:00  INF]  Entity Framework Core 6.0.36 initialized 'StyleSphereContext' using provider 'Microsoft.EntityFrameworkCore.SqlServer:6.0.36' with options: None
[2024-12-30 00:07:45.413 -05:00  INF]  Executed DbCommand (23ms) [Parameters=[], CommandType='"Text"', CommandTimeout='30']
SELECT [n].[Id], [n].[Name], [n].[Url], [n].[icon] AS [Icon], [n].[SortOrder]
FROM [NavItems] AS [n]
WHERE [n].[Enabled] = CAST(1 AS bit)
ORDER BY [n].[SortOrder]
[2024-12-30 00:07:45.413 -05:00  INF]  Executing OkObjectResult, writing value of type 'StyleSphere.Models.ResponseModel'.
[2024-12-30 00:07:45.414 -05:00  INF]  Executed action StyleSphereWebAPI.Controllers.NavItemsController.GetAllNavItems (StyleSphereWebAPI) in 60.7587ms
[2024-12-30 00:07:45.415 -05:00  INF]  Executed endpoint 'StyleSphereWebAPI.Controllers.NavItemsController.GetAllNavItems (StyleSphereWebAPI)'
[2024-12-30 00:07:45.415 -05:00  INF]  Request finished HTTP/2 GET https://localhost:7106/api/NavItems/GetAllNavItems - - - 200 - application/json;+charset=utf-8 64.2111ms
[2024-12-30 00:08:41.037 -05:00  INF]  Request starting HTTP/2 GET https://localhost:7106/api/NavItems/GetAllNavItems - -
[2024-12-30 00:08:41.040 -05:00  INF]  CORS policy execution successful.
[2024-12-30 00:08:41.042 -05:00  INF]  Executing endpoint 'StyleSphereWebAPI.Controllers.NavItemsController.GetAllNavItems (StyleSphereWebAPI)'
[2024-12-30 00:08:41.042 -05:00  INF]  Route matched with {action = "GetAllNavItems", controller = "NavItems"}. Executing controller action with signature Microsoft.AspNetCore.Mvc.IActionResult GetAllNavItems() on controller StyleSphereWebAPI.Controllers.NavItemsController (StyleSphereWebAPI).
[2024-12-30 00:08:41.057 -05:00  INF]  Entity Framework Core 6.0.36 initialized 'StyleSphereContext' using provider 'Microsoft.EntityFrameworkCore.SqlServer:6.0.36' with options: None
[2024-12-30 00:08:41.077 -05:00  INF]  Executed DbCommand (19ms) [Parameters=[], CommandType='"Text"', CommandTimeout='30']
SELECT [n].[Id], [n].[Name], [n].[Url], [n].[icon] AS [Icon], [n].[SortOrder]
FROM [NavItems] AS [n]
WHERE [n].[Enabled] = CAST(1 AS bit)
ORDER BY [n].[SortOrder]
[2024-12-30 00:08:41.077 -05:00  INF]  Executing OkObjectResult, writing value of type 'StyleSphere.Models.ResponseModel'.
[2024-12-30 00:08:41.077 -05:00  INF]  Executed action StyleSphereWebAPI.Controllers.NavItemsController.GetAllNavItems (StyleSphereWebAPI) in 34.1267ms
[2024-12-30 00:08:41.077 -05:00  INF]  Executed endpoint 'StyleSphereWebAPI.Controllers.NavItemsController.GetAllNavItems (StyleSphereWebAPI)'
[2024-12-30 00:08:41.078 -05:00  INF]  Request finished HTTP/2 GET https://localhost:7106/api/NavItems/GetAllNavItems - - - 200 - application/json;+charset=utf-8 40.9350ms
[2024-12-30 00:14:36.470 -05:00  INF]  Request starting HTTP/2 GET https://localhost:7106/api/NavItems/GetAllNavItems - -
[2024-12-30 00:14:36.474 -05:00  INF]  CORS policy execution successful.
[2024-12-30 00:14:36.476 -05:00  INF]  Executing endpoint 'StyleSphereWebAPI.Controllers.NavItemsController.GetAllNavItems (StyleSphereWebAPI)'
[2024-12-30 00:14:36.478 -05:00  INF]  Route matched with {action = "GetAllNavItems", controller = "NavItems"}. Executing controller action with signature Microsoft.AspNetCore.Mvc.IActionResult GetAllNavItems() on controller StyleSphereWebAPI.Controllers.NavItemsController (StyleSphereWebAPI).
[2024-12-30 00:14:36.489 -05:00  INF]  Entity Framework Core 6.0.36 initialized 'StyleSphereContext' using provider 'Microsoft.EntityFrameworkCore.SqlServer:6.0.36' with options: None
[2024-12-30 00:14:36.511 -05:00  INF]  Executed DbCommand (8ms) [Parameters=[], CommandType='"Text"', CommandTimeout='30']
SELECT [n].[Id], [n].[Name], [n].[Url], [n].[icon] AS [Icon], [n].[SortOrder]
FROM [NavItems] AS [n]
WHERE [n].[Enabled] = CAST(1 AS bit)
ORDER BY [n].[SortOrder]
[2024-12-30 00:14:36.511 -05:00  INF]  Executing OkObjectResult, writing value of type 'StyleSphere.Models.ResponseModel'.
[2024-12-30 00:14:36.511 -05:00  INF]  Executed action StyleSphereWebAPI.Controllers.NavItemsController.GetAllNavItems (StyleSphereWebAPI) in 30.3293ms
[2024-12-30 00:14:36.511 -05:00  INF]  Executed endpoint 'StyleSphereWebAPI.Controllers.NavItemsController.GetAllNavItems (StyleSphereWebAPI)'
[2024-12-30 00:14:36.512 -05:00  INF]  Request finished HTTP/2 GET https://localhost:7106/api/NavItems/GetAllNavItems - - - 200 - application/json;+charset=utf-8 41.7889ms
[2024-12-30 00:14:46.006 -05:00  INF]  Request starting HTTP/2 GET https://localhost:7106/api/NavItems/GetAllNavItems - -
[2024-12-30 00:14:46.006 -05:00  INF]  CORS policy execution successful.
[2024-12-30 00:14:46.006 -05:00  INF]  Executing endpoint 'StyleSphereWebAPI.Controllers.NavItemsController.GetAllNavItems (StyleSphereWebAPI)'
[2024-12-30 00:14:46.006 -05:00  INF]  Route matched with {action = "GetAllNavItems", controller = "NavItems"}. Executing controller action with signature Microsoft.AspNetCore.Mvc.IActionResult GetAllNavItems() on controller StyleSphereWebAPI.Controllers.NavItemsController (StyleSphereWebAPI).
[2024-12-30 00:14:46.008 -05:00  INF]  Entity Framework Core 6.0.36 initialized 'StyleSphereContext' using provider 'Microsoft.EntityFrameworkCore.SqlServer:6.0.36' with options: None
[2024-12-30 00:14:46.010 -05:00  INF]  Executed DbCommand (1ms) [Parameters=[], CommandType='"Text"', CommandTimeout='30']
SELECT [n].[Id], [n].[Name], [n].[Url], [n].[icon] AS [Icon], [n].[SortOrder]
FROM [NavItems] AS [n]
WHERE [n].[Enabled] = CAST(1 AS bit)
ORDER BY [n].[SortOrder]
[2024-12-30 00:14:46.011 -05:00  INF]  Executing OkObjectResult, writing value of type 'StyleSphere.Models.ResponseModel'.
[2024-12-30 00:14:46.012 -05:00  INF]  Executed action StyleSphereWebAPI.Controllers.NavItemsController.GetAllNavItems (StyleSphereWebAPI) in 5.2982ms
[2024-12-30 00:14:46.012 -05:00  INF]  Executed endpoint 'StyleSphereWebAPI.Controllers.NavItemsController.GetAllNavItems (StyleSphereWebAPI)'
[2024-12-30 00:14:46.012 -05:00  INF]  Request finished HTTP/2 GET https://localhost:7106/api/NavItems/GetAllNavItems - - - 200 - application/json;+charset=utf-8 6.5879ms
