[2025-01-10 00:00:39.311 -05:00  INF]  Request starting HTTP/2 OPTIONS https://localhost:7106/api/NavItems/GetAllNavItems - -
[2025-01-10 00:00:39.385 -05:00  INF]  CORS policy execution successful.
[2025-01-10 00:00:39.387 -05:00  INF]  Request finished HTTP/2 OPTIONS https://localhost:7106/api/NavItems/GetAllNavItems - - - 204 - - 75.7893ms
[2025-01-10 00:00:39.395 -05:00  INF]  Request starting HTTP/2 GET https://localhost:7106/api/NavItems/GetAllNavItems - -
[2025-01-10 00:00:39.395 -05:00  INF]  CORS policy execution successful.
[2025-01-10 00:00:39.974 -05:00  INF]  Failed to validate the token.
Microsoft.IdentityModel.Tokens.SecurityTokenExpiredException: IDX10223: Lifetime validation failed. The token is expired. ValidTo (UTC): '08-01-2025 05:26:37', Current time (UTC): '10-01-2025 05:00:39'.
   at Microsoft.IdentityModel.Tokens.Validators.ValidateLifetime(Nullable`1 notBefore, Nullable`1 expires, SecurityToken securityToken, TokenValidationParameters validationParameters)
   at System.IdentityModel.Tokens.Jwt.JwtSecurityTokenHandler.ValidateTokenPayload(JwtSecurityToken jwtToken, TokenValidationParameters validationParameters, BaseConfiguration configuration)
   at System.IdentityModel.Tokens.Jwt.JwtSecurityTokenHandler.ValidateJWS(String token, TokenValidationParameters validationParameters, BaseConfiguration currentConfiguration, SecurityToken& signatureValidatedToken, ExceptionDispatchInfo& exceptionThrown)
--- End of stack trace from previous location ---
   at System.IdentityModel.Tokens.Jwt.JwtSecurityTokenHandler.ValidateToken(String token, JwtSecurityToken outerToken, TokenValidationParameters validationParameters, SecurityToken& signatureValidatedToken)
   at System.IdentityModel.Tokens.Jwt.JwtSecurityTokenHandler.ValidateToken(String token, TokenValidationParameters validationParameters, SecurityToken& validatedToken)
   at Microsoft.AspNetCore.Authentication.JwtBearer.JwtBearerHandler.HandleAuthenticateAsync()
[2025-01-10 00:00:40.082 -05:00  INF]  Bearer was not authenticated. Failure message: IDX10223: Lifetime validation failed. The token is expired. ValidTo (UTC): '08-01-2025 05:26:37', Current time (UTC): '10-01-2025 05:00:39'.
[2025-01-10 00:00:40.082 -05:00  INF]  Executing endpoint 'StyleSphereWebAPI.Controllers.NavItemsController.GetAllNavItems (StyleSphereWebAPI)'
[2025-01-10 00:00:40.082 -05:00  INF]  Route matched with {action = "GetAllNavItems", controller = "NavItems"}. Executing controller action with signature Microsoft.AspNetCore.Mvc.IActionResult GetAllNavItems() on controller StyleSphereWebAPI.Controllers.NavItemsController (StyleSphereWebAPI).
[2025-01-10 00:00:40.178 -05:00  INF]  Entity Framework Core 6.0.36 initialized 'StyleSphereContext' using provider 'Microsoft.EntityFrameworkCore.SqlServer:6.0.36' with options: None
[2025-01-10 00:00:40.194 -05:00  INF]  Executed DbCommand (12ms) [Parameters=[], CommandType='"Text"', CommandTimeout='30']
SELECT [n].[Id], [n].[Name], [n].[Url], [n].[icon] AS [Icon], [n].[SortOrder]
FROM [NavItems] AS [n]
WHERE [n].[Enabled] = CAST(1 AS bit)
ORDER BY [n].[SortOrder]
[2025-01-10 00:00:40.194 -05:00  INF]  Executing OkObjectResult, writing value of type 'StyleSphere.Models.ResponseModel'.
[2025-01-10 00:00:40.195 -05:00  INF]  Executed action StyleSphereWebAPI.Controllers.NavItemsController.GetAllNavItems (StyleSphereWebAPI) in 112.7549ms
[2025-01-10 00:00:40.195 -05:00  INF]  Executed endpoint 'StyleSphereWebAPI.Controllers.NavItemsController.GetAllNavItems (StyleSphereWebAPI)'
[2025-01-10 00:00:40.195 -05:00  INF]  Request finished HTTP/2 GET https://localhost:7106/api/NavItems/GetAllNavItems - - - 200 - application/json;+charset=utf-8 800.3621ms
[2025-01-10 00:01:15.451 -05:00  INF]  Request starting HTTP/2 OPTIONS https://localhost:7106/api/NavItems/GetAllNavItems - -
[2025-01-10 00:01:15.451 -05:00  INF]  CORS policy execution successful.
[2025-01-10 00:01:15.452 -05:00  INF]  Request finished HTTP/2 OPTIONS https://localhost:7106/api/NavItems/GetAllNavItems - - - 204 - - 2.1168ms
[2025-01-10 00:01:15.465 -05:00  INF]  Request starting HTTP/2 GET https://localhost:7106/api/NavItems/GetAllNavItems - -
[2025-01-10 00:01:15.467 -05:00  INF]  CORS policy execution successful.
[2025-01-10 00:01:15.480 -05:00  INF]  Failed to validate the token.
Microsoft.IdentityModel.Tokens.SecurityTokenExpiredException: IDX10223: Lifetime validation failed. The token is expired. ValidTo (UTC): '08-01-2025 05:26:37', Current time (UTC): '10-01-2025 05:01:15'.
   at Microsoft.IdentityModel.Tokens.Validators.ValidateLifetime(Nullable`1 notBefore, Nullable`1 expires, SecurityToken securityToken, TokenValidationParameters validationParameters)
   at System.IdentityModel.Tokens.Jwt.JwtSecurityTokenHandler.ValidateTokenPayload(JwtSecurityToken jwtToken, TokenValidationParameters validationParameters, BaseConfiguration configuration)
   at System.IdentityModel.Tokens.Jwt.JwtSecurityTokenHandler.ValidateJWS(String token, TokenValidationParameters validationParameters, BaseConfiguration currentConfiguration, SecurityToken& signatureValidatedToken, ExceptionDispatchInfo& exceptionThrown)
--- End of stack trace from previous location ---
   at System.IdentityModel.Tokens.Jwt.JwtSecurityTokenHandler.ValidateToken(String token, JwtSecurityToken outerToken, TokenValidationParameters validationParameters, SecurityToken& signatureValidatedToken)
   at System.IdentityModel.Tokens.Jwt.JwtSecurityTokenHandler.ValidateToken(String token, TokenValidationParameters validationParameters, SecurityToken& validatedToken)
   at Microsoft.AspNetCore.Authentication.JwtBearer.JwtBearerHandler.HandleAuthenticateAsync()
[2025-01-10 00:01:15.480 -05:00  INF]  Bearer was not authenticated. Failure message: IDX10223: Lifetime validation failed. The token is expired. ValidTo (UTC): '08-01-2025 05:26:37', Current time (UTC): '10-01-2025 05:01:15'.
[2025-01-10 00:01:15.480 -05:00  INF]  Executing endpoint 'StyleSphereWebAPI.Controllers.NavItemsController.GetAllNavItems (StyleSphereWebAPI)'
[2025-01-10 00:01:15.480 -05:00  INF]  Route matched with {action = "GetAllNavItems", controller = "NavItems"}. Executing controller action with signature Microsoft.AspNetCore.Mvc.IActionResult GetAllNavItems() on controller StyleSphereWebAPI.Controllers.NavItemsController (StyleSphereWebAPI).
[2025-01-10 00:01:15.481 -05:00  INF]  Entity Framework Core 6.0.36 initialized 'StyleSphereContext' using provider 'Microsoft.EntityFrameworkCore.SqlServer:6.0.36' with options: None
[2025-01-10 00:01:15.487 -05:00  INF]  Executed DbCommand (5ms) [Parameters=[], CommandType='"Text"', CommandTimeout='30']
SELECT [n].[Id], [n].[Name], [n].[Url], [n].[icon] AS [Icon], [n].[SortOrder]
FROM [NavItems] AS [n]
WHERE [n].[Enabled] = CAST(1 AS bit)
ORDER BY [n].[SortOrder]
[2025-01-10 00:01:15.487 -05:00  INF]  Executing OkObjectResult, writing value of type 'StyleSphere.Models.ResponseModel'.
[2025-01-10 00:01:15.487 -05:00  INF]  Executed action StyleSphereWebAPI.Controllers.NavItemsController.GetAllNavItems (StyleSphereWebAPI) in 6.8511ms
[2025-01-10 00:01:15.487 -05:00  INF]  Executed endpoint 'StyleSphereWebAPI.Controllers.NavItemsController.GetAllNavItems (StyleSphereWebAPI)'
[2025-01-10 00:01:15.488 -05:00  INF]  Request finished HTTP/2 GET https://localhost:7106/api/NavItems/GetAllNavItems - - - 200 - application/json;+charset=utf-8 22.7408ms
[2025-01-10 00:03:01.741 -05:00  INF]  Request starting HTTP/2 OPTIONS https://localhost:7106/api/User/VerifyUser?username=Ma@j.com&password=Max123 - -
[2025-01-10 00:03:01.745 -05:00  INF]  CORS policy execution successful.
[2025-01-10 00:03:01.749 -05:00  INF]  Request finished HTTP/2 OPTIONS https://localhost:7106/api/User/VerifyUser?username=Ma@j.com&password=Max123 - - - 204 - - 8.6169ms
[2025-01-10 00:03:01.772 -05:00  INF]  Request starting HTTP/2 GET https://localhost:7106/api/User/VerifyUser?username=Ma@j.com&password=Max123 - -
[2025-01-10 00:03:01.772 -05:00  INF]  CORS policy execution successful.
[2025-01-10 00:03:01.773 -05:00  INF]  Failed to validate the token.
Microsoft.IdentityModel.Tokens.SecurityTokenExpiredException: IDX10223: Lifetime validation failed. The token is expired. ValidTo (UTC): '08-01-2025 05:26:37', Current time (UTC): '10-01-2025 05:03:01'.
   at Microsoft.IdentityModel.Tokens.Validators.ValidateLifetime(Nullable`1 notBefore, Nullable`1 expires, SecurityToken securityToken, TokenValidationParameters validationParameters)
   at System.IdentityModel.Tokens.Jwt.JwtSecurityTokenHandler.ValidateTokenPayload(JwtSecurityToken jwtToken, TokenValidationParameters validationParameters, BaseConfiguration configuration)
   at System.IdentityModel.Tokens.Jwt.JwtSecurityTokenHandler.ValidateJWS(String token, TokenValidationParameters validationParameters, BaseConfiguration currentConfiguration, SecurityToken& signatureValidatedToken, ExceptionDispatchInfo& exceptionThrown)
--- End of stack trace from previous location ---
   at System.IdentityModel.Tokens.Jwt.JwtSecurityTokenHandler.ValidateToken(String token, JwtSecurityToken outerToken, TokenValidationParameters validationParameters, SecurityToken& signatureValidatedToken)
   at System.IdentityModel.Tokens.Jwt.JwtSecurityTokenHandler.ValidateToken(String token, TokenValidationParameters validationParameters, SecurityToken& validatedToken)
   at Microsoft.AspNetCore.Authentication.JwtBearer.JwtBearerHandler.HandleAuthenticateAsync()
[2025-01-10 00:03:01.774 -05:00  INF]  Bearer was not authenticated. Failure message: IDX10223: Lifetime validation failed. The token is expired. ValidTo (UTC): '08-01-2025 05:26:37', Current time (UTC): '10-01-2025 05:03:01'.
[2025-01-10 00:03:01.775 -05:00  INF]  Executing endpoint 'StyleSphereWebAPI.Controllers.UserController.VerifyUser (StyleSphereWebAPI)'
[2025-01-10 00:03:01.815 -05:00  INF]  Route matched with {action = "VerifyUser", controller = "User"}. Executing controller action with signature Microsoft.AspNetCore.Mvc.IActionResult VerifyUser(System.String, System.String) on controller StyleSphereWebAPI.Controllers.UserController (StyleSphereWebAPI).
[2025-01-10 00:03:01.966 -05:00  INF]  Entity Framework Core 6.0.36 initialized 'StyleSphereContext' using provider 'Microsoft.EntityFrameworkCore.SqlServer:6.0.36' with options: None
[2025-01-10 00:03:02.324 -05:00  INF]  Executed DbCommand (138ms) [Parameters=[@__username_0='?' (Size = 4000), @__password_1='?' (Size = 4000)], CommandType='"Text"', CommandTimeout='30']
SELECT TOP(1) [u].[Id], [u].[CreatedDate], [u].[Deleted], [u].[Email], [u].[Enabled], [u].[FirstName], [u].[LastName], [u].[ModifiedBy], [u].[ModifiedDate], [u].[Password], [u].[PasswordExpiryDate]
FROM [Users] AS [u]
WHERE ((([u].[Enabled] = CAST(1 AS bit)) AND ([u].[Deleted] = CAST(0 AS bit))) AND ([u].[Email] = @__username_0)) AND ([u].[Password] = @__password_1)
[2025-01-10 00:03:02.713 -05:00  INF]  Executing OkObjectResult, writing value of type 'StyleSphere.Models.ResponseModel'.
[2025-01-10 00:03:02.713 -05:00  INF]  Executed action StyleSphereWebAPI.Controllers.UserController.VerifyUser (StyleSphereWebAPI) in 897.9745ms
[2025-01-10 00:03:02.713 -05:00  INF]  Executed endpoint 'StyleSphereWebAPI.Controllers.UserController.VerifyUser (StyleSphereWebAPI)'
[2025-01-10 00:03:02.714 -05:00  INF]  Request finished HTTP/2 GET https://localhost:7106/api/User/VerifyUser?username=Ma@j.com&password=Max123 - - - 200 - application/json;+charset=utf-8 941.7067ms
[2025-01-10 00:03:02.735 -05:00  INF]  Request starting HTTP/2 OPTIONS https://localhost:7106/api/NavItems/GetAdminNavItems - -
[2025-01-10 00:03:02.735 -05:00  INF]  CORS policy execution successful.
[2025-01-10 00:03:02.736 -05:00  INF]  Request finished HTTP/2 OPTIONS https://localhost:7106/api/NavItems/GetAdminNavItems - - - 204 - - 0.7165ms
[2025-01-10 00:03:02.739 -05:00  INF]  Request starting HTTP/2 GET https://localhost:7106/api/NavItems/GetAdminNavItems - -
[2025-01-10 00:03:02.740 -05:00  INF]  CORS policy execution successful.
[2025-01-10 00:03:02.791 -05:00  INF]  Executing endpoint 'StyleSphereWebAPI.Controllers.NavItemsController.GetAdminNavItems (StyleSphereWebAPI)'
[2025-01-10 00:03:02.793 -05:00  INF]  Route matched with {action = "GetAdminNavItems", controller = "NavItems"}. Executing controller action with signature Microsoft.AspNetCore.Mvc.IActionResult GetAdminNavItems() on controller StyleSphereWebAPI.Controllers.NavItemsController (StyleSphereWebAPI).
[2025-01-10 00:03:02.799 -05:00  INF]  Entity Framework Core 6.0.36 initialized 'StyleSphereContext' using provider 'Microsoft.EntityFrameworkCore.SqlServer:6.0.36' with options: None
[2025-01-10 00:03:02.800 -05:00  INF]  Executing OkObjectResult, writing value of type 'StyleSphere.Models.ResponseModel'.
[2025-01-10 00:03:03.029 -05:00  INF]  Executed DbCommand (121ms) [Parameters=[], CommandType='"Text"', CommandTimeout='30']
SELECT [a].[Id], [a].[Name], [a].[Url], [a].[Icon], [a].[SortOrder]
FROM [AdminNavItems] AS [a]
WHERE [a].[Enabled] = CAST(1 AS bit)
ORDER BY [a].[SortOrder]
[2025-01-10 00:03:03.096 -05:00  INF]  Executed action StyleSphereWebAPI.Controllers.NavItemsController.GetAdminNavItems (StyleSphereWebAPI) in 302.3234ms
[2025-01-10 00:03:03.098 -05:00  INF]  Executed endpoint 'StyleSphereWebAPI.Controllers.NavItemsController.GetAdminNavItems (StyleSphereWebAPI)'
[2025-01-10 00:03:03.117 -05:00  INF]  Request finished HTTP/2 GET https://localhost:7106/api/NavItems/GetAdminNavItems - - - 200 - application/json;+charset=utf-8 377.5362ms
[2025-01-10 00:11:23.208 -05:00  INF]  User profile is available. Using 'C:\Users\inbox\AppData\Local\ASP.NET\DataProtection-Keys' as key repository and Windows DPAPI to encrypt keys at rest.
[2025-01-10 00:11:23.718 -05:00  INF]  Now listening on: https://localhost:7106
[2025-01-10 00:11:23.718 -05:00  INF]  Now listening on: http://localhost:5081
[2025-01-10 00:11:23.722 -05:00  INF]  Application started. Press Ctrl+C to shut down.
[2025-01-10 00:11:23.722 -05:00  INF]  Hosting environment: Development
[2025-01-10 00:11:23.722 -05:00  INF]  Content root path: D:\Internship\StyleSphere\StyleSphereAPI\StyleSphereWebAPI\
[2025-01-10 00:11:25.100 -05:00  INF]  Request starting HTTP/2 GET https://localhost:7106/swagger/index.html - -
[2025-01-10 00:11:25.894 -05:00  INF]  Request finished HTTP/2 GET https://localhost:7106/swagger/index.html - - - 200 - text/html;charset=utf-8 807.3021ms
[2025-01-10 00:11:25.915 -05:00  INF]  Request starting HTTP/2 GET https://localhost:7106/_vs/browserLink - -
[2025-01-10 00:11:25.915 -05:00  INF]  Request starting HTTP/2 GET https://localhost:7106/_framework/aspnetcore-browser-refresh.js - -
[2025-01-10 00:11:25.923 -05:00  INF]  Request finished HTTP/2 GET https://localhost:7106/_framework/aspnetcore-browser-refresh.js - - - 200 13770 application/javascript;+charset=utf-8 7.9561ms
[2025-01-10 00:11:26.013 -05:00  INF]  Request starting HTTP/2 OPTIONS https://localhost:7106/api/NavItems/GetAdminNavItems - -
[2025-01-10 00:11:26.026 -05:00  INF]  CORS policy execution successful.
[2025-01-10 00:11:26.032 -05:00  INF]  Request finished HTTP/2 OPTIONS https://localhost:7106/api/NavItems/GetAdminNavItems - - - 204 - - 18.9888ms
[2025-01-10 00:11:26.037 -05:00  INF]  Request finished HTTP/2 GET https://localhost:7106/_vs/browserLink - - - 200 - text/javascript;+charset=UTF-8 121.7481ms
[2025-01-10 00:11:26.050 -05:00  INF]  Request starting HTTP/2 GET https://localhost:7106/api/NavItems/GetAdminNavItems - -
[2025-01-10 00:11:26.056 -05:00  INF]  CORS policy execution successful.
[2025-01-10 00:11:26.199 -05:00  INF]  Request starting HTTP/2 GET https://localhost:7106/swagger/v1/swagger.json - -
[2025-01-10 00:11:26.408 -05:00  INF]  Request finished HTTP/2 GET https://localhost:7106/swagger/v1/swagger.json - - - 200 - application/json;charset=utf-8 208.8909ms
[2025-01-10 00:11:26.502 -05:00  INF]  Failed to validate the token.
Microsoft.IdentityModel.Tokens.SecurityTokenExpiredException: IDX10223: Lifetime validation failed. The token is expired. ValidTo (UTC): '10-01-2025 05:08:02', Current time (UTC): '10-01-2025 05:11:26'.
   at Microsoft.IdentityModel.Tokens.Validators.ValidateLifetime(Nullable`1 notBefore, Nullable`1 expires, SecurityToken securityToken, TokenValidationParameters validationParameters)
   at System.IdentityModel.Tokens.Jwt.JwtSecurityTokenHandler.ValidateTokenPayload(JwtSecurityToken jwtToken, TokenValidationParameters validationParameters, BaseConfiguration configuration)
   at System.IdentityModel.Tokens.Jwt.JwtSecurityTokenHandler.ValidateJWS(String token, TokenValidationParameters validationParameters, BaseConfiguration currentConfiguration, SecurityToken& signatureValidatedToken, ExceptionDispatchInfo& exceptionThrown)
--- End of stack trace from previous location ---
   at System.IdentityModel.Tokens.Jwt.JwtSecurityTokenHandler.ValidateToken(String token, JwtSecurityToken outerToken, TokenValidationParameters validationParameters, SecurityToken& signatureValidatedToken)
   at System.IdentityModel.Tokens.Jwt.JwtSecurityTokenHandler.ValidateToken(String token, TokenValidationParameters validationParameters, SecurityToken& validatedToken)
   at Microsoft.AspNetCore.Authentication.JwtBearer.JwtBearerHandler.HandleAuthenticateAsync()
[2025-01-10 00:11:26.560 -05:00  INF]  Bearer was not authenticated. Failure message: IDX10223: Lifetime validation failed. The token is expired. ValidTo (UTC): '10-01-2025 05:08:02', Current time (UTC): '10-01-2025 05:11:26'.
[2025-01-10 00:11:26.565 -05:00  INF]  Executing endpoint 'StyleSphereWebAPI.Controllers.NavItemsController.GetAdminNavItems (StyleSphereWebAPI)'
[2025-01-10 00:11:26.574 -05:00  INF]  Route matched with {action = "GetAdminNavItems", controller = "NavItems"}. Executing controller action with signature Microsoft.AspNetCore.Mvc.IActionResult GetAdminNavItems() on controller StyleSphereWebAPI.Controllers.NavItemsController (StyleSphereWebAPI).
[2025-01-10 00:11:27.585 -05:00  WRN]  No store type was specified for the decimal property 'SortOrder' on entity type 'AdminNavItem'. This will cause values to be silently truncated if they do not fit in the default precision and scale. Explicitly specify the SQL server column type that can accommodate all the values in 'OnModelCreating' using 'HasColumnType', specify precision and scale using 'HasPrecision', or configure a value converter using 'HasConversion'.
[2025-01-10 00:11:27.585 -05:00  WRN]  No store type was specified for the decimal property 'SortOrder' on entity type 'NavItem'. This will cause values to be silently truncated if they do not fit in the default precision and scale. Explicitly specify the SQL server column type that can accommodate all the values in 'OnModelCreating' using 'HasColumnType', specify precision and scale using 'HasPrecision', or configure a value converter using 'HasConversion'.
[2025-01-10 00:11:27.585 -05:00  WRN]  No store type was specified for the decimal property 'UnitPrice' on entity type 'Product'. This will cause values to be silently truncated if they do not fit in the default precision and scale. Explicitly specify the SQL server column type that can accommodate all the values in 'OnModelCreating' using 'HasColumnType', specify precision and scale using 'HasPrecision', or configure a value converter using 'HasConversion'.
[2025-01-10 00:11:27.750 -05:00  INF]  Entity Framework Core 6.0.36 initialized 'StyleSphereContext' using provider 'Microsoft.EntityFrameworkCore.SqlServer:6.0.36' with options: None
[2025-01-10 00:11:27.756 -05:00  INF]  Executing OkObjectResult, writing value of type 'StyleSphere.Models.ResponseModel'.
[2025-01-10 00:11:29.240 -05:00  INF]  Executed DbCommand (141ms) [Parameters=[], CommandType='"Text"', CommandTimeout='30']
SELECT [a].[Id], [a].[Name], [a].[Url], [a].[Icon], [a].[SortOrder]
FROM [AdminNavItems] AS [a]
WHERE [a].[Enabled] = CAST(1 AS bit)
ORDER BY [a].[SortOrder]
[2025-01-10 00:11:29.359 -05:00  INF]  Executed action StyleSphereWebAPI.Controllers.NavItemsController.GetAdminNavItems (StyleSphereWebAPI) in 2776.1434ms
[2025-01-10 00:11:29.361 -05:00  INF]  Executed endpoint 'StyleSphereWebAPI.Controllers.NavItemsController.GetAdminNavItems (StyleSphereWebAPI)'
[2025-01-10 00:11:29.379 -05:00  INF]  Request finished HTTP/2 GET https://localhost:7106/api/NavItems/GetAdminNavItems - - - 200 - application/json;+charset=utf-8 3329.2440ms
[2025-01-10 00:12:02.913 -05:00  INF]  Request starting HTTP/2 OPTIONS https://localhost:7106/api/NavItems/GetAdminNavItems - -
[2025-01-10 00:12:02.914 -05:00  INF]  CORS policy execution successful.
[2025-01-10 00:12:02.915 -05:00  INF]  Request finished HTTP/2 OPTIONS https://localhost:7106/api/NavItems/GetAdminNavItems - - - 204 - - 2.7462ms
[2025-01-10 00:12:02.931 -05:00  INF]  Request starting HTTP/2 GET https://localhost:7106/api/NavItems/GetAdminNavItems - -
[2025-01-10 00:12:02.932 -05:00  INF]  CORS policy execution successful.
[2025-01-10 00:12:02.935 -05:00  INF]  Failed to validate the token.
Microsoft.IdentityModel.Tokens.SecurityTokenExpiredException: IDX10223: Lifetime validation failed. The token is expired. ValidTo (UTC): '10-01-2025 05:08:02', Current time (UTC): '10-01-2025 05:12:02'.
   at Microsoft.IdentityModel.Tokens.Validators.ValidateLifetime(Nullable`1 notBefore, Nullable`1 expires, SecurityToken securityToken, TokenValidationParameters validationParameters)
   at System.IdentityModel.Tokens.Jwt.JwtSecurityTokenHandler.ValidateTokenPayload(JwtSecurityToken jwtToken, TokenValidationParameters validationParameters, BaseConfiguration configuration)
   at System.IdentityModel.Tokens.Jwt.JwtSecurityTokenHandler.ValidateJWS(String token, TokenValidationParameters validationParameters, BaseConfiguration currentConfiguration, SecurityToken& signatureValidatedToken, ExceptionDispatchInfo& exceptionThrown)
--- End of stack trace from previous location ---
   at System.IdentityModel.Tokens.Jwt.JwtSecurityTokenHandler.ValidateToken(String token, JwtSecurityToken outerToken, TokenValidationParameters validationParameters, SecurityToken& signatureValidatedToken)
   at System.IdentityModel.Tokens.Jwt.JwtSecurityTokenHandler.ValidateToken(String token, TokenValidationParameters validationParameters, SecurityToken& validatedToken)
   at Microsoft.AspNetCore.Authentication.JwtBearer.JwtBearerHandler.HandleAuthenticateAsync()
[2025-01-10 00:12:02.936 -05:00  INF]  Bearer was not authenticated. Failure message: IDX10223: Lifetime validation failed. The token is expired. ValidTo (UTC): '10-01-2025 05:08:02', Current time (UTC): '10-01-2025 05:12:02'.
[2025-01-10 00:12:02.937 -05:00  INF]  Executing endpoint 'StyleSphereWebAPI.Controllers.NavItemsController.GetAdminNavItems (StyleSphereWebAPI)'
[2025-01-10 00:12:02.937 -05:00  INF]  Route matched with {action = "GetAdminNavItems", controller = "NavItems"}. Executing controller action with signature Microsoft.AspNetCore.Mvc.IActionResult GetAdminNavItems() on controller StyleSphereWebAPI.Controllers.NavItemsController (StyleSphereWebAPI).
[2025-01-10 00:12:03.015 -05:00  INF]  Entity Framework Core 6.0.36 initialized 'StyleSphereContext' using provider 'Microsoft.EntityFrameworkCore.SqlServer:6.0.36' with options: None
[2025-01-10 00:12:03.017 -05:00  INF]  Executing OkObjectResult, writing value of type 'StyleSphere.Models.ResponseModel'.
[2025-01-10 00:12:03.052 -05:00  INF]  Executed DbCommand (19ms) [Parameters=[], CommandType='"Text"', CommandTimeout='30']
SELECT [a].[Id], [a].[Name], [a].[Url], [a].[Icon], [a].[SortOrder]
FROM [AdminNavItems] AS [a]
WHERE [a].[Enabled] = CAST(1 AS bit)
ORDER BY [a].[SortOrder]
[2025-01-10 00:12:03.053 -05:00  INF]  Executed action StyleSphereWebAPI.Controllers.NavItemsController.GetAdminNavItems (StyleSphereWebAPI) in 115.6822ms
[2025-01-10 00:12:03.054 -05:00  INF]  Executed endpoint 'StyleSphereWebAPI.Controllers.NavItemsController.GetAdminNavItems (StyleSphereWebAPI)'
[2025-01-10 00:12:03.055 -05:00  INF]  Request finished HTTP/2 GET https://localhost:7106/api/NavItems/GetAdminNavItems - - - 200 - application/json;+charset=utf-8 123.7849ms
[2025-01-10 00:12:07.074 -05:00  INF]  Request starting HTTP/2 OPTIONS https://localhost:7106/api/Products/GetAllProducts - -
[2025-01-10 00:12:07.074 -05:00  INF]  CORS policy execution successful.
[2025-01-10 00:12:07.074 -05:00  INF]  Request finished HTTP/2 OPTIONS https://localhost:7106/api/Products/GetAllProducts - - - 204 - - 0.4909ms
[2025-01-10 00:12:07.077 -05:00  INF]  Request starting HTTP/2 GET https://localhost:7106/api/Products/GetAllProducts - -
[2025-01-10 00:12:07.077 -05:00  INF]  CORS policy execution successful.
[2025-01-10 00:12:07.084 -05:00  INF]  Failed to validate the token.
Microsoft.IdentityModel.Tokens.SecurityTokenExpiredException: IDX10223: Lifetime validation failed. The token is expired. ValidTo (UTC): '10-01-2025 05:08:02', Current time (UTC): '10-01-2025 05:12:07'.
   at Microsoft.IdentityModel.Tokens.Validators.ValidateLifetime(Nullable`1 notBefore, Nullable`1 expires, SecurityToken securityToken, TokenValidationParameters validationParameters)
   at System.IdentityModel.Tokens.Jwt.JwtSecurityTokenHandler.ValidateTokenPayload(JwtSecurityToken jwtToken, TokenValidationParameters validationParameters, BaseConfiguration configuration)
   at System.IdentityModel.Tokens.Jwt.JwtSecurityTokenHandler.ValidateJWS(String token, TokenValidationParameters validationParameters, BaseConfiguration currentConfiguration, SecurityToken& signatureValidatedToken, ExceptionDispatchInfo& exceptionThrown)
--- End of stack trace from previous location ---
   at System.IdentityModel.Tokens.Jwt.JwtSecurityTokenHandler.ValidateToken(String token, JwtSecurityToken outerToken, TokenValidationParameters validationParameters, SecurityToken& signatureValidatedToken)
   at System.IdentityModel.Tokens.Jwt.JwtSecurityTokenHandler.ValidateToken(String token, TokenValidationParameters validationParameters, SecurityToken& validatedToken)
   at Microsoft.AspNetCore.Authentication.JwtBearer.JwtBearerHandler.HandleAuthenticateAsync()
[2025-01-10 00:12:07.085 -05:00  INF]  Bearer was not authenticated. Failure message: IDX10223: Lifetime validation failed. The token is expired. ValidTo (UTC): '10-01-2025 05:08:02', Current time (UTC): '10-01-2025 05:12:07'.
[2025-01-10 00:12:07.091 -05:00  INF]  Request starting HTTP/2 GET https://localhost:7106/api/NavItems/GetAdminNavItems - -
[2025-01-10 00:12:07.091 -05:00  INF]  CORS policy execution successful.
[2025-01-10 00:12:07.093 -05:00  INF]  Failed to validate the token.
Microsoft.IdentityModel.Tokens.SecurityTokenExpiredException: IDX10223: Lifetime validation failed. The token is expired. ValidTo (UTC): '10-01-2025 05:08:02', Current time (UTC): '10-01-2025 05:12:07'.
   at Microsoft.IdentityModel.Tokens.Validators.ValidateLifetime(Nullable`1 notBefore, Nullable`1 expires, SecurityToken securityToken, TokenValidationParameters validationParameters)
   at System.IdentityModel.Tokens.Jwt.JwtSecurityTokenHandler.ValidateTokenPayload(JwtSecurityToken jwtToken, TokenValidationParameters validationParameters, BaseConfiguration configuration)
   at System.IdentityModel.Tokens.Jwt.JwtSecurityTokenHandler.ValidateJWS(String token, TokenValidationParameters validationParameters, BaseConfiguration currentConfiguration, SecurityToken& signatureValidatedToken, ExceptionDispatchInfo& exceptionThrown)
--- End of stack trace from previous location ---
   at System.IdentityModel.Tokens.Jwt.JwtSecurityTokenHandler.ValidateToken(String token, JwtSecurityToken outerToken, TokenValidationParameters validationParameters, SecurityToken& signatureValidatedToken)
   at System.IdentityModel.Tokens.Jwt.JwtSecurityTokenHandler.ValidateToken(String token, TokenValidationParameters validationParameters, SecurityToken& validatedToken)
   at Microsoft.AspNetCore.Authentication.JwtBearer.JwtBearerHandler.HandleAuthenticateAsync()
[2025-01-10 00:12:07.094 -05:00  INF]  Bearer was not authenticated. Failure message: IDX10223: Lifetime validation failed. The token is expired. ValidTo (UTC): '10-01-2025 05:08:02', Current time (UTC): '10-01-2025 05:12:07'.
[2025-01-10 00:12:07.094 -05:00  INF]  Executing endpoint 'StyleSphereWebAPI.Controllers.NavItemsController.GetAdminNavItems (StyleSphereWebAPI)'
[2025-01-10 00:12:07.094 -05:00  INF]  Route matched with {action = "GetAdminNavItems", controller = "NavItems"}. Executing controller action with signature Microsoft.AspNetCore.Mvc.IActionResult GetAdminNavItems() on controller StyleSphereWebAPI.Controllers.NavItemsController (StyleSphereWebAPI).
[2025-01-10 00:12:07.109 -05:00  INF]  Authorization failed. These requirements were not met:
DenyAnonymousAuthorizationRequirement: Requires an authenticated user.
[2025-01-10 00:12:07.141 -05:00  INF]  AuthenticationScheme: Bearer was challenged.
[2025-01-10 00:12:07.143 -05:00  INF]  Request finished HTTP/2 GET https://localhost:7106/api/Products/GetAllProducts - - - 401 0 - 66.2327ms
[2025-01-10 00:12:07.217 -05:00  INF]  Entity Framework Core 6.0.36 initialized 'StyleSphereContext' using provider 'Microsoft.EntityFrameworkCore.SqlServer:6.0.36' with options: None
[2025-01-10 00:12:07.217 -05:00  INF]  Executing OkObjectResult, writing value of type 'StyleSphere.Models.ResponseModel'.
[2025-01-10 00:12:07.221 -05:00  INF]  Executed DbCommand (2ms) [Parameters=[], CommandType='"Text"', CommandTimeout='30']
SELECT [a].[Id], [a].[Name], [a].[Url], [a].[Icon], [a].[SortOrder]
FROM [AdminNavItems] AS [a]
WHERE [a].[Enabled] = CAST(1 AS bit)
ORDER BY [a].[SortOrder]
[2025-01-10 00:12:07.222 -05:00  INF]  Executed action StyleSphereWebAPI.Controllers.NavItemsController.GetAdminNavItems (StyleSphereWebAPI) in 128.004ms
[2025-01-10 00:12:07.222 -05:00  INF]  Executed endpoint 'StyleSphereWebAPI.Controllers.NavItemsController.GetAdminNavItems (StyleSphereWebAPI)'
[2025-01-10 00:12:07.222 -05:00  INF]  Request finished HTTP/2 GET https://localhost:7106/api/NavItems/GetAdminNavItems - - - 200 - application/json;+charset=utf-8 131.1407ms
[2025-01-10 00:14:42.449 -05:00  INF]  Request starting HTTP/2 OPTIONS https://localhost:7106/api/Products/GetAllProducts - -
[2025-01-10 00:14:42.449 -05:00  INF]  CORS policy execution successful.
[2025-01-10 00:14:42.455 -05:00  INF]  Request finished HTTP/2 OPTIONS https://localhost:7106/api/Products/GetAllProducts - - - 204 - - 6.4537ms
[2025-01-10 00:14:42.463 -05:00  INF]  Request starting HTTP/2 GET https://localhost:7106/api/Products/GetAllProducts - -
[2025-01-10 00:14:42.464 -05:00  INF]  CORS policy execution successful.
[2025-01-10 00:14:42.466 -05:00  INF]  Failed to validate the token.
Microsoft.IdentityModel.Tokens.SecurityTokenExpiredException: IDX10223: Lifetime validation failed. The token is expired. ValidTo (UTC): '10-01-2025 05:08:02', Current time (UTC): '10-01-2025 05:14:42'.
   at Microsoft.IdentityModel.Tokens.Validators.ValidateLifetime(Nullable`1 notBefore, Nullable`1 expires, SecurityToken securityToken, TokenValidationParameters validationParameters)
   at System.IdentityModel.Tokens.Jwt.JwtSecurityTokenHandler.ValidateTokenPayload(JwtSecurityToken jwtToken, TokenValidationParameters validationParameters, BaseConfiguration configuration)
   at System.IdentityModel.Tokens.Jwt.JwtSecurityTokenHandler.ValidateJWS(String token, TokenValidationParameters validationParameters, BaseConfiguration currentConfiguration, SecurityToken& signatureValidatedToken, ExceptionDispatchInfo& exceptionThrown)
--- End of stack trace from previous location ---
   at System.IdentityModel.Tokens.Jwt.JwtSecurityTokenHandler.ValidateToken(String token, JwtSecurityToken outerToken, TokenValidationParameters validationParameters, SecurityToken& signatureValidatedToken)
   at System.IdentityModel.Tokens.Jwt.JwtSecurityTokenHandler.ValidateToken(String token, TokenValidationParameters validationParameters, SecurityToken& validatedToken)
   at Microsoft.AspNetCore.Authentication.JwtBearer.JwtBearerHandler.HandleAuthenticateAsync()
[2025-01-10 00:14:42.467 -05:00  INF]  Bearer was not authenticated. Failure message: IDX10223: Lifetime validation failed. The token is expired. ValidTo (UTC): '10-01-2025 05:08:02', Current time (UTC): '10-01-2025 05:14:42'.
[2025-01-10 00:14:42.468 -05:00  INF]  Authorization failed. These requirements were not met:
DenyAnonymousAuthorizationRequirement: Requires an authenticated user.
[2025-01-10 00:14:42.469 -05:00  INF]  AuthenticationScheme: Bearer was challenged.
[2025-01-10 00:14:42.469 -05:00  INF]  Request finished HTTP/2 GET https://localhost:7106/api/Products/GetAllProducts - - - 401 0 - 5.7113ms
[2025-01-10 00:14:42.502 -05:00  INF]  Request starting HTTP/2 OPTIONS https://localhost:7106/api/NavItems/GetAdminNavItems - -
[2025-01-10 00:14:42.502 -05:00  INF]  CORS policy execution successful.
[2025-01-10 00:14:42.503 -05:00  INF]  Request finished HTTP/2 OPTIONS https://localhost:7106/api/NavItems/GetAdminNavItems - - - 204 - - 0.6610ms
[2025-01-10 00:14:42.506 -05:00  INF]  Request starting HTTP/2 GET https://localhost:7106/api/NavItems/GetAdminNavItems - -
[2025-01-10 00:14:42.506 -05:00  INF]  CORS policy execution successful.
[2025-01-10 00:14:42.507 -05:00  INF]  Failed to validate the token.
Microsoft.IdentityModel.Tokens.SecurityTokenExpiredException: IDX10223: Lifetime validation failed. The token is expired. ValidTo (UTC): '10-01-2025 05:08:02', Current time (UTC): '10-01-2025 05:14:42'.
   at Microsoft.IdentityModel.Tokens.Validators.ValidateLifetime(Nullable`1 notBefore, Nullable`1 expires, SecurityToken securityToken, TokenValidationParameters validationParameters)
   at System.IdentityModel.Tokens.Jwt.JwtSecurityTokenHandler.ValidateTokenPayload(JwtSecurityToken jwtToken, TokenValidationParameters validationParameters, BaseConfiguration configuration)
   at System.IdentityModel.Tokens.Jwt.JwtSecurityTokenHandler.ValidateJWS(String token, TokenValidationParameters validationParameters, BaseConfiguration currentConfiguration, SecurityToken& signatureValidatedToken, ExceptionDispatchInfo& exceptionThrown)
--- End of stack trace from previous location ---
   at System.IdentityModel.Tokens.Jwt.JwtSecurityTokenHandler.ValidateToken(String token, JwtSecurityToken outerToken, TokenValidationParameters validationParameters, SecurityToken& signatureValidatedToken)
   at System.IdentityModel.Tokens.Jwt.JwtSecurityTokenHandler.ValidateToken(String token, TokenValidationParameters validationParameters, SecurityToken& validatedToken)
   at Microsoft.AspNetCore.Authentication.JwtBearer.JwtBearerHandler.HandleAuthenticateAsync()
[2025-01-10 00:14:42.507 -05:00  INF]  Bearer was not authenticated. Failure message: IDX10223: Lifetime validation failed. The token is expired. ValidTo (UTC): '10-01-2025 05:08:02', Current time (UTC): '10-01-2025 05:14:42'.
[2025-01-10 00:14:42.507 -05:00  INF]  Executing endpoint 'StyleSphereWebAPI.Controllers.NavItemsController.GetAdminNavItems (StyleSphereWebAPI)'
[2025-01-10 00:14:42.507 -05:00  INF]  Route matched with {action = "GetAdminNavItems", controller = "NavItems"}. Executing controller action with signature Microsoft.AspNetCore.Mvc.IActionResult GetAdminNavItems() on controller StyleSphereWebAPI.Controllers.NavItemsController (StyleSphereWebAPI).
[2025-01-10 00:14:42.509 -05:00  INF]  Entity Framework Core 6.0.36 initialized 'StyleSphereContext' using provider 'Microsoft.EntityFrameworkCore.SqlServer:6.0.36' with options: None
[2025-01-10 00:14:42.510 -05:00  INF]  Executing OkObjectResult, writing value of type 'StyleSphere.Models.ResponseModel'.
[2025-01-10 00:14:42.516 -05:00  INF]  Executed DbCommand (5ms) [Parameters=[], CommandType='"Text"', CommandTimeout='30']
SELECT [a].[Id], [a].[Name], [a].[Url], [a].[Icon], [a].[SortOrder]
FROM [AdminNavItems] AS [a]
WHERE [a].[Enabled] = CAST(1 AS bit)
ORDER BY [a].[SortOrder]
[2025-01-10 00:14:42.516 -05:00  INF]  Executed action StyleSphereWebAPI.Controllers.NavItemsController.GetAdminNavItems (StyleSphereWebAPI) in 8.9049ms
[2025-01-10 00:14:42.516 -05:00  INF]  Executed endpoint 'StyleSphereWebAPI.Controllers.NavItemsController.GetAdminNavItems (StyleSphereWebAPI)'
[2025-01-10 00:14:42.516 -05:00  INF]  Request finished HTTP/2 GET https://localhost:7106/api/NavItems/GetAdminNavItems - - - 200 - application/json;+charset=utf-8 10.7233ms
[2025-01-10 00:14:52.174 -05:00  INF]  Request starting HTTP/2 OPTIONS https://localhost:7106/api/NavItems/GetAllNavItems - -
[2025-01-10 00:14:52.174 -05:00  INF]  CORS policy execution successful.
[2025-01-10 00:14:52.174 -05:00  INF]  Request finished HTTP/2 OPTIONS https://localhost:7106/api/NavItems/GetAllNavItems - - - 204 - - 0.4304ms
[2025-01-10 00:14:52.178 -05:00  INF]  Request starting HTTP/2 GET https://localhost:7106/api/NavItems/GetAllNavItems - -
[2025-01-10 00:14:52.179 -05:00  INF]  CORS policy execution successful.
[2025-01-10 00:14:52.179 -05:00  INF]  Failed to validate the token.
Microsoft.IdentityModel.Tokens.SecurityTokenExpiredException: IDX10223: Lifetime validation failed. The token is expired. ValidTo (UTC): '10-01-2025 05:08:02', Current time (UTC): '10-01-2025 05:14:52'.
   at Microsoft.IdentityModel.Tokens.Validators.ValidateLifetime(Nullable`1 notBefore, Nullable`1 expires, SecurityToken securityToken, TokenValidationParameters validationParameters)
   at System.IdentityModel.Tokens.Jwt.JwtSecurityTokenHandler.ValidateTokenPayload(JwtSecurityToken jwtToken, TokenValidationParameters validationParameters, BaseConfiguration configuration)
   at System.IdentityModel.Tokens.Jwt.JwtSecurityTokenHandler.ValidateJWS(String token, TokenValidationParameters validationParameters, BaseConfiguration currentConfiguration, SecurityToken& signatureValidatedToken, ExceptionDispatchInfo& exceptionThrown)
--- End of stack trace from previous location ---
   at System.IdentityModel.Tokens.Jwt.JwtSecurityTokenHandler.ValidateToken(String token, JwtSecurityToken outerToken, TokenValidationParameters validationParameters, SecurityToken& signatureValidatedToken)
   at System.IdentityModel.Tokens.Jwt.JwtSecurityTokenHandler.ValidateToken(String token, TokenValidationParameters validationParameters, SecurityToken& validatedToken)
   at Microsoft.AspNetCore.Authentication.JwtBearer.JwtBearerHandler.HandleAuthenticateAsync()
[2025-01-10 00:14:52.180 -05:00  INF]  Bearer was not authenticated. Failure message: IDX10223: Lifetime validation failed. The token is expired. ValidTo (UTC): '10-01-2025 05:08:02', Current time (UTC): '10-01-2025 05:14:52'.
[2025-01-10 00:14:52.180 -05:00  INF]  Executing endpoint 'StyleSphereWebAPI.Controllers.NavItemsController.GetAllNavItems (StyleSphereWebAPI)'
[2025-01-10 00:14:52.182 -05:00  INF]  Route matched with {action = "GetAllNavItems", controller = "NavItems"}. Executing controller action with signature Microsoft.AspNetCore.Mvc.IActionResult GetAllNavItems() on controller StyleSphereWebAPI.Controllers.NavItemsController (StyleSphereWebAPI).
[2025-01-10 00:14:52.186 -05:00  INF]  Entity Framework Core 6.0.36 initialized 'StyleSphereContext' using provider 'Microsoft.EntityFrameworkCore.SqlServer:6.0.36' with options: None
[2025-01-10 00:14:52.243 -05:00  INF]  Executed DbCommand (10ms) [Parameters=[], CommandType='"Text"', CommandTimeout='30']
SELECT [n].[Id], [n].[Name], [n].[Url], [n].[icon] AS [Icon], [n].[SortOrder]
FROM [NavItems] AS [n]
WHERE [n].[Enabled] = CAST(1 AS bit)
ORDER BY [n].[SortOrder]
[2025-01-10 00:14:52.250 -05:00  INF]  Executing OkObjectResult, writing value of type 'StyleSphere.Models.ResponseModel'.
[2025-01-10 00:14:52.251 -05:00  INF]  Executed action StyleSphereWebAPI.Controllers.NavItemsController.GetAllNavItems (StyleSphereWebAPI) in 68.5191ms
[2025-01-10 00:14:52.251 -05:00  INF]  Executed endpoint 'StyleSphereWebAPI.Controllers.NavItemsController.GetAllNavItems (StyleSphereWebAPI)'
[2025-01-10 00:14:52.252 -05:00  INF]  Request finished HTTP/2 GET https://localhost:7106/api/NavItems/GetAllNavItems - - - 200 - application/json;+charset=utf-8 73.7011ms
[2025-01-10 00:15:13.241 -05:00  INF]  Request starting HTTP/2 GET https://localhost:7106/swagger/index.html - -
[2025-01-10 00:15:13.276 -05:00  INF]  Request finished HTTP/2 GET https://localhost:7106/swagger/index.html - - - 200 - text/html;charset=utf-8 35.5628ms
[2025-01-10 00:15:13.296 -05:00  INF]  Request starting HTTP/2 GET https://localhost:7106/_framework/aspnetcore-browser-refresh.js - -
[2025-01-10 00:15:13.296 -05:00  INF]  Request starting HTTP/2 GET https://localhost:7106/_vs/browserLink - -
[2025-01-10 00:15:13.296 -05:00  INF]  Request finished HTTP/2 GET https://localhost:7106/_framework/aspnetcore-browser-refresh.js - - - 200 13770 application/javascript;+charset=utf-8 0.8943ms
[2025-01-10 00:15:13.335 -05:00  INF]  Request finished HTTP/2 GET https://localhost:7106/_vs/browserLink - - - 200 - text/javascript;+charset=UTF-8 39.0782ms
[2025-01-10 00:15:13.481 -05:00  INF]  Request starting HTTP/2 GET https://localhost:7106/swagger/v1/swagger.json - -
[2025-01-10 00:15:13.485 -05:00  INF]  Request finished HTTP/2 GET https://localhost:7106/swagger/v1/swagger.json - - - 200 - application/json;charset=utf-8 4.3828ms
[2025-01-10 00:15:31.563 -05:00  INF]  Request starting HTTP/2 OPTIONS https://localhost:7106/api/User/VerifyUser?username=Ma@j.com&password=Max123 - -
[2025-01-10 00:15:31.564 -05:00  INF]  CORS policy execution successful.
[2025-01-10 00:15:31.565 -05:00  INF]  Request finished HTTP/2 OPTIONS https://localhost:7106/api/User/VerifyUser?username=Ma@j.com&password=Max123 - - - 204 - - 1.3508ms
[2025-01-10 00:15:31.568 -05:00  INF]  Request starting HTTP/2 GET https://localhost:7106/api/User/VerifyUser?username=Ma@j.com&password=Max123 - -
[2025-01-10 00:15:31.570 -05:00  INF]  CORS policy execution successful.
[2025-01-10 00:15:31.571 -05:00  INF]  Failed to validate the token.
Microsoft.IdentityModel.Tokens.SecurityTokenExpiredException: IDX10223: Lifetime validation failed. The token is expired. ValidTo (UTC): '10-01-2025 05:08:02', Current time (UTC): '10-01-2025 05:15:31'.
   at Microsoft.IdentityModel.Tokens.Validators.ValidateLifetime(Nullable`1 notBefore, Nullable`1 expires, SecurityToken securityToken, TokenValidationParameters validationParameters)
   at System.IdentityModel.Tokens.Jwt.JwtSecurityTokenHandler.ValidateTokenPayload(JwtSecurityToken jwtToken, TokenValidationParameters validationParameters, BaseConfiguration configuration)
   at System.IdentityModel.Tokens.Jwt.JwtSecurityTokenHandler.ValidateJWS(String token, TokenValidationParameters validationParameters, BaseConfiguration currentConfiguration, SecurityToken& signatureValidatedToken, ExceptionDispatchInfo& exceptionThrown)
--- End of stack trace from previous location ---
   at System.IdentityModel.Tokens.Jwt.JwtSecurityTokenHandler.ValidateToken(String token, JwtSecurityToken outerToken, TokenValidationParameters validationParameters, SecurityToken& signatureValidatedToken)
   at System.IdentityModel.Tokens.Jwt.JwtSecurityTokenHandler.ValidateToken(String token, TokenValidationParameters validationParameters, SecurityToken& validatedToken)
   at Microsoft.AspNetCore.Authentication.JwtBearer.JwtBearerHandler.HandleAuthenticateAsync()
[2025-01-10 00:15:31.572 -05:00  INF]  Bearer was not authenticated. Failure message: IDX10223: Lifetime validation failed. The token is expired. ValidTo (UTC): '10-01-2025 05:08:02', Current time (UTC): '10-01-2025 05:15:31'.
[2025-01-10 00:15:31.572 -05:00  INF]  Executing endpoint 'StyleSphereWebAPI.Controllers.UserController.VerifyUser (StyleSphereWebAPI)'
[2025-01-10 00:15:31.616 -05:00  INF]  Route matched with {action = "VerifyUser", controller = "User"}. Executing controller action with signature Microsoft.AspNetCore.Mvc.IActionResult VerifyUser(System.String, System.String) on controller StyleSphereWebAPI.Controllers.UserController (StyleSphereWebAPI).
[2025-01-10 00:15:31.686 -05:00  INF]  Entity Framework Core 6.0.36 initialized 'StyleSphereContext' using provider 'Microsoft.EntityFrameworkCore.SqlServer:6.0.36' with options: None
[2025-01-10 00:15:31.877 -05:00  INF]  Executed DbCommand (71ms) [Parameters=[@__username_0='?' (Size = 4000), @__password_1='?' (Size = 4000)], CommandType='"Text"', CommandTimeout='30']
SELECT TOP(1) [u].[Id], [u].[CreatedDate], [u].[Deleted], [u].[Email], [u].[Enabled], [u].[FirstName], [u].[LastName], [u].[ModifiedBy], [u].[ModifiedDate], [u].[Password], [u].[PasswordExpiryDate]
FROM [Users] AS [u]
WHERE ((([u].[Enabled] = CAST(1 AS bit)) AND ([u].[Deleted] = CAST(0 AS bit))) AND ([u].[Email] = @__username_0)) AND ([u].[Password] = @__password_1)
[2025-01-10 00:15:32.274 -05:00  INF]  Executing OkObjectResult, writing value of type 'StyleSphere.Models.ResponseModel'.
[2025-01-10 00:15:32.276 -05:00  INF]  Executed action StyleSphereWebAPI.Controllers.UserController.VerifyUser (StyleSphereWebAPI) in 659.3608ms
[2025-01-10 00:15:32.276 -05:00  INF]  Executed endpoint 'StyleSphereWebAPI.Controllers.UserController.VerifyUser (StyleSphereWebAPI)'
[2025-01-10 00:15:32.276 -05:00  INF]  Request finished HTTP/2 GET https://localhost:7106/api/User/VerifyUser?username=Ma@j.com&password=Max123 - - - 200 - application/json;+charset=utf-8 708.3020ms
[2025-01-10 00:15:32.296 -05:00  INF]  Request starting HTTP/2 OPTIONS https://localhost:7106/api/NavItems/GetAdminNavItems - -
[2025-01-10 00:15:32.296 -05:00  INF]  CORS policy execution successful.
[2025-01-10 00:15:32.297 -05:00  INF]  Request finished HTTP/2 OPTIONS https://localhost:7106/api/NavItems/GetAdminNavItems - - - 204 - - 1.4900ms
[2025-01-10 00:15:32.301 -05:00  INF]  Request starting HTTP/2 GET https://localhost:7106/api/NavItems/GetAdminNavItems - -
[2025-01-10 00:15:32.303 -05:00  INF]  CORS policy execution successful.
[2025-01-10 00:15:32.337 -05:00  INF]  Executing endpoint 'StyleSphereWebAPI.Controllers.NavItemsController.GetAdminNavItems (StyleSphereWebAPI)'
[2025-01-10 00:15:32.338 -05:00  INF]  Route matched with {action = "GetAdminNavItems", controller = "NavItems"}. Executing controller action with signature Microsoft.AspNetCore.Mvc.IActionResult GetAdminNavItems() on controller StyleSphereWebAPI.Controllers.NavItemsController (StyleSphereWebAPI).
[2025-01-10 00:15:32.340 -05:00  INF]  Entity Framework Core 6.0.36 initialized 'StyleSphereContext' using provider 'Microsoft.EntityFrameworkCore.SqlServer:6.0.36' with options: None
[2025-01-10 00:15:32.340 -05:00  INF]  Executing OkObjectResult, writing value of type 'StyleSphere.Models.ResponseModel'.
[2025-01-10 00:15:32.348 -05:00  INF]  Executed DbCommand (5ms) [Parameters=[], CommandType='"Text"', CommandTimeout='30']
SELECT [a].[Id], [a].[Name], [a].[Url], [a].[Icon], [a].[SortOrder]
FROM [AdminNavItems] AS [a]
WHERE [a].[Enabled] = CAST(1 AS bit)
ORDER BY [a].[SortOrder]
[2025-01-10 00:15:32.350 -05:00  INF]  Executed action StyleSphereWebAPI.Controllers.NavItemsController.GetAdminNavItems (StyleSphereWebAPI) in 11.5905ms
[2025-01-10 00:15:32.350 -05:00  INF]  Executed endpoint 'StyleSphereWebAPI.Controllers.NavItemsController.GetAdminNavItems (StyleSphereWebAPI)'
[2025-01-10 00:15:32.351 -05:00  INF]  Request finished HTTP/2 GET https://localhost:7106/api/NavItems/GetAdminNavItems - - - 200 - application/json;+charset=utf-8 49.6480ms
[2025-01-10 00:16:11.518 -05:00  INF]  Request starting HTTP/2 OPTIONS https://localhost:7106/api/Products/GetAllProducts - -
[2025-01-10 00:16:11.518 -05:00  INF]  CORS policy execution successful.
[2025-01-10 00:16:11.519 -05:00  INF]  Request finished HTTP/2 OPTIONS https://localhost:7106/api/Products/GetAllProducts - - - 204 - - 1.0608ms
[2025-01-10 00:16:11.523 -05:00  INF]  Request starting HTTP/2 GET https://localhost:7106/api/Products/GetAllProducts - -
[2025-01-10 00:16:11.523 -05:00  INF]  CORS policy execution successful.
[2025-01-10 00:16:11.525 -05:00  INF]  Executing endpoint 'StyleSphereWebAPI.Controllers.ProductsController.GetAllProducts (StyleSphereWebAPI)'
[2025-01-10 00:16:11.529 -05:00  INF]  Route matched with {action = "GetAllProducts", controller = "Products"}. Executing controller action with signature Microsoft.AspNetCore.Mvc.IActionResult GetAllProducts() on controller StyleSphereWebAPI.Controllers.ProductsController (StyleSphereWebAPI).
[2025-01-10 00:16:30.291 -05:00  INF]  Request starting HTTP/2 OPTIONS https://localhost:7106/api/NavItems/GetAdminNavItems - -
[2025-01-10 00:16:30.291 -05:00  INF]  CORS policy execution successful.
[2025-01-10 00:16:30.291 -05:00  INF]  Request finished HTTP/2 OPTIONS https://localhost:7106/api/NavItems/GetAdminNavItems - - - 204 - - 0.6295ms
[2025-01-10 00:16:30.324 -05:00  INF]  Request starting HTTP/2 GET https://localhost:7106/api/NavItems/GetAdminNavItems - -
[2025-01-10 00:16:30.324 -05:00  INF]  CORS policy execution successful.
[2025-01-10 00:16:30.325 -05:00  INF]  Executing endpoint 'StyleSphereWebAPI.Controllers.NavItemsController.GetAdminNavItems (StyleSphereWebAPI)'
[2025-01-10 00:16:30.326 -05:00  INF]  Route matched with {action = "GetAdminNavItems", controller = "NavItems"}. Executing controller action with signature Microsoft.AspNetCore.Mvc.IActionResult GetAdminNavItems() on controller StyleSphereWebAPI.Controllers.NavItemsController (StyleSphereWebAPI).
[2025-01-10 00:16:30.329 -05:00  INF]  Entity Framework Core 6.0.36 initialized 'StyleSphereContext' using provider 'Microsoft.EntityFrameworkCore.SqlServer:6.0.36' with options: None
[2025-01-10 00:16:30.330 -05:00  INF]  Executing OkObjectResult, writing value of type 'StyleSphere.Models.ResponseModel'.
[2025-01-10 00:16:40.787 -05:00  INF]  Executed DbCommand (10,455ms) [Parameters=[], CommandType='"Text"', CommandTimeout='30']
SELECT [a].[Id], [a].[Name], [a].[Url], [a].[Icon], [a].[SortOrder]
FROM [AdminNavItems] AS [a]
WHERE [a].[Enabled] = CAST(1 AS bit)
ORDER BY [a].[SortOrder]
[2025-01-10 00:16:41.850 -05:00  INF]  Executed action StyleSphereWebAPI.Controllers.NavItemsController.GetAdminNavItems (StyleSphereWebAPI) in 11523.6266ms
[2025-01-10 00:16:41.850 -05:00  INF]  Executed endpoint 'StyleSphereWebAPI.Controllers.NavItemsController.GetAdminNavItems (StyleSphereWebAPI)'
[2025-01-10 00:16:41.851 -05:00  ERR]  Object reference not set to an instance of an object.
[2025-01-10 00:16:41.851 -05:00  INF]  Request finished HTTP/2 GET https://localhost:7106/api/NavItems/GetAdminNavItems - - - 200 - application/json;+charset=utf-8 11527.0634ms
[2025-01-10 00:16:41.856 -05:00  INF]  Executing ObjectResult, writing value of type 'Microsoft.AspNetCore.Mvc.ProblemDetails'.
[2025-01-10 00:16:41.859 -05:00  INF]  Executed action StyleSphereWebAPI.Controllers.ProductsController.GetAllProducts (StyleSphereWebAPI) in 30330.6507ms
[2025-01-10 00:16:41.859 -05:00  INF]  Executed endpoint 'StyleSphereWebAPI.Controllers.ProductsController.GetAllProducts (StyleSphereWebAPI)'
[2025-01-10 00:16:41.860 -05:00  INF]  Request finished HTTP/2 GET https://localhost:7106/api/Products/GetAllProducts - - - 400 - application/problem+json;+charset=utf-8 30337.0338ms
[2025-01-10 00:18:04.943 -05:00  INF]  Request starting HTTP/2 OPTIONS https://localhost:7106/api/Products/GetAllProducts - -
[2025-01-10 00:18:04.944 -05:00  INF]  CORS policy execution successful.
[2025-01-10 00:18:04.944 -05:00  INF]  Request finished HTTP/2 OPTIONS https://localhost:7106/api/Products/GetAllProducts - - - 204 - - 1.1690ms
[2025-01-10 00:18:04.956 -05:00  INF]  Request starting HTTP/2 GET https://localhost:7106/api/Products/GetAllProducts - -
[2025-01-10 00:18:04.956 -05:00  INF]  CORS policy execution successful.
[2025-01-10 00:18:04.957 -05:00  INF]  Failed to validate the token.
Microsoft.IdentityModel.Tokens.SecurityTokenExpiredException: IDX10223: Lifetime validation failed. The token is expired. ValidTo (UTC): '10-01-2025 05:17:32', Current time (UTC): '10-01-2025 05:18:04'.
   at Microsoft.IdentityModel.Tokens.Validators.ValidateLifetime(Nullable`1 notBefore, Nullable`1 expires, SecurityToken securityToken, TokenValidationParameters validationParameters)
   at System.IdentityModel.Tokens.Jwt.JwtSecurityTokenHandler.ValidateTokenPayload(JwtSecurityToken jwtToken, TokenValidationParameters validationParameters, BaseConfiguration configuration)
   at System.IdentityModel.Tokens.Jwt.JwtSecurityTokenHandler.ValidateJWS(String token, TokenValidationParameters validationParameters, BaseConfiguration currentConfiguration, SecurityToken& signatureValidatedToken, ExceptionDispatchInfo& exceptionThrown)
--- End of stack trace from previous location ---
   at System.IdentityModel.Tokens.Jwt.JwtSecurityTokenHandler.ValidateToken(String token, JwtSecurityToken outerToken, TokenValidationParameters validationParameters, SecurityToken& signatureValidatedToken)
   at System.IdentityModel.Tokens.Jwt.JwtSecurityTokenHandler.ValidateToken(String token, TokenValidationParameters validationParameters, SecurityToken& validatedToken)
   at Microsoft.AspNetCore.Authentication.JwtBearer.JwtBearerHandler.HandleAuthenticateAsync()
[2025-01-10 00:18:04.957 -05:00  INF]  Bearer was not authenticated. Failure message: IDX10223: Lifetime validation failed. The token is expired. ValidTo (UTC): '10-01-2025 05:17:32', Current time (UTC): '10-01-2025 05:18:04'.
[2025-01-10 00:18:04.958 -05:00  INF]  Authorization failed. These requirements were not met:
DenyAnonymousAuthorizationRequirement: Requires an authenticated user.
[2025-01-10 00:18:04.958 -05:00  INF]  AuthenticationScheme: Bearer was challenged.
[2025-01-10 00:18:04.958 -05:00  INF]  Request finished HTTP/2 GET https://localhost:7106/api/Products/GetAllProducts - - - 401 0 - 2.0061ms
[2025-01-10 00:18:05.008 -05:00  INF]  Request starting HTTP/2 OPTIONS https://localhost:7106/api/NavItems/GetAdminNavItems - -
[2025-01-10 00:18:05.008 -05:00  INF]  CORS policy execution successful.
[2025-01-10 00:18:05.008 -05:00  INF]  Request finished HTTP/2 OPTIONS https://localhost:7106/api/NavItems/GetAdminNavItems - - - 204 - - 0.3536ms
[2025-01-10 00:18:05.013 -05:00  INF]  Request starting HTTP/2 GET https://localhost:7106/api/NavItems/GetAdminNavItems - -
[2025-01-10 00:18:05.013 -05:00  INF]  CORS policy execution successful.
[2025-01-10 00:18:05.014 -05:00  INF]  Failed to validate the token.
Microsoft.IdentityModel.Tokens.SecurityTokenExpiredException: IDX10223: Lifetime validation failed. The token is expired. ValidTo (UTC): '10-01-2025 05:17:32', Current time (UTC): '10-01-2025 05:18:05'.
   at Microsoft.IdentityModel.Tokens.Validators.ValidateLifetime(Nullable`1 notBefore, Nullable`1 expires, SecurityToken securityToken, TokenValidationParameters validationParameters)
   at System.IdentityModel.Tokens.Jwt.JwtSecurityTokenHandler.ValidateTokenPayload(JwtSecurityToken jwtToken, TokenValidationParameters validationParameters, BaseConfiguration configuration)
   at System.IdentityModel.Tokens.Jwt.JwtSecurityTokenHandler.ValidateJWS(String token, TokenValidationParameters validationParameters, BaseConfiguration currentConfiguration, SecurityToken& signatureValidatedToken, ExceptionDispatchInfo& exceptionThrown)
--- End of stack trace from previous location ---
   at System.IdentityModel.Tokens.Jwt.JwtSecurityTokenHandler.ValidateToken(String token, JwtSecurityToken outerToken, TokenValidationParameters validationParameters, SecurityToken& signatureValidatedToken)
   at System.IdentityModel.Tokens.Jwt.JwtSecurityTokenHandler.ValidateToken(String token, TokenValidationParameters validationParameters, SecurityToken& validatedToken)
   at Microsoft.AspNetCore.Authentication.JwtBearer.JwtBearerHandler.HandleAuthenticateAsync()
[2025-01-10 00:18:05.014 -05:00  INF]  Bearer was not authenticated. Failure message: IDX10223: Lifetime validation failed. The token is expired. ValidTo (UTC): '10-01-2025 05:17:32', Current time (UTC): '10-01-2025 05:18:05'.
[2025-01-10 00:18:05.014 -05:00  INF]  Executing endpoint 'StyleSphereWebAPI.Controllers.NavItemsController.GetAdminNavItems (StyleSphereWebAPI)'
[2025-01-10 00:18:05.024 -05:00  INF]  Route matched with {action = "GetAdminNavItems", controller = "NavItems"}. Executing controller action with signature Microsoft.AspNetCore.Mvc.IActionResult GetAdminNavItems() on controller StyleSphereWebAPI.Controllers.NavItemsController (StyleSphereWebAPI).
[2025-01-10 00:18:05.026 -05:00  INF]  Entity Framework Core 6.0.36 initialized 'StyleSphereContext' using provider 'Microsoft.EntityFrameworkCore.SqlServer:6.0.36' with options: None
[2025-01-10 00:18:05.026 -05:00  INF]  Executing OkObjectResult, writing value of type 'StyleSphere.Models.ResponseModel'.
[2025-01-10 00:18:05.040 -05:00  INF]  Executed DbCommand (13ms) [Parameters=[], CommandType='"Text"', CommandTimeout='30']
SELECT [a].[Id], [a].[Name], [a].[Url], [a].[Icon], [a].[SortOrder]
FROM [AdminNavItems] AS [a]
WHERE [a].[Enabled] = CAST(1 AS bit)
ORDER BY [a].[SortOrder]
[2025-01-10 00:18:05.040 -05:00  INF]  Executed action StyleSphereWebAPI.Controllers.NavItemsController.GetAdminNavItems (StyleSphereWebAPI) in 15.5205ms
[2025-01-10 00:18:05.040 -05:00  INF]  Executed endpoint 'StyleSphereWebAPI.Controllers.NavItemsController.GetAdminNavItems (StyleSphereWebAPI)'
[2025-01-10 00:18:05.041 -05:00  INF]  Request finished HTTP/2 GET https://localhost:7106/api/NavItems/GetAdminNavItems - - - 200 - application/json;+charset=utf-8 28.1846ms
[2025-01-10 00:18:05.144 -05:00  INF]  Request starting HTTP/2 OPTIONS https://localhost:7106/api/NavItems/GetAllNavItems - -
[2025-01-10 00:18:05.145 -05:00  INF]  CORS policy execution successful.
[2025-01-10 00:18:05.145 -05:00  INF]  Request finished HTTP/2 OPTIONS https://localhost:7106/api/NavItems/GetAllNavItems - - - 204 - - 1.2844ms
[2025-01-10 00:18:05.151 -05:00  INF]  Request starting HTTP/2 GET https://localhost:7106/api/NavItems/GetAllNavItems - -
[2025-01-10 00:18:05.151 -05:00  INF]  CORS policy execution successful.
[2025-01-10 00:18:05.153 -05:00  INF]  Failed to validate the token.
Microsoft.IdentityModel.Tokens.SecurityTokenExpiredException: IDX10223: Lifetime validation failed. The token is expired. ValidTo (UTC): '10-01-2025 05:17:32', Current time (UTC): '10-01-2025 05:18:05'.
   at Microsoft.IdentityModel.Tokens.Validators.ValidateLifetime(Nullable`1 notBefore, Nullable`1 expires, SecurityToken securityToken, TokenValidationParameters validationParameters)
   at System.IdentityModel.Tokens.Jwt.JwtSecurityTokenHandler.ValidateTokenPayload(JwtSecurityToken jwtToken, TokenValidationParameters validationParameters, BaseConfiguration configuration)
   at System.IdentityModel.Tokens.Jwt.JwtSecurityTokenHandler.ValidateJWS(String token, TokenValidationParameters validationParameters, BaseConfiguration currentConfiguration, SecurityToken& signatureValidatedToken, ExceptionDispatchInfo& exceptionThrown)
--- End of stack trace from previous location ---
   at System.IdentityModel.Tokens.Jwt.JwtSecurityTokenHandler.ValidateToken(String token, JwtSecurityToken outerToken, TokenValidationParameters validationParameters, SecurityToken& signatureValidatedToken)
   at System.IdentityModel.Tokens.Jwt.JwtSecurityTokenHandler.ValidateToken(String token, TokenValidationParameters validationParameters, SecurityToken& validatedToken)
   at Microsoft.AspNetCore.Authentication.JwtBearer.JwtBearerHandler.HandleAuthenticateAsync()
[2025-01-10 00:18:05.153 -05:00  INF]  Bearer was not authenticated. Failure message: IDX10223: Lifetime validation failed. The token is expired. ValidTo (UTC): '10-01-2025 05:17:32', Current time (UTC): '10-01-2025 05:18:05'.
[2025-01-10 00:18:05.153 -05:00  INF]  Executing endpoint 'StyleSphereWebAPI.Controllers.NavItemsController.GetAllNavItems (StyleSphereWebAPI)'
[2025-01-10 00:18:05.158 -05:00  INF]  Route matched with {action = "GetAllNavItems", controller = "NavItems"}. Executing controller action with signature Microsoft.AspNetCore.Mvc.IActionResult GetAllNavItems() on controller StyleSphereWebAPI.Controllers.NavItemsController (StyleSphereWebAPI).
[2025-01-10 00:18:05.160 -05:00  INF]  Entity Framework Core 6.0.36 initialized 'StyleSphereContext' using provider 'Microsoft.EntityFrameworkCore.SqlServer:6.0.36' with options: None
[2025-01-10 00:18:05.179 -05:00  INF]  Executed DbCommand (7ms) [Parameters=[], CommandType='"Text"', CommandTimeout='30']
SELECT [n].[Id], [n].[Name], [n].[Url], [n].[icon] AS [Icon], [n].[SortOrder]
FROM [NavItems] AS [n]
WHERE [n].[Enabled] = CAST(1 AS bit)
ORDER BY [n].[SortOrder]
[2025-01-10 00:18:05.180 -05:00  INF]  Executing OkObjectResult, writing value of type 'StyleSphere.Models.ResponseModel'.
[2025-01-10 00:18:05.180 -05:00  INF]  Executed action StyleSphereWebAPI.Controllers.NavItemsController.GetAllNavItems (StyleSphereWebAPI) in 22.3592ms
[2025-01-10 00:18:05.180 -05:00  INF]  Executed endpoint 'StyleSphereWebAPI.Controllers.NavItemsController.GetAllNavItems (StyleSphereWebAPI)'
[2025-01-10 00:18:05.180 -05:00  INF]  Request finished HTTP/2 GET https://localhost:7106/api/NavItems/GetAllNavItems - - - 200 - application/json;+charset=utf-8 29.3643ms
[2025-01-10 00:19:16.893 -05:00  INF]  Request starting HTTP/2 GET https://localhost:7106/swagger/index.html - -
[2025-01-10 00:19:16.943 -05:00  INF]  Request finished HTTP/2 GET https://localhost:7106/swagger/index.html - - - 200 - text/html;charset=utf-8 50.7000ms
[2025-01-10 00:19:16.963 -05:00  INF]  Request starting HTTP/2 GET https://localhost:7106/_framework/aspnetcore-browser-refresh.js - -
[2025-01-10 00:19:16.963 -05:00  INF]  Request starting HTTP/2 GET https://localhost:7106/_vs/browserLink - -
[2025-01-10 00:19:16.965 -05:00  INF]  Request finished HTTP/2 GET https://localhost:7106/_framework/aspnetcore-browser-refresh.js - - - 200 13770 application/javascript;+charset=utf-8 1.7105ms
[2025-01-10 00:19:16.974 -05:00  INF]  Request finished HTTP/2 GET https://localhost:7106/_vs/browserLink - - - 200 - text/javascript;+charset=UTF-8 11.1881ms
[2025-01-10 00:19:17.214 -05:00  INF]  Request starting HTTP/2 GET https://localhost:7106/swagger/v1/swagger.json - -
[2025-01-10 00:19:17.227 -05:00  ERR]  An unhandled exception has occurred while executing the request.
Swashbuckle.AspNetCore.SwaggerGen.SwaggerGeneratorException: Ambiguous HTTP method for action - StyleSphereWebAPI.Controllers.NavItemsController.GetAllNavItems (StyleSphereWebAPI). Actions require an explicit HttpMethod binding for Swagger/OpenAPI 3.0
   at Swashbuckle.AspNetCore.SwaggerGen.SwaggerGenerator.GenerateOperations(IEnumerable`1 apiDescriptions, SchemaRepository schemaRepository)
   at Swashbuckle.AspNetCore.SwaggerGen.SwaggerGenerator.GeneratePaths(IEnumerable`1 apiDescriptions, SchemaRepository schemaRepository)
   at Swashbuckle.AspNetCore.SwaggerGen.SwaggerGenerator.GetSwaggerDocumentWithoutFilters(String documentName, String host, String basePath)
   at Swashbuckle.AspNetCore.SwaggerGen.SwaggerGenerator.GetSwaggerAsync(String documentName, String host, String basePath)
   at Swashbuckle.AspNetCore.Swagger.SwaggerMiddleware.Invoke(HttpContext httpContext, ISwaggerProvider swaggerProvider)
   at Microsoft.AspNetCore.Diagnostics.DeveloperExceptionPageMiddleware.Invoke(HttpContext context)
[2025-01-10 00:19:17.248 -05:00  INF]  Request finished HTTP/2 GET https://localhost:7106/swagger/v1/swagger.json - - - 500 - text/plain;+charset=utf-8 33.9997ms
[2025-01-10 00:19:22.164 -05:00  INF]  Request starting HTTP/2 GET https://localhost:7106/swagger/index.html - -
[2025-01-10 00:19:22.172 -05:00  INF]  Request finished HTTP/2 GET https://localhost:7106/swagger/index.html - - - 200 - text/html;charset=utf-8 8.6507ms
[2025-01-10 00:19:22.190 -05:00  INF]  Request starting HTTP/2 GET https://localhost:7106/_framework/aspnetcore-browser-refresh.js - -
[2025-01-10 00:19:22.191 -05:00  INF]  Request starting HTTP/2 GET https://localhost:7106/_vs/browserLink - -
[2025-01-10 00:19:22.192 -05:00  INF]  Request finished HTTP/2 GET https://localhost:7106/_framework/aspnetcore-browser-refresh.js - - - 200 13770 application/javascript;+charset=utf-8 1.6074ms
[2025-01-10 00:19:22.201 -05:00  INF]  Request finished HTTP/2 GET https://localhost:7106/_vs/browserLink - - - 200 - text/javascript;+charset=UTF-8 9.6403ms
[2025-01-10 00:19:22.445 -05:00  INF]  Request starting HTTP/2 GET https://localhost:7106/swagger/v1/swagger.json - -
[2025-01-10 00:19:22.446 -05:00  ERR]  An unhandled exception has occurred while executing the request.
Swashbuckle.AspNetCore.SwaggerGen.SwaggerGeneratorException: Ambiguous HTTP method for action - StyleSphereWebAPI.Controllers.NavItemsController.GetAllNavItems (StyleSphereWebAPI). Actions require an explicit HttpMethod binding for Swagger/OpenAPI 3.0
   at Swashbuckle.AspNetCore.SwaggerGen.SwaggerGenerator.GenerateOperations(IEnumerable`1 apiDescriptions, SchemaRepository schemaRepository)
   at Swashbuckle.AspNetCore.SwaggerGen.SwaggerGenerator.GeneratePaths(IEnumerable`1 apiDescriptions, SchemaRepository schemaRepository)
   at Swashbuckle.AspNetCore.SwaggerGen.SwaggerGenerator.GetSwaggerDocumentWithoutFilters(String documentName, String host, String basePath)
   at Swashbuckle.AspNetCore.SwaggerGen.SwaggerGenerator.GetSwaggerAsync(String documentName, String host, String basePath)
   at Swashbuckle.AspNetCore.Swagger.SwaggerMiddleware.Invoke(HttpContext httpContext, ISwaggerProvider swaggerProvider)
   at Microsoft.AspNetCore.Diagnostics.DeveloperExceptionPageMiddleware.Invoke(HttpContext context)
[2025-01-10 00:19:22.447 -05:00  INF]  Request finished HTTP/2 GET https://localhost:7106/swagger/v1/swagger.json - - - 500 - text/plain;+charset=utf-8 2.0992ms
[2025-01-10 00:19:36.079 -05:00  INF]  User profile is available. Using 'C:\Users\inbox\AppData\Local\ASP.NET\DataProtection-Keys' as key repository and Windows DPAPI to encrypt keys at rest.
[2025-01-10 00:19:36.367 -05:00  INF]  Now listening on: https://localhost:7106
[2025-01-10 00:19:36.367 -05:00  INF]  Now listening on: http://localhost:5081
[2025-01-10 00:19:36.371 -05:00  INF]  Application started. Press Ctrl+C to shut down.
[2025-01-10 00:19:36.371 -05:00  INF]  Hosting environment: Development
[2025-01-10 00:19:36.371 -05:00  INF]  Content root path: D:\Internship\StyleSphere\StyleSphereAPI\StyleSphereWebAPI\
[2025-01-10 00:19:37.605 -05:00  INF]  Request starting HTTP/2 GET https://localhost:7106/swagger/index.html - -
[2025-01-10 00:19:37.911 -05:00  INF]  Request finished HTTP/2 GET https://localhost:7106/swagger/index.html - - - 200 - text/html;charset=utf-8 314.6625ms
[2025-01-10 00:19:37.961 -05:00  INF]  Request starting HTTP/2 GET https://localhost:7106/_vs/browserLink - -
[2025-01-10 00:19:37.961 -05:00  INF]  Request starting HTTP/2 GET https://localhost:7106/_framework/aspnetcore-browser-refresh.js - -
[2025-01-10 00:19:37.967 -05:00  INF]  Request finished HTTP/2 GET https://localhost:7106/_framework/aspnetcore-browser-refresh.js - - - 200 13770 application/javascript;+charset=utf-8 6.4048ms
[2025-01-10 00:19:38.049 -05:00  INF]  Request finished HTTP/2 GET https://localhost:7106/_vs/browserLink - - - 200 - text/javascript;+charset=UTF-8 88.2319ms
[2025-01-10 00:19:38.085 -05:00  INF]  Request starting HTTP/2 GET https://localhost:7106/swagger/v1/swagger.json - -
[2025-01-10 00:19:38.206 -05:00  INF]  Request finished HTTP/2 GET https://localhost:7106/swagger/v1/swagger.json - - - 200 - application/json;charset=utf-8 120.4676ms
[2025-01-10 00:19:43.584 -05:00  INF]  Request starting HTTP/2 GET https://localhost:7106/api/Products/GetAllProducts - -
[2025-01-10 00:19:44.146 -05:00  INF]  Executing endpoint 'StyleSphereWebAPI.Controllers.ProductsController.GetAllProducts (StyleSphereWebAPI)'
[2025-01-10 00:19:44.208 -05:00  INF]  Route matched with {action = "GetAllProducts", controller = "Products"}. Executing controller action with signature Microsoft.AspNetCore.Mvc.IActionResult GetAllProducts() on controller StyleSphereWebAPI.Controllers.ProductsController (StyleSphereWebAPI).
[2025-01-10 00:20:27.192 -05:00  INF]  User profile is available. Using 'C:\Users\inbox\AppData\Local\ASP.NET\DataProtection-Keys' as key repository and Windows DPAPI to encrypt keys at rest.
[2025-01-10 00:20:27.561 -05:00  INF]  Now listening on: https://localhost:7106
[2025-01-10 00:20:27.561 -05:00  INF]  Now listening on: http://localhost:5081
[2025-01-10 00:20:27.564 -05:00  INF]  Application started. Press Ctrl+C to shut down.
[2025-01-10 00:20:27.564 -05:00  INF]  Hosting environment: Development
[2025-01-10 00:20:27.564 -05:00  INF]  Content root path: D:\Internship\StyleSphere\StyleSphereAPI\StyleSphereWebAPI\
[2025-01-10 00:20:28.956 -05:00  INF]  Request starting HTTP/2 GET https://localhost:7106/swagger/index.html - -
[2025-01-10 00:20:29.392 -05:00  INF]  Request finished HTTP/2 GET https://localhost:7106/swagger/index.html - - - 200 - text/html;charset=utf-8 447.0048ms
[2025-01-10 00:20:29.451 -05:00  INF]  Request starting HTTP/2 GET https://localhost:7106/_framework/aspnetcore-browser-refresh.js - -
[2025-01-10 00:20:29.451 -05:00  INF]  Request starting HTTP/2 GET https://localhost:7106/_vs/browserLink - -
[2025-01-10 00:20:29.459 -05:00  INF]  Request finished HTTP/2 GET https://localhost:7106/_framework/aspnetcore-browser-refresh.js - - - 200 13770 application/javascript;+charset=utf-8 8.0904ms
[2025-01-10 00:20:29.577 -05:00  INF]  Request finished HTTP/2 GET https://localhost:7106/_vs/browserLink - - - 200 - text/javascript;+charset=UTF-8 125.8333ms
[2025-01-10 00:20:29.631 -05:00  INF]  Request starting HTTP/2 GET https://localhost:7106/swagger/v1/swagger.json - -
[2025-01-10 00:20:29.831 -05:00  INF]  Request finished HTTP/2 GET https://localhost:7106/swagger/v1/swagger.json - - - 200 - application/json;charset=utf-8 200.1879ms
[2025-01-10 00:20:34.512 -05:00  INF]  Request starting HTTP/2 GET https://localhost:7106/api/Products/GetAllProducts - -
[2025-01-10 00:20:34.858 -05:00  INF]  Executing endpoint 'StyleSphereWebAPI.Controllers.ProductsController.GetAllProducts (StyleSphereWebAPI)'
[2025-01-10 00:20:34.873 -05:00  INF]  Route matched with {action = "GetAllProducts", controller = "Products"}. Executing controller action with signature Microsoft.AspNetCore.Mvc.IActionResult GetAllProducts() on controller StyleSphereWebAPI.Controllers.ProductsController (StyleSphereWebAPI).
[2025-01-10 00:20:39.779 -05:00  WRN]  No store type was specified for the decimal property 'SortOrder' on entity type 'AdminNavItem'. This will cause values to be silently truncated if they do not fit in the default precision and scale. Explicitly specify the SQL server column type that can accommodate all the values in 'OnModelCreating' using 'HasColumnType', specify precision and scale using 'HasPrecision', or configure a value converter using 'HasConversion'.
[2025-01-10 00:20:39.780 -05:00  WRN]  No store type was specified for the decimal property 'SortOrder' on entity type 'NavItem'. This will cause values to be silently truncated if they do not fit in the default precision and scale. Explicitly specify the SQL server column type that can accommodate all the values in 'OnModelCreating' using 'HasColumnType', specify precision and scale using 'HasPrecision', or configure a value converter using 'HasConversion'.
[2025-01-10 00:20:39.780 -05:00  WRN]  No store type was specified for the decimal property 'UnitPrice' on entity type 'Product'. This will cause values to be silently truncated if they do not fit in the default precision and scale. Explicitly specify the SQL server column type that can accommodate all the values in 'OnModelCreating' using 'HasColumnType', specify precision and scale using 'HasPrecision', or configure a value converter using 'HasConversion'.
[2025-01-10 00:20:40.102 -05:00  INF]  Entity Framework Core 6.0.36 initialized 'StyleSphereContext' using provider 'Microsoft.EntityFrameworkCore.SqlServer:6.0.36' with options: None
[2025-01-10 00:20:42.208 -05:00  INF]  Executed DbCommand (82ms) [Parameters=[], CommandType='"Text"', CommandTimeout='30']
SELECT [p].[ProductName], [p].[ProductDescription], [p].[UnitPrice], [p].[Quantity], [p].[DiscountPercentage], [p].[Title]
FROM [Products] AS [p]
WHERE ([p].[Enabled] = CAST(1 AS bit)) AND ([p].[Deleted] = CAST(0 AS bit))
[2025-01-10 00:20:51.765 -05:00  INF]  Executing OkObjectResult, writing value of type 'StyleSphere.Models.ResponseModel'.
[2025-01-10 00:20:51.806 -05:00  INF]  Executed action StyleSphereWebAPI.Controllers.ProductsController.GetAllProducts (StyleSphereWebAPI) in 16896.5105ms
[2025-01-10 00:20:51.808 -05:00  INF]  Executed endpoint 'StyleSphereWebAPI.Controllers.ProductsController.GetAllProducts (StyleSphereWebAPI)'
[2025-01-10 00:20:51.824 -05:00  INF]  Request finished HTTP/2 GET https://localhost:7106/api/Products/GetAllProducts - - - 200 - application/json;+charset=utf-8 17312.1843ms
[2025-01-10 00:21:06.237 -05:00  INF]  Request starting HTTP/2 GET https://localhost:7106/swagger/index.html - -
[2025-01-10 00:21:06.262 -05:00  INF]  Request finished HTTP/2 GET https://localhost:7106/swagger/index.html - - - 200 - text/html;charset=utf-8 25.8208ms
[2025-01-10 00:21:06.302 -05:00  INF]  Request starting HTTP/2 GET https://localhost:7106/_framework/aspnetcore-browser-refresh.js - -
[2025-01-10 00:21:06.303 -05:00  INF]  Request starting HTTP/2 GET https://localhost:7106/_vs/browserLink - -
[2025-01-10 00:21:06.303 -05:00  INF]  Request finished HTTP/2 GET https://localhost:7106/_framework/aspnetcore-browser-refresh.js - - - 200 13770 application/javascript;+charset=utf-8 1.5198ms
[2025-01-10 00:21:06.348 -05:00  INF]  Request finished HTTP/2 GET https://localhost:7106/_vs/browserLink - - - 200 - text/javascript;+charset=UTF-8 44.9643ms
[2025-01-10 00:21:06.457 -05:00  INF]  Request starting HTTP/2 GET https://localhost:7106/swagger/v1/swagger.json - -
[2025-01-10 00:21:06.462 -05:00  INF]  Request finished HTTP/2 GET https://localhost:7106/swagger/v1/swagger.json - - - 200 - application/json;charset=utf-8 5.4609ms
[2025-01-10 00:21:17.534 -05:00  INF]  Request starting HTTP/2 GET https://localhost:7106/swagger/index.html - -
[2025-01-10 00:21:17.562 -05:00  INF]  Request finished HTTP/2 GET https://localhost:7106/swagger/index.html - - - 200 - text/html;charset=utf-8 28.7872ms
[2025-01-10 00:21:17.584 -05:00  INF]  Request starting HTTP/2 GET https://localhost:7106/_framework/aspnetcore-browser-refresh.js - -
[2025-01-10 00:21:17.584 -05:00  INF]  Request starting HTTP/2 GET https://localhost:7106/_vs/browserLink - -
[2025-01-10 00:21:17.584 -05:00  INF]  Request finished HTTP/2 GET https://localhost:7106/_framework/aspnetcore-browser-refresh.js - - - 200 13770 application/javascript;+charset=utf-8 0.5358ms
[2025-01-10 00:21:17.591 -05:00  INF]  Request finished HTTP/2 GET https://localhost:7106/_vs/browserLink - - - 200 - text/javascript;+charset=UTF-8 7.0185ms
[2025-01-10 00:21:17.711 -05:00  INF]  Request starting HTTP/2 GET https://localhost:7106/swagger/v1/swagger.json - -
[2025-01-10 00:21:17.716 -05:00  INF]  Request finished HTTP/2 GET https://localhost:7106/swagger/v1/swagger.json - - - 200 - application/json;charset=utf-8 5.6903ms
[2025-01-10 00:21:36.820 -05:00  INF]  Request starting HTTP/2 OPTIONS https://localhost:7106/api/User/VerifyUser?username=Ma@j.com&password=Max123 - -
[2025-01-10 00:21:36.840 -05:00  INF]  CORS policy execution successful.
[2025-01-10 00:21:36.848 -05:00  INF]  Request finished HTTP/2 OPTIONS https://localhost:7106/api/User/VerifyUser?username=Ma@j.com&password=Max123 - - - 204 - - 28.1703ms
[2025-01-10 00:21:36.854 -05:00  INF]  Request starting HTTP/2 GET https://localhost:7106/api/User/VerifyUser?username=Ma@j.com&password=Max123 - -
[2025-01-10 00:21:36.858 -05:00  INF]  CORS policy execution successful.
[2025-01-10 00:21:37.442 -05:00  INF]  Failed to validate the token.
Microsoft.IdentityModel.Tokens.SecurityTokenExpiredException: IDX10223: Lifetime validation failed. The token is expired. ValidTo (UTC): '10-01-2025 05:17:32', Current time (UTC): '10-01-2025 05:21:37'.
   at Microsoft.IdentityModel.Tokens.Validators.ValidateLifetime(Nullable`1 notBefore, Nullable`1 expires, SecurityToken securityToken, TokenValidationParameters validationParameters)
   at System.IdentityModel.Tokens.Jwt.JwtSecurityTokenHandler.ValidateTokenPayload(JwtSecurityToken jwtToken, TokenValidationParameters validationParameters, BaseConfiguration configuration)
   at System.IdentityModel.Tokens.Jwt.JwtSecurityTokenHandler.ValidateJWS(String token, TokenValidationParameters validationParameters, BaseConfiguration currentConfiguration, SecurityToken& signatureValidatedToken, ExceptionDispatchInfo& exceptionThrown)
--- End of stack trace from previous location ---
   at System.IdentityModel.Tokens.Jwt.JwtSecurityTokenHandler.ValidateToken(String token, JwtSecurityToken outerToken, TokenValidationParameters validationParameters, SecurityToken& signatureValidatedToken)
   at System.IdentityModel.Tokens.Jwt.JwtSecurityTokenHandler.ValidateToken(String token, TokenValidationParameters validationParameters, SecurityToken& validatedToken)
   at Microsoft.AspNetCore.Authentication.JwtBearer.JwtBearerHandler.HandleAuthenticateAsync()
[2025-01-10 00:21:37.494 -05:00  INF]  Bearer was not authenticated. Failure message: IDX10223: Lifetime validation failed. The token is expired. ValidTo (UTC): '10-01-2025 05:17:32', Current time (UTC): '10-01-2025 05:21:37'.
[2025-01-10 00:21:37.494 -05:00  INF]  Executing endpoint 'StyleSphereWebAPI.Controllers.UserController.VerifyUser (StyleSphereWebAPI)'
[2025-01-10 00:21:37.537 -05:00  INF]  Route matched with {action = "VerifyUser", controller = "User"}. Executing controller action with signature Microsoft.AspNetCore.Mvc.IActionResult VerifyUser(System.String, System.String) on controller StyleSphereWebAPI.Controllers.UserController (StyleSphereWebAPI).
[2025-01-10 00:21:37.569 -05:00  INF]  Entity Framework Core 6.0.36 initialized 'StyleSphereContext' using provider 'Microsoft.EntityFrameworkCore.SqlServer:6.0.36' with options: None
[2025-01-10 00:21:37.739 -05:00  INF]  Executed DbCommand (72ms) [Parameters=[@__username_0='?' (Size = 4000), @__password_1='?' (Size = 4000)], CommandType='"Text"', CommandTimeout='30']
SELECT TOP(1) [u].[Id], [u].[CreatedDate], [u].[Deleted], [u].[Email], [u].[Enabled], [u].[FirstName], [u].[LastName], [u].[ModifiedBy], [u].[ModifiedDate], [u].[Password], [u].[PasswordExpiryDate]
FROM [Users] AS [u]
WHERE ((([u].[Enabled] = CAST(1 AS bit)) AND ([u].[Deleted] = CAST(0 AS bit))) AND ([u].[Email] = @__username_0)) AND ([u].[Password] = @__password_1)
[2025-01-10 00:21:38.016 -05:00  INF]  Executing OkObjectResult, writing value of type 'StyleSphere.Models.ResponseModel'.
[2025-01-10 00:21:38.019 -05:00  INF]  Executed action StyleSphereWebAPI.Controllers.UserController.VerifyUser (StyleSphereWebAPI) in 481.4856ms
[2025-01-10 00:21:38.019 -05:00  INF]  Executed endpoint 'StyleSphereWebAPI.Controllers.UserController.VerifyUser (StyleSphereWebAPI)'
[2025-01-10 00:21:38.019 -05:00  INF]  Request finished HTTP/2 GET https://localhost:7106/api/User/VerifyUser?username=Ma@j.com&password=Max123 - - - 200 - application/json;+charset=utf-8 1165.2245ms
[2025-01-10 00:21:38.036 -05:00  INF]  Request starting HTTP/2 OPTIONS https://localhost:7106/api/NavItems/GetAdminNavItems - -
[2025-01-10 00:21:38.036 -05:00  INF]  CORS policy execution successful.
[2025-01-10 00:21:38.037 -05:00  INF]  Request finished HTTP/2 OPTIONS https://localhost:7106/api/NavItems/GetAdminNavItems - - - 204 - - 0.9126ms
[2025-01-10 00:21:38.040 -05:00  INF]  Request starting HTTP/2 GET https://localhost:7106/api/NavItems/GetAdminNavItems - -
[2025-01-10 00:21:38.042 -05:00  INF]  CORS policy execution successful.
[2025-01-10 00:21:38.105 -05:00  INF]  Executing endpoint 'StyleSphereWebAPI.Controllers.NavItemsController.GetAdminNavItems (StyleSphereWebAPI)'
[2025-01-10 00:21:38.107 -05:00  INF]  Route matched with {action = "GetAdminNavItems", controller = "NavItems"}. Executing controller action with signature Microsoft.AspNetCore.Mvc.IActionResult GetAdminNavItems() on controller StyleSphereWebAPI.Controllers.NavItemsController (StyleSphereWebAPI).
[2025-01-10 00:21:38.180 -05:00  INF]  Entity Framework Core 6.0.36 initialized 'StyleSphereContext' using provider 'Microsoft.EntityFrameworkCore.SqlServer:6.0.36' with options: None
[2025-01-10 00:21:38.181 -05:00  INF]  Executing OkObjectResult, writing value of type 'StyleSphere.Models.ResponseModel'.
[2025-01-10 00:21:38.290 -05:00  INF]  Executed DbCommand (41ms) [Parameters=[], CommandType='"Text"', CommandTimeout='30']
SELECT [a].[Id], [a].[Name], [a].[Url], [a].[Icon], [a].[SortOrder]
FROM [AdminNavItems] AS [a]
WHERE [a].[Enabled] = CAST(1 AS bit)
ORDER BY [a].[SortOrder]
[2025-01-10 00:21:38.359 -05:00  INF]  Executed action StyleSphereWebAPI.Controllers.NavItemsController.GetAdminNavItems (StyleSphereWebAPI) in 251.869ms
[2025-01-10 00:21:38.360 -05:00  INF]  Executed endpoint 'StyleSphereWebAPI.Controllers.NavItemsController.GetAdminNavItems (StyleSphereWebAPI)'
[2025-01-10 00:21:38.369 -05:00  INF]  Request finished HTTP/2 GET https://localhost:7106/api/NavItems/GetAdminNavItems - - - 200 - application/json;+charset=utf-8 329.5132ms
[2025-01-10 00:21:44.940 -05:00  INF]  Request starting HTTP/2 OPTIONS https://localhost:7106/api/Products/GetAllProducts - -
[2025-01-10 00:21:44.940 -05:00  INF]  CORS policy execution successful.
[2025-01-10 00:21:44.940 -05:00  INF]  Request finished HTTP/2 OPTIONS https://localhost:7106/api/Products/GetAllProducts - - - 204 - - 0.5218ms
[2025-01-10 00:21:44.944 -05:00  INF]  Request starting HTTP/2 OPTIONS https://localhost:7106/api/NavItems/GetAdminNavItems - -
[2025-01-10 00:21:44.944 -05:00  INF]  Request starting HTTP/2 GET https://localhost:7106/api/Products/GetAllProducts - -
[2025-01-10 00:21:44.944 -05:00  INF]  CORS policy execution successful.
[2025-01-10 00:21:44.944 -05:00  INF]  CORS policy execution successful.
[2025-01-10 00:21:44.945 -05:00  INF]  Request finished HTTP/2 OPTIONS https://localhost:7106/api/NavItems/GetAdminNavItems - - - 204 - - 1.0563ms
[2025-01-10 00:21:44.948 -05:00  INF]  Request starting HTTP/2 GET https://localhost:7106/api/NavItems/GetAdminNavItems - -
[2025-01-10 00:21:44.948 -05:00  INF]  CORS policy execution successful.
[2025-01-10 00:21:44.949 -05:00  INF]  Executing endpoint 'StyleSphereWebAPI.Controllers.NavItemsController.GetAdminNavItems (StyleSphereWebAPI)'
[2025-01-10 00:21:44.949 -05:00  INF]  Route matched with {action = "GetAdminNavItems", controller = "NavItems"}. Executing controller action with signature Microsoft.AspNetCore.Mvc.IActionResult GetAdminNavItems() on controller StyleSphereWebAPI.Controllers.NavItemsController (StyleSphereWebAPI).
[2025-01-10 00:21:44.951 -05:00  INF]  Entity Framework Core 6.0.36 initialized 'StyleSphereContext' using provider 'Microsoft.EntityFrameworkCore.SqlServer:6.0.36' with options: None
[2025-01-10 00:21:44.952 -05:00  INF]  Executing OkObjectResult, writing value of type 'StyleSphere.Models.ResponseModel'.
[2025-01-10 00:21:44.960 -05:00  INF]  Executing endpoint 'StyleSphereWebAPI.Controllers.ProductsController.GetAllProducts (StyleSphereWebAPI)'
[2025-01-10 00:21:44.962 -05:00  INF]  Route matched with {action = "GetAllProducts", controller = "Products"}. Executing controller action with signature Microsoft.AspNetCore.Mvc.IActionResult GetAllProducts() on controller StyleSphereWebAPI.Controllers.ProductsController (StyleSphereWebAPI).
[2025-01-10 00:21:47.326 -05:00  INF]  Executed DbCommand (2,363ms) [Parameters=[], CommandType='"Text"', CommandTimeout='30']
SELECT [a].[Id], [a].[Name], [a].[Url], [a].[Icon], [a].[SortOrder]
FROM [AdminNavItems] AS [a]
WHERE [a].[Enabled] = CAST(1 AS bit)
ORDER BY [a].[SortOrder]
[2025-01-10 00:21:47.328 -05:00  INF]  Executed action StyleSphereWebAPI.Controllers.NavItemsController.GetAdminNavItems (StyleSphereWebAPI) in 2379.01ms
[2025-01-10 00:21:47.328 -05:00  INF]  Executed endpoint 'StyleSphereWebAPI.Controllers.NavItemsController.GetAdminNavItems (StyleSphereWebAPI)'
[2025-01-10 00:21:47.738 -05:00  INF]  Request finished HTTP/2 GET https://localhost:7106/api/NavItems/GetAdminNavItems - - - 200 - application/json;+charset=utf-8 2790.3067ms
[2025-01-10 00:21:48.414 -05:00  INF]  Entity Framework Core 6.0.36 initialized 'StyleSphereContext' using provider 'Microsoft.EntityFrameworkCore.SqlServer:6.0.36' with options: None
[2025-01-10 00:21:48.435 -05:00  INF]  Executed DbCommand (9ms) [Parameters=[], CommandType='"Text"', CommandTimeout='30']
SELECT [p].[ProductName], [p].[ProductDescription], [p].[UnitPrice], [p].[Quantity], [p].[DiscountPercentage], [p].[Title]
FROM [Products] AS [p]
WHERE ([p].[Enabled] = CAST(1 AS bit)) AND ([p].[Deleted] = CAST(0 AS bit))
[2025-01-10 00:21:56.329 -05:00  INF]  Executing OkObjectResult, writing value of type 'StyleSphere.Models.ResponseModel'.
[2025-01-10 00:21:56.329 -05:00  INF]  Executed action StyleSphereWebAPI.Controllers.ProductsController.GetAllProducts (StyleSphereWebAPI) in 11367.185ms
[2025-01-10 00:21:56.329 -05:00  INF]  Executed endpoint 'StyleSphereWebAPI.Controllers.ProductsController.GetAllProducts (StyleSphereWebAPI)'
[2025-01-10 00:21:56.330 -05:00  INF]  Request finished HTTP/2 GET https://localhost:7106/api/Products/GetAllProducts - - - 200 - application/json;+charset=utf-8 11385.6688ms
[2025-01-10 00:23:21.409 -05:00  INF]  Request starting HTTP/2 OPTIONS https://localhost:7106/api/Products/GetAllProducts - -
[2025-01-10 00:23:21.409 -05:00  INF]  CORS policy execution successful.
[2025-01-10 00:23:21.409 -05:00  INF]  Request finished HTTP/2 OPTIONS https://localhost:7106/api/Products/GetAllProducts - - - 204 - - 0.7643ms
[2025-01-10 00:23:21.417 -05:00  INF]  Request starting HTTP/2 GET https://localhost:7106/api/Products/GetAllProducts - -
[2025-01-10 00:23:21.418 -05:00  INF]  CORS policy execution successful.
[2025-01-10 00:23:21.419 -05:00  INF]  Failed to validate the token.
Microsoft.IdentityModel.Tokens.SecurityTokenExpiredException: IDX10223: Lifetime validation failed. The token is expired. ValidTo (UTC): '10-01-2025 05:22:37', Current time (UTC): '10-01-2025 05:23:21'.
   at Microsoft.IdentityModel.Tokens.Validators.ValidateLifetime(Nullable`1 notBefore, Nullable`1 expires, SecurityToken securityToken, TokenValidationParameters validationParameters)
   at System.IdentityModel.Tokens.Jwt.JwtSecurityTokenHandler.ValidateTokenPayload(JwtSecurityToken jwtToken, TokenValidationParameters validationParameters, BaseConfiguration configuration)
   at System.IdentityModel.Tokens.Jwt.JwtSecurityTokenHandler.ValidateJWS(String token, TokenValidationParameters validationParameters, BaseConfiguration currentConfiguration, SecurityToken& signatureValidatedToken, ExceptionDispatchInfo& exceptionThrown)
--- End of stack trace from previous location ---
   at System.IdentityModel.Tokens.Jwt.JwtSecurityTokenHandler.ValidateToken(String token, JwtSecurityToken outerToken, TokenValidationParameters validationParameters, SecurityToken& signatureValidatedToken)
   at System.IdentityModel.Tokens.Jwt.JwtSecurityTokenHandler.ValidateToken(String token, TokenValidationParameters validationParameters, SecurityToken& validatedToken)
   at Microsoft.AspNetCore.Authentication.JwtBearer.JwtBearerHandler.HandleAuthenticateAsync()
[2025-01-10 00:23:21.419 -05:00  INF]  Bearer was not authenticated. Failure message: IDX10223: Lifetime validation failed. The token is expired. ValidTo (UTC): '10-01-2025 05:22:37', Current time (UTC): '10-01-2025 05:23:21'.
[2025-01-10 00:23:21.422 -05:00  INF]  Authorization failed. These requirements were not met:
DenyAnonymousAuthorizationRequirement: Requires an authenticated user.
[2025-01-10 00:23:21.445 -05:00  INF]  Request starting HTTP/2 OPTIONS https://localhost:7106/api/NavItems/GetAdminNavItems - -
[2025-01-10 00:23:21.446 -05:00  INF]  CORS policy execution successful.
[2025-01-10 00:23:21.446 -05:00  INF]  Request finished HTTP/2 OPTIONS https://localhost:7106/api/NavItems/GetAdminNavItems - - - 204 - - 0.6882ms
[2025-01-10 00:23:21.451 -05:00  INF]  Request starting HTTP/2 GET https://localhost:7106/api/NavItems/GetAdminNavItems - -
[2025-01-10 00:23:21.452 -05:00  INF]  CORS policy execution successful.
[2025-01-10 00:23:21.454 -05:00  INF]  Failed to validate the token.
Microsoft.IdentityModel.Tokens.SecurityTokenExpiredException: IDX10223: Lifetime validation failed. The token is expired. ValidTo (UTC): '10-01-2025 05:22:37', Current time (UTC): '10-01-2025 05:23:21'.
   at Microsoft.IdentityModel.Tokens.Validators.ValidateLifetime(Nullable`1 notBefore, Nullable`1 expires, SecurityToken securityToken, TokenValidationParameters validationParameters)
   at System.IdentityModel.Tokens.Jwt.JwtSecurityTokenHandler.ValidateTokenPayload(JwtSecurityToken jwtToken, TokenValidationParameters validationParameters, BaseConfiguration configuration)
   at System.IdentityModel.Tokens.Jwt.JwtSecurityTokenHandler.ValidateJWS(String token, TokenValidationParameters validationParameters, BaseConfiguration currentConfiguration, SecurityToken& signatureValidatedToken, ExceptionDispatchInfo& exceptionThrown)
--- End of stack trace from previous location ---
   at System.IdentityModel.Tokens.Jwt.JwtSecurityTokenHandler.ValidateToken(String token, JwtSecurityToken outerToken, TokenValidationParameters validationParameters, SecurityToken& signatureValidatedToken)
   at System.IdentityModel.Tokens.Jwt.JwtSecurityTokenHandler.ValidateToken(String token, TokenValidationParameters validationParameters, SecurityToken& validatedToken)
   at Microsoft.AspNetCore.Authentication.JwtBearer.JwtBearerHandler.HandleAuthenticateAsync()
[2025-01-10 00:23:21.454 -05:00  INF]  Bearer was not authenticated. Failure message: IDX10223: Lifetime validation failed. The token is expired. ValidTo (UTC): '10-01-2025 05:22:37', Current time (UTC): '10-01-2025 05:23:21'.
[2025-01-10 00:23:21.454 -05:00  INF]  Executing endpoint 'StyleSphereWebAPI.Controllers.NavItemsController.GetAdminNavItems (StyleSphereWebAPI)'
[2025-01-10 00:23:21.454 -05:00  INF]  Route matched with {action = "GetAdminNavItems", controller = "NavItems"}. Executing controller action with signature Microsoft.AspNetCore.Mvc.IActionResult GetAdminNavItems() on controller StyleSphereWebAPI.Controllers.NavItemsController (StyleSphereWebAPI).
[2025-01-10 00:23:21.455 -05:00  INF]  AuthenticationScheme: Bearer was challenged.
[2025-01-10 00:23:21.455 -05:00  INF]  Request finished HTTP/2 GET https://localhost:7106/api/Products/GetAllProducts - - - 401 0 - 38.1627ms
[2025-01-10 00:23:21.461 -05:00  INF]  Entity Framework Core 6.0.36 initialized 'StyleSphereContext' using provider 'Microsoft.EntityFrameworkCore.SqlServer:6.0.36' with options: None
[2025-01-10 00:23:21.461 -05:00  INF]  Executing OkObjectResult, writing value of type 'StyleSphere.Models.ResponseModel'.
[2025-01-10 00:23:21.471 -05:00  INF]  Executed DbCommand (9ms) [Parameters=[], CommandType='"Text"', CommandTimeout='30']
SELECT [a].[Id], [a].[Name], [a].[Url], [a].[Icon], [a].[SortOrder]
FROM [AdminNavItems] AS [a]
WHERE [a].[Enabled] = CAST(1 AS bit)
ORDER BY [a].[SortOrder]
[2025-01-10 00:23:21.472 -05:00  INF]  Executed action StyleSphereWebAPI.Controllers.NavItemsController.GetAdminNavItems (StyleSphereWebAPI) in 17.4591ms
[2025-01-10 00:23:21.472 -05:00  INF]  Executed endpoint 'StyleSphereWebAPI.Controllers.NavItemsController.GetAdminNavItems (StyleSphereWebAPI)'
[2025-01-10 00:23:21.472 -05:00  INF]  Request finished HTTP/2 GET https://localhost:7106/api/NavItems/GetAdminNavItems - - - 200 - application/json;+charset=utf-8 21.1384ms
[2025-01-10 00:23:21.520 -05:00  INF]  Request starting HTTP/2 OPTIONS https://localhost:7106/api/NavItems/GetAllNavItems - -
[2025-01-10 00:23:21.521 -05:00  INF]  CORS policy execution successful.
[2025-01-10 00:23:21.521 -05:00  INF]  Request finished HTTP/2 OPTIONS https://localhost:7106/api/NavItems/GetAllNavItems - - - 204 - - 1.1888ms
[2025-01-10 00:23:21.525 -05:00  INF]  Request starting HTTP/2 GET https://localhost:7106/api/NavItems/GetAllNavItems - -
[2025-01-10 00:23:21.525 -05:00  INF]  CORS policy execution successful.
[2025-01-10 00:23:21.526 -05:00  INF]  Failed to validate the token.
Microsoft.IdentityModel.Tokens.SecurityTokenExpiredException: IDX10223: Lifetime validation failed. The token is expired. ValidTo (UTC): '10-01-2025 05:22:37', Current time (UTC): '10-01-2025 05:23:21'.
   at Microsoft.IdentityModel.Tokens.Validators.ValidateLifetime(Nullable`1 notBefore, Nullable`1 expires, SecurityToken securityToken, TokenValidationParameters validationParameters)
   at System.IdentityModel.Tokens.Jwt.JwtSecurityTokenHandler.ValidateTokenPayload(JwtSecurityToken jwtToken, TokenValidationParameters validationParameters, BaseConfiguration configuration)
   at System.IdentityModel.Tokens.Jwt.JwtSecurityTokenHandler.ValidateJWS(String token, TokenValidationParameters validationParameters, BaseConfiguration currentConfiguration, SecurityToken& signatureValidatedToken, ExceptionDispatchInfo& exceptionThrown)
--- End of stack trace from previous location ---
   at System.IdentityModel.Tokens.Jwt.JwtSecurityTokenHandler.ValidateToken(String token, JwtSecurityToken outerToken, TokenValidationParameters validationParameters, SecurityToken& signatureValidatedToken)
   at System.IdentityModel.Tokens.Jwt.JwtSecurityTokenHandler.ValidateToken(String token, TokenValidationParameters validationParameters, SecurityToken& validatedToken)
   at Microsoft.AspNetCore.Authentication.JwtBearer.JwtBearerHandler.HandleAuthenticateAsync()
[2025-01-10 00:23:21.527 -05:00  INF]  Bearer was not authenticated. Failure message: IDX10223: Lifetime validation failed. The token is expired. ValidTo (UTC): '10-01-2025 05:22:37', Current time (UTC): '10-01-2025 05:23:21'.
[2025-01-10 00:23:21.527 -05:00  INF]  Executing endpoint 'StyleSphereWebAPI.Controllers.NavItemsController.GetAllNavItems (StyleSphereWebAPI)'
[2025-01-10 00:23:21.529 -05:00  INF]  Route matched with {action = "GetAllNavItems", controller = "NavItems"}. Executing controller action with signature Microsoft.AspNetCore.Mvc.IActionResult GetAllNavItems() on controller StyleSphereWebAPI.Controllers.NavItemsController (StyleSphereWebAPI).
[2025-01-10 00:23:21.536 -05:00  INF]  Entity Framework Core 6.0.36 initialized 'StyleSphereContext' using provider 'Microsoft.EntityFrameworkCore.SqlServer:6.0.36' with options: None
[2025-01-10 00:23:21.554 -05:00  INF]  Executed DbCommand (5ms) [Parameters=[], CommandType='"Text"', CommandTimeout='30']
SELECT [n].[Id], [n].[Name], [n].[Url], [n].[icon] AS [Icon], [n].[SortOrder]
FROM [NavItems] AS [n]
WHERE [n].[Enabled] = CAST(1 AS bit)
ORDER BY [n].[SortOrder]
[2025-01-10 00:23:21.555 -05:00  INF]  Executing OkObjectResult, writing value of type 'StyleSphere.Models.ResponseModel'.
[2025-01-10 00:23:21.556 -05:00  INF]  Executed action StyleSphereWebAPI.Controllers.NavItemsController.GetAllNavItems (StyleSphereWebAPI) in 27.2287ms
[2025-01-10 00:23:21.556 -05:00  INF]  Executed endpoint 'StyleSphereWebAPI.Controllers.NavItemsController.GetAllNavItems (StyleSphereWebAPI)'
[2025-01-10 00:23:21.556 -05:00  INF]  Request finished HTTP/2 GET https://localhost:7106/api/NavItems/GetAllNavItems - - - 200 - application/json;+charset=utf-8 31.8555ms
